[2021-02-17 03:23:39,283] {taskinstance.py:851} INFO - Dependencies all met for <TaskInstance: tutorial_etl_dag.extract 2021-02-17T03:23:09.230964+00:00 [queued]>
[2021-02-17 03:23:39,338] {taskinstance.py:851} INFO - Dependencies all met for <TaskInstance: tutorial_etl_dag.extract 2021-02-17T03:23:09.230964+00:00 [queued]>
[2021-02-17 03:23:39,338] {taskinstance.py:1042} INFO - 
--------------------------------------------------------------------------------
[2021-02-17 03:23:39,338] {taskinstance.py:1043} INFO - Starting attempt 1 of 1
[2021-02-17 03:23:39,338] {taskinstance.py:1044} INFO - 
--------------------------------------------------------------------------------
[2021-02-17 03:23:39,371] {taskinstance.py:1063} INFO - Executing <Task(PythonOperator): extract> on 2021-02-17T03:23:09.230964+00:00
[2021-02-17 03:23:39,378] {standard_task_runner.py:52} INFO - Started process 206 to run task
[2021-02-17 03:23:39,384] {standard_task_runner.py:76} INFO - Running: ['airflow', 'tasks', 'run', 'tutorial_etl_dag', 'extract', '2021-02-17T03:23:09.230964+00:00', '--job-id', '69', '--pool', 'default_pool', '--raw', '--subdir', 'DAGS_FOLDER/tutorial_etl_dag.py', '--cfg-path', '/tmp/tmp9kikpxds', '--error-file', '/tmp/tmpoopwtmg6']
[2021-02-17 03:23:39,397] {standard_task_runner.py:77} INFO - Job 69: Subtask extract
[2021-02-17 03:23:39,513] {logging_mixin.py:104} INFO - Running <TaskInstance: tutorial_etl_dag.extract 2021-02-17T03:23:09.230964+00:00 [running]> on host 63b50af6ef7d
[2021-02-17 03:23:39,733] {taskinstance.py:1257} INFO - Exporting the following env vars:
AIRFLOW_CTX_DAG_OWNER=airflow
AIRFLOW_CTX_DAG_ID=tutorial_etl_dag
AIRFLOW_CTX_TASK_ID=extract
AIRFLOW_CTX_EXECUTION_DATE=2021-02-17T03:23:09.230964+00:00
AIRFLOW_CTX_DAG_RUN_ID=manual__2021-02-17T03:23:09.230964+00:00
[2021-02-17 03:23:39,796] {python.py:118} INFO - Done. Returned value was: None
[2021-02-17 03:23:39,826] {taskinstance.py:1166} INFO - Marking task as SUCCESS. dag_id=tutorial_etl_dag, task_id=extract, execution_date=20210217T032309, start_date=20210217T032339, end_date=20210217T032339
[2021-02-17 03:23:39,941] {taskinstance.py:1220} INFO - 1 downstream tasks scheduled from follow-on schedule check
[2021-02-17 03:23:39,979] {local_task_job.py:146} INFO - Task exited with return code 0
