[2021-02-17 03:42:37,407] {taskinstance.py:851} INFO - Dependencies all met for <TaskInstance: example_branch_operator.branching 2021-02-16T00:00:00+00:00 [queued]>
[2021-02-17 03:42:37,590] {taskinstance.py:851} INFO - Dependencies all met for <TaskInstance: example_branch_operator.branching 2021-02-16T00:00:00+00:00 [queued]>
[2021-02-17 03:42:37,590] {taskinstance.py:1042} INFO - 
--------------------------------------------------------------------------------
[2021-02-17 03:42:37,591] {taskinstance.py:1043} INFO - Starting attempt 1 of 1
[2021-02-17 03:42:37,591] {taskinstance.py:1044} INFO - 
--------------------------------------------------------------------------------
[2021-02-17 03:42:37,657] {taskinstance.py:1063} INFO - Executing <Task(BranchPythonOperator): branching> on 2021-02-16T00:00:00+00:00
[2021-02-17 03:42:37,665] {standard_task_runner.py:52} INFO - Started process 357 to run task
[2021-02-17 03:42:37,688] {standard_task_runner.py:76} INFO - Running: ['airflow', 'tasks', 'run', 'example_branch_operator', 'branching', '2021-02-16T00:00:00+00:00', '--job-id', '73', '--pool', 'default_pool', '--raw', '--subdir', 'DAGS_FOLDER/example_branch_operator.py', '--cfg-path', '/tmp/tmp8l91yutb', '--error-file', '/tmp/tmpppvtm38h']
[2021-02-17 03:42:37,693] {standard_task_runner.py:77} INFO - Job 73: Subtask branching
[2021-02-17 03:42:37,920] {logging_mixin.py:104} INFO - Running <TaskInstance: example_branch_operator.branching 2021-02-16T00:00:00+00:00 [running]> on host 63b50af6ef7d
[2021-02-17 03:42:38,353] {taskinstance.py:1257} INFO - Exporting the following env vars:
AIRFLOW_CTX_DAG_OWNER=airflow
AIRFLOW_CTX_DAG_ID=example_branch_operator
AIRFLOW_CTX_TASK_ID=branching
AIRFLOW_CTX_EXECUTION_DATE=2021-02-16T00:00:00+00:00
AIRFLOW_CTX_DAG_RUN_ID=scheduled__2021-02-16T00:00:00+00:00
[2021-02-17 03:42:38,382] {python.py:118} INFO - Done. Returned value was: branch_d
[2021-02-17 03:42:38,382] {skipmixin.py:124} INFO - Following branch branch_d
[2021-02-17 03:42:38,412] {skipmixin.py:155} INFO - Skipping tasks ['branch_a', 'branch_c', 'branch_b']
[2021-02-17 03:42:38,624] {taskinstance.py:1166} INFO - Marking task as SUCCESS. dag_id=example_branch_operator, task_id=branching, execution_date=20210216T000000, start_date=20210217T034237, end_date=20210217T034238
[2021-02-17 03:42:38,749] {taskinstance.py:1220} INFO - 1 downstream tasks scheduled from follow-on schedule check
[2021-02-17 03:42:38,761] {local_task_job.py:146} INFO - Task exited with return code 0
