[2021-02-19 07:39:38,930] {taskinstance.py:851} INFO - Dependencies all met for <TaskInstance: tutorial.templated 2021-02-17T00:00:00+00:00 [queued]>
[2021-02-19 07:39:39,052] {taskinstance.py:851} INFO - Dependencies all met for <TaskInstance: tutorial.templated 2021-02-17T00:00:00+00:00 [queued]>
[2021-02-19 07:39:39,053] {taskinstance.py:1042} INFO - 
--------------------------------------------------------------------------------
[2021-02-19 07:39:39,053] {taskinstance.py:1043} INFO - Starting attempt 1 of 2
[2021-02-19 07:39:39,053] {taskinstance.py:1044} INFO - 
--------------------------------------------------------------------------------
[2021-02-19 07:39:39,147] {taskinstance.py:1063} INFO - Executing <Task(BashOperator): templated> on 2021-02-17T00:00:00+00:00
[2021-02-19 07:39:39,156] {standard_task_runner.py:52} INFO - Started process 175 to run task
[2021-02-19 07:39:39,200] {standard_task_runner.py:76} INFO - Running: ['airflow', 'tasks', 'run', 'tutorial', 'templated', '2021-02-17T00:00:00+00:00', '--job-id', '104', '--pool', 'default_pool', '--raw', '--subdir', 'DAGS_FOLDER/bash_operator.py', '--cfg-path', '/tmp/tmpk9bt8jun', '--error-file', '/tmp/tmpgafa3hie']
[2021-02-19 07:39:39,218] {standard_task_runner.py:77} INFO - Job 104: Subtask templated
[2021-02-19 07:39:39,523] {logging_mixin.py:104} INFO - Running <TaskInstance: tutorial.templated 2021-02-17T00:00:00+00:00 [running]> on host 63b50af6ef7d
[2021-02-19 07:39:39,863] {taskinstance.py:1257} INFO - Exporting the following env vars:
AIRFLOW_CTX_DAG_EMAIL=airflow@example.com
AIRFLOW_CTX_DAG_OWNER=airflow
AIRFLOW_CTX_DAG_ID=tutorial
AIRFLOW_CTX_TASK_ID=templated
AIRFLOW_CTX_EXECUTION_DATE=2021-02-17T00:00:00+00:00
AIRFLOW_CTX_DAG_RUN_ID=scheduled__2021-02-17T00:00:00+00:00
[2021-02-19 07:39:39,864] {bash.py:135} INFO - Tmp dir root location: 
 /tmp
[2021-02-19 07:39:39,865] {bash.py:158} INFO - Running command: 

    echo "2021-02-17"
    echo "2021-02-24"
    echo "Parameter I passed in"

    echo "2021-02-17"
    echo "2021-02-24"
    echo "Parameter I passed in"

    echo "2021-02-17"
    echo "2021-02-24"
    echo "Parameter I passed in"

    echo "2021-02-17"
    echo "2021-02-24"
    echo "Parameter I passed in"

    echo "2021-02-17"
    echo "2021-02-24"
    echo "Parameter I passed in"

[2021-02-19 07:39:39,901] {bash.py:169} INFO - Output:
[2021-02-19 07:39:39,909] {bash.py:173} INFO - 2021-02-17
[2021-02-19 07:39:39,909] {bash.py:173} INFO - 2021-02-24
[2021-02-19 07:39:39,909] {bash.py:173} INFO - Parameter I passed in
[2021-02-19 07:39:39,910] {bash.py:173} INFO - 2021-02-17
[2021-02-19 07:39:39,910] {bash.py:173} INFO - 2021-02-24
[2021-02-19 07:39:39,910] {bash.py:173} INFO - Parameter I passed in
[2021-02-19 07:39:39,910] {bash.py:173} INFO - 2021-02-17
[2021-02-19 07:39:39,910] {bash.py:173} INFO - 2021-02-24
[2021-02-19 07:39:39,910] {bash.py:173} INFO - Parameter I passed in
[2021-02-19 07:39:39,911] {bash.py:173} INFO - 2021-02-17
[2021-02-19 07:39:39,911] {bash.py:173} INFO - 2021-02-24
[2021-02-19 07:39:39,911] {bash.py:173} INFO - Parameter I passed in
[2021-02-19 07:39:39,911] {bash.py:173} INFO - 2021-02-17
[2021-02-19 07:39:39,911] {bash.py:173} INFO - 2021-02-24
[2021-02-19 07:39:39,911] {bash.py:173} INFO - Parameter I passed in
[2021-02-19 07:39:39,912] {bash.py:177} INFO - Command exited with return code 0
[2021-02-19 07:39:40,063] {taskinstance.py:1166} INFO - Marking task as SUCCESS. dag_id=tutorial, task_id=templated, execution_date=20210217T000000, start_date=20210219T073938, end_date=20210219T073940
[2021-02-19 07:39:40,336] {taskinstance.py:1220} INFO - 0 downstream tasks scheduled from follow-on schedule check
[2021-02-19 07:39:40,369] {local_task_job.py:146} INFO - Task exited with return code 0
