[2021-02-17 03:42:43,972] {taskinstance.py:851} INFO - Dependencies all met for <TaskInstance: example_branch_operator.branching 2021-02-17T03:42:42.213352+00:00 [queued]>
[2021-02-17 03:42:44,081] {taskinstance.py:851} INFO - Dependencies all met for <TaskInstance: example_branch_operator.branching 2021-02-17T03:42:42.213352+00:00 [queued]>
[2021-02-17 03:42:44,081] {taskinstance.py:1042} INFO - 
--------------------------------------------------------------------------------
[2021-02-17 03:42:44,081] {taskinstance.py:1043} INFO - Starting attempt 1 of 1
[2021-02-17 03:42:44,081] {taskinstance.py:1044} INFO - 
--------------------------------------------------------------------------------
[2021-02-17 03:42:44,236] {taskinstance.py:1063} INFO - Executing <Task(BranchPythonOperator): branching> on 2021-02-17T03:42:42.213352+00:00
[2021-02-17 03:42:44,247] {standard_task_runner.py:52} INFO - Started process 360 to run task
[2021-02-17 03:42:44,258] {standard_task_runner.py:76} INFO - Running: ['airflow', 'tasks', 'run', 'example_branch_operator', 'branching', '2021-02-17T03:42:42.213352+00:00', '--job-id', '75', '--pool', 'default_pool', '--raw', '--subdir', 'DAGS_FOLDER/example_branch_operator.py', '--cfg-path', '/tmp/tmpl5btdfwk', '--error-file', '/tmp/tmpvfb59r2_']
[2021-02-17 03:42:44,264] {standard_task_runner.py:77} INFO - Job 75: Subtask branching
[2021-02-17 03:42:44,391] {logging_mixin.py:104} INFO - Running <TaskInstance: example_branch_operator.branching 2021-02-17T03:42:42.213352+00:00 [running]> on host 63b50af6ef7d
[2021-02-17 03:42:44,519] {taskinstance.py:1257} INFO - Exporting the following env vars:
AIRFLOW_CTX_DAG_OWNER=airflow
AIRFLOW_CTX_DAG_ID=example_branch_operator
AIRFLOW_CTX_TASK_ID=branching
AIRFLOW_CTX_EXECUTION_DATE=2021-02-17T03:42:42.213352+00:00
AIRFLOW_CTX_DAG_RUN_ID=manual__2021-02-17T03:42:42.213352+00:00
[2021-02-17 03:42:44,521] {python.py:118} INFO - Done. Returned value was: branch_b
[2021-02-17 03:42:44,521] {skipmixin.py:124} INFO - Following branch branch_b
[2021-02-17 03:42:44,542] {skipmixin.py:155} INFO - Skipping tasks ['branch_a', 'branch_c', 'branch_d']
[2021-02-17 03:42:44,692] {taskinstance.py:1166} INFO - Marking task as SUCCESS. dag_id=example_branch_operator, task_id=branching, execution_date=20210217T034242, start_date=20210217T034243, end_date=20210217T034244
[2021-02-17 03:42:44,825] {taskinstance.py:1220} INFO - 1 downstream tasks scheduled from follow-on schedule check
[2021-02-17 03:42:44,870] {local_task_job.py:146} INFO - Task exited with return code 0
