[2021-02-19 07:39:32,795] {scheduler_job.py:182} INFO - Started process (PID=154) to work on /opt/airflow/dags/bash_operator.py
[2021-02-19 07:39:32,798] {scheduler_job.py:629} INFO - Processing file /opt/airflow/dags/bash_operator.py for tasks to queue
[2021-02-19 07:39:32,799] {logging_mixin.py:104} INFO - [2021-02-19 07:39:32,799] {dagbag.py:448} INFO - Filling up the DagBag from /opt/airflow/dags/bash_operator.py
[2021-02-19 07:39:32,991] {scheduler_job.py:639} INFO - DAG(s) dict_keys(['tutorial']) retrieved from /opt/airflow/dags/bash_operator.py
[2021-02-19 07:39:33,036] {logging_mixin.py:104} INFO - [2021-02-19 07:39:33,036] {dag.py:1818} INFO - Sync 1 DAGs
[2021-02-19 07:39:33,582] {logging_mixin.py:104} INFO - [2021-02-19 07:39:33,582] {dag.py:2273} INFO - Setting next_dagrun for tutorial to 2021-02-18 00:00:00+00:00
[2021-02-19 07:39:33,668] {scheduler_job.py:190} INFO - Processing /opt/airflow/dags/bash_operator.py took 0.879 seconds
[2021-02-19 07:40:04,321] {scheduler_job.py:182} INFO - Started process (PID=188) to work on /opt/airflow/dags/bash_operator.py
[2021-02-19 07:40:04,354] {scheduler_job.py:629} INFO - Processing file /opt/airflow/dags/bash_operator.py for tasks to queue
[2021-02-19 07:40:04,356] {logging_mixin.py:104} INFO - [2021-02-19 07:40:04,355] {dagbag.py:448} INFO - Filling up the DagBag from /opt/airflow/dags/bash_operator.py
[2021-02-19 07:40:04,374] {scheduler_job.py:639} INFO - DAG(s) dict_keys(['tutorial']) retrieved from /opt/airflow/dags/bash_operator.py
[2021-02-19 07:40:04,412] {logging_mixin.py:104} INFO - [2021-02-19 07:40:04,411] {dag.py:1818} INFO - Sync 1 DAGs
[2021-02-19 07:40:04,437] {logging_mixin.py:104} INFO - [2021-02-19 07:40:04,436] {dag.py:2273} INFO - Setting next_dagrun for tutorial to 2021-02-19 00:00:00+00:00
[2021-02-19 07:40:04,470] {scheduler_job.py:190} INFO - Processing /opt/airflow/dags/bash_operator.py took 0.155 seconds
[2021-02-19 07:40:34,681] {scheduler_job.py:182} INFO - Started process (PID=198) to work on /opt/airflow/dags/bash_operator.py
[2021-02-19 07:40:34,701] {scheduler_job.py:629} INFO - Processing file /opt/airflow/dags/bash_operator.py for tasks to queue
[2021-02-19 07:40:34,702] {logging_mixin.py:104} INFO - [2021-02-19 07:40:34,702] {dagbag.py:448} INFO - Filling up the DagBag from /opt/airflow/dags/bash_operator.py
[2021-02-19 07:40:35,127] {scheduler_job.py:639} INFO - DAG(s) dict_keys(['tutorial']) retrieved from /opt/airflow/dags/bash_operator.py
[2021-02-19 07:40:35,321] {logging_mixin.py:104} INFO - [2021-02-19 07:40:35,321] {dag.py:1818} INFO - Sync 1 DAGs
[2021-02-19 07:40:35,347] {logging_mixin.py:104} INFO - [2021-02-19 07:40:35,347] {dag.py:2273} INFO - Setting next_dagrun for tutorial to 2021-02-19 00:00:00+00:00
[2021-02-19 07:40:35,504] {scheduler_job.py:190} INFO - Processing /opt/airflow/dags/bash_operator.py took 0.830 seconds
[2021-02-19 07:41:29,248] {scheduler_job.py:182} INFO - Started process (PID=155) to work on /opt/airflow/dags/bash_operator.py
[2021-02-19 07:41:29,261] {scheduler_job.py:629} INFO - Processing file /opt/airflow/dags/bash_operator.py for tasks to queue
[2021-02-19 07:41:29,262] {logging_mixin.py:104} INFO - [2021-02-19 07:41:29,262] {dagbag.py:448} INFO - Filling up the DagBag from /opt/airflow/dags/bash_operator.py
[2021-02-19 07:41:29,279] {scheduler_job.py:639} INFO - DAG(s) dict_keys(['tutorial']) retrieved from /opt/airflow/dags/bash_operator.py
[2021-02-19 07:41:29,316] {logging_mixin.py:104} INFO - [2021-02-19 07:41:29,315] {dag.py:1818} INFO - Sync 1 DAGs
[2021-02-19 07:41:29,492] {logging_mixin.py:104} INFO - [2021-02-19 07:41:29,492] {dag.py:2273} INFO - Setting next_dagrun for tutorial to 2021-02-19 00:00:00+00:00
[2021-02-19 07:41:29,533] {scheduler_job.py:190} INFO - Processing /opt/airflow/dags/bash_operator.py took 0.290 seconds
[2021-02-19 07:41:59,623] {scheduler_job.py:182} INFO - Started process (PID=168) to work on /opt/airflow/dags/bash_operator.py
[2021-02-19 07:41:59,642] {scheduler_job.py:629} INFO - Processing file /opt/airflow/dags/bash_operator.py for tasks to queue
[2021-02-19 07:41:59,643] {logging_mixin.py:104} INFO - [2021-02-19 07:41:59,643] {dagbag.py:448} INFO - Filling up the DagBag from /opt/airflow/dags/bash_operator.py
[2021-02-19 07:41:59,681] {scheduler_job.py:639} INFO - DAG(s) dict_keys(['tutorial']) retrieved from /opt/airflow/dags/bash_operator.py
[2021-02-19 07:41:59,719] {logging_mixin.py:104} INFO - [2021-02-19 07:41:59,719] {dag.py:1818} INFO - Sync 1 DAGs
[2021-02-19 07:41:59,744] {logging_mixin.py:104} INFO - [2021-02-19 07:41:59,744] {dag.py:2273} INFO - Setting next_dagrun for tutorial to 2021-02-19 00:00:00+00:00
[2021-02-19 07:41:59,758] {scheduler_job.py:190} INFO - Processing /opt/airflow/dags/bash_operator.py took 0.140 seconds
[2021-02-19 07:42:51,982] {scheduler_job.py:182} INFO - Started process (PID=154) to work on /opt/airflow/dags/bash_operator.py
[2021-02-19 07:42:52,010] {scheduler_job.py:629} INFO - Processing file /opt/airflow/dags/bash_operator.py for tasks to queue
[2021-02-19 07:42:52,011] {logging_mixin.py:104} INFO - [2021-02-19 07:42:52,011] {dagbag.py:448} INFO - Filling up the DagBag from /opt/airflow/dags/bash_operator.py
[2021-02-19 07:42:52,228] {scheduler_job.py:639} INFO - DAG(s) dict_keys(['tutorial']) retrieved from /opt/airflow/dags/bash_operator.py
[2021-02-19 07:42:52,267] {logging_mixin.py:104} INFO - [2021-02-19 07:42:52,267] {dag.py:1818} INFO - Sync 1 DAGs
[2021-02-19 07:42:52,302] {logging_mixin.py:104} INFO - [2021-02-19 07:42:52,301] {dag.py:2273} INFO - Setting next_dagrun for tutorial to 2021-02-19 00:00:00+00:00
[2021-02-19 07:42:52,363] {scheduler_job.py:190} INFO - Processing /opt/airflow/dags/bash_operator.py took 0.389 seconds
[2021-02-19 07:43:22,483] {scheduler_job.py:182} INFO - Started process (PID=168) to work on /opt/airflow/dags/bash_operator.py
[2021-02-19 07:43:22,485] {scheduler_job.py:629} INFO - Processing file /opt/airflow/dags/bash_operator.py for tasks to queue
[2021-02-19 07:43:22,486] {logging_mixin.py:104} INFO - [2021-02-19 07:43:22,486] {dagbag.py:448} INFO - Filling up the DagBag from /opt/airflow/dags/bash_operator.py
[2021-02-19 07:43:22,514] {scheduler_job.py:639} INFO - DAG(s) dict_keys(['tutorial']) retrieved from /opt/airflow/dags/bash_operator.py
[2021-02-19 07:43:22,555] {logging_mixin.py:104} INFO - [2021-02-19 07:43:22,554] {dag.py:1818} INFO - Sync 1 DAGs
[2021-02-19 07:43:22,580] {logging_mixin.py:104} INFO - [2021-02-19 07:43:22,580] {dag.py:2273} INFO - Setting next_dagrun for tutorial to 2021-02-19 00:00:00+00:00
[2021-02-19 07:43:22,596] {scheduler_job.py:190} INFO - Processing /opt/airflow/dags/bash_operator.py took 0.125 seconds
[2021-02-19 07:44:08,205] {scheduler_job.py:182} INFO - Started process (PID=157) to work on /opt/airflow/dags/bash_operator.py
[2021-02-19 07:44:08,227] {scheduler_job.py:629} INFO - Processing file /opt/airflow/dags/bash_operator.py for tasks to queue
[2021-02-19 07:44:08,228] {logging_mixin.py:104} INFO - [2021-02-19 07:44:08,228] {dagbag.py:448} INFO - Filling up the DagBag from /opt/airflow/dags/bash_operator.py
[2021-02-19 07:44:08,253] {scheduler_job.py:639} INFO - DAG(s) dict_keys(['tutorial']) retrieved from /opt/airflow/dags/bash_operator.py
[2021-02-19 07:44:08,302] {logging_mixin.py:104} INFO - [2021-02-19 07:44:08,300] {dag.py:1818} INFO - Sync 1 DAGs
[2021-02-19 07:44:08,333] {logging_mixin.py:104} INFO - [2021-02-19 07:44:08,333] {dag.py:2273} INFO - Setting next_dagrun for tutorial to 2021-02-19 00:00:00+00:00
[2021-02-19 07:44:08,356] {scheduler_job.py:190} INFO - Processing /opt/airflow/dags/bash_operator.py took 0.157 seconds
[2021-02-19 07:44:38,580] {scheduler_job.py:182} INFO - Started process (PID=169) to work on /opt/airflow/dags/bash_operator.py
[2021-02-19 07:44:38,590] {scheduler_job.py:629} INFO - Processing file /opt/airflow/dags/bash_operator.py for tasks to queue
[2021-02-19 07:44:38,591] {logging_mixin.py:104} INFO - [2021-02-19 07:44:38,591] {dagbag.py:448} INFO - Filling up the DagBag from /opt/airflow/dags/bash_operator.py
[2021-02-19 07:44:38,626] {scheduler_job.py:639} INFO - DAG(s) dict_keys(['tutorial']) retrieved from /opt/airflow/dags/bash_operator.py
[2021-02-19 07:44:38,686] {logging_mixin.py:104} INFO - [2021-02-19 07:44:38,686] {dag.py:1818} INFO - Sync 1 DAGs
[2021-02-19 07:44:38,712] {logging_mixin.py:104} INFO - [2021-02-19 07:44:38,712] {dag.py:2273} INFO - Setting next_dagrun for tutorial to 2021-02-19 00:00:00+00:00
[2021-02-19 07:44:38,728] {scheduler_job.py:190} INFO - Processing /opt/airflow/dags/bash_operator.py took 0.153 seconds
[2021-02-19 07:44:58,067] {scheduler_job.py:182} INFO - Started process (PID=155) to work on /opt/airflow/dags/bash_operator.py
[2021-02-19 07:44:58,077] {scheduler_job.py:629} INFO - Processing file /opt/airflow/dags/bash_operator.py for tasks to queue
[2021-02-19 07:44:58,078] {logging_mixin.py:104} INFO - [2021-02-19 07:44:58,078] {dagbag.py:448} INFO - Filling up the DagBag from /opt/airflow/dags/bash_operator.py
[2021-02-19 07:44:58,141] {scheduler_job.py:639} INFO - DAG(s) dict_keys(['tutorial']) retrieved from /opt/airflow/dags/bash_operator.py
[2021-02-19 07:44:58,182] {logging_mixin.py:104} INFO - [2021-02-19 07:44:58,182] {dag.py:1818} INFO - Sync 1 DAGs
[2021-02-19 07:44:58,235] {logging_mixin.py:104} INFO - [2021-02-19 07:44:58,235] {dag.py:2273} INFO - Setting next_dagrun for tutorial to 2021-02-19 00:00:00+00:00
[2021-02-19 07:44:58,294] {scheduler_job.py:190} INFO - Processing /opt/airflow/dags/bash_operator.py took 0.231 seconds
[2021-02-19 07:45:28,427] {scheduler_job.py:182} INFO - Started process (PID=165) to work on /opt/airflow/dags/bash_operator.py
[2021-02-19 07:45:28,429] {scheduler_job.py:629} INFO - Processing file /opt/airflow/dags/bash_operator.py for tasks to queue
[2021-02-19 07:45:28,430] {logging_mixin.py:104} INFO - [2021-02-19 07:45:28,430] {dagbag.py:448} INFO - Filling up the DagBag from /opt/airflow/dags/bash_operator.py
[2021-02-19 07:45:28,475] {scheduler_job.py:639} INFO - DAG(s) dict_keys(['tutorial']) retrieved from /opt/airflow/dags/bash_operator.py
[2021-02-19 07:45:28,537] {logging_mixin.py:104} INFO - [2021-02-19 07:45:28,537] {dag.py:1818} INFO - Sync 1 DAGs
[2021-02-19 07:45:28,569] {logging_mixin.py:104} INFO - [2021-02-19 07:45:28,569] {dag.py:2273} INFO - Setting next_dagrun for tutorial to 2021-02-19 00:00:00+00:00
[2021-02-19 07:45:28,590] {scheduler_job.py:190} INFO - Processing /opt/airflow/dags/bash_operator.py took 0.169 seconds
[2021-02-19 07:45:59,501] {scheduler_job.py:182} INFO - Started process (PID=175) to work on /opt/airflow/dags/bash_operator.py
[2021-02-19 07:45:59,535] {scheduler_job.py:629} INFO - Processing file /opt/airflow/dags/bash_operator.py for tasks to queue
[2021-02-19 07:45:59,536] {logging_mixin.py:104} INFO - [2021-02-19 07:45:59,536] {dagbag.py:448} INFO - Filling up the DagBag from /opt/airflow/dags/bash_operator.py
[2021-02-19 07:45:59,943] {scheduler_job.py:639} INFO - DAG(s) dict_keys(['tutorial']) retrieved from /opt/airflow/dags/bash_operator.py
[2021-02-19 07:46:00,533] {logging_mixin.py:104} INFO - [2021-02-19 07:46:00,532] {dag.py:1818} INFO - Sync 1 DAGs
[2021-02-19 07:46:00,868] {logging_mixin.py:104} INFO - [2021-02-19 07:46:00,868] {dag.py:2273} INFO - Setting next_dagrun for tutorial to 2021-02-19 00:00:00+00:00
[2021-02-19 07:46:00,943] {scheduler_job.py:190} INFO - Processing /opt/airflow/dags/bash_operator.py took 1.535 seconds
[2021-02-19 07:46:31,418] {scheduler_job.py:182} INFO - Started process (PID=185) to work on /opt/airflow/dags/bash_operator.py
[2021-02-19 07:46:31,524] {scheduler_job.py:629} INFO - Processing file /opt/airflow/dags/bash_operator.py for tasks to queue
[2021-02-19 07:46:31,526] {logging_mixin.py:104} INFO - [2021-02-19 07:46:31,525] {dagbag.py:448} INFO - Filling up the DagBag from /opt/airflow/dags/bash_operator.py
[2021-02-19 07:46:32,048] {scheduler_job.py:639} INFO - DAG(s) dict_keys(['tutorial']) retrieved from /opt/airflow/dags/bash_operator.py
[2021-02-19 07:46:32,896] {logging_mixin.py:104} INFO - [2021-02-19 07:46:32,895] {dag.py:1818} INFO - Sync 1 DAGs
[2021-02-19 07:46:32,922] {logging_mixin.py:104} INFO - [2021-02-19 07:46:32,922] {dag.py:2273} INFO - Setting next_dagrun for tutorial to 2021-02-19 00:00:00+00:00
[2021-02-19 07:46:33,198] {scheduler_job.py:190} INFO - Processing /opt/airflow/dags/bash_operator.py took 1.786 seconds
[2021-02-19 07:47:05,719] {scheduler_job.py:182} INFO - Started process (PID=195) to work on /opt/airflow/dags/bash_operator.py
[2021-02-19 07:47:05,950] {scheduler_job.py:629} INFO - Processing file /opt/airflow/dags/bash_operator.py for tasks to queue
[2021-02-19 07:47:06,014] {logging_mixin.py:104} INFO - [2021-02-19 07:47:06,013] {dagbag.py:448} INFO - Filling up the DagBag from /opt/airflow/dags/bash_operator.py
[2021-02-19 07:47:09,125] {scheduler_job.py:639} INFO - DAG(s) dict_keys(['tutorial']) retrieved from /opt/airflow/dags/bash_operator.py
[2021-02-19 07:47:16,197] {logging_mixin.py:104} INFO - [2021-02-19 07:47:16,197] {dag.py:1818} INFO - Sync 1 DAGs
[2021-02-19 07:47:19,216] {logging_mixin.py:104} INFO - [2021-02-19 07:47:19,215] {dag.py:2273} INFO - Setting next_dagrun for tutorial to 2021-02-19 00:00:00+00:00
[2021-02-19 07:47:20,561] {scheduler_job.py:190} INFO - Processing /opt/airflow/dags/bash_operator.py took 16.661 seconds
[2021-02-19 07:47:51,329] {scheduler_job.py:182} INFO - Started process (PID=210) to work on /opt/airflow/dags/bash_operator.py
[2021-02-19 07:47:51,347] {scheduler_job.py:629} INFO - Processing file /opt/airflow/dags/bash_operator.py for tasks to queue
[2021-02-19 07:47:51,348] {logging_mixin.py:104} INFO - [2021-02-19 07:47:51,348] {dagbag.py:448} INFO - Filling up the DagBag from /opt/airflow/dags/bash_operator.py
[2021-02-19 07:47:51,622] {scheduler_job.py:639} INFO - DAG(s) dict_keys(['tutorial']) retrieved from /opt/airflow/dags/bash_operator.py
[2021-02-19 07:47:51,877] {logging_mixin.py:104} INFO - [2021-02-19 07:47:51,877] {dag.py:1818} INFO - Sync 1 DAGs
[2021-02-19 07:47:52,052] {logging_mixin.py:104} INFO - [2021-02-19 07:47:52,052] {dag.py:2273} INFO - Setting next_dagrun for tutorial to 2021-02-19 00:00:00+00:00
[2021-02-19 07:47:52,105] {scheduler_job.py:190} INFO - Processing /opt/airflow/dags/bash_operator.py took 0.782 seconds
[2021-02-19 07:48:22,918] {scheduler_job.py:182} INFO - Started process (PID=220) to work on /opt/airflow/dags/bash_operator.py
[2021-02-19 07:48:23,129] {scheduler_job.py:629} INFO - Processing file /opt/airflow/dags/bash_operator.py for tasks to queue
[2021-02-19 07:48:23,789] {logging_mixin.py:104} INFO - [2021-02-19 07:48:23,788] {dagbag.py:448} INFO - Filling up the DagBag from /opt/airflow/dags/bash_operator.py
[2021-02-19 07:49:12,469] {scheduler_job.py:182} INFO - Started process (PID=154) to work on /opt/airflow/dags/bash_operator.py
[2021-02-19 07:49:12,471] {scheduler_job.py:629} INFO - Processing file /opt/airflow/dags/bash_operator.py for tasks to queue
[2021-02-19 07:49:12,472] {logging_mixin.py:104} INFO - [2021-02-19 07:49:12,472] {dagbag.py:448} INFO - Filling up the DagBag from /opt/airflow/dags/bash_operator.py
[2021-02-19 07:49:12,490] {scheduler_job.py:639} INFO - DAG(s) dict_keys(['tutorial']) retrieved from /opt/airflow/dags/bash_operator.py
[2021-02-19 07:49:12,539] {logging_mixin.py:104} INFO - [2021-02-19 07:49:12,539] {dag.py:1818} INFO - Sync 1 DAGs
[2021-02-19 07:49:12,658] {logging_mixin.py:104} INFO - [2021-02-19 07:49:12,657] {dag.py:2273} INFO - Setting next_dagrun for tutorial to 2021-02-19 00:00:00+00:00
[2021-02-19 07:49:12,841] {scheduler_job.py:190} INFO - Processing /opt/airflow/dags/bash_operator.py took 0.377 seconds
[2021-02-19 07:49:43,004] {scheduler_job.py:182} INFO - Started process (PID=165) to work on /opt/airflow/dags/bash_operator.py
[2021-02-19 07:49:43,018] {scheduler_job.py:629} INFO - Processing file /opt/airflow/dags/bash_operator.py for tasks to queue
[2021-02-19 07:49:43,019] {logging_mixin.py:104} INFO - [2021-02-19 07:49:43,019] {dagbag.py:448} INFO - Filling up the DagBag from /opt/airflow/dags/bash_operator.py
[2021-02-19 07:49:43,058] {scheduler_job.py:639} INFO - DAG(s) dict_keys(['tutorial']) retrieved from /opt/airflow/dags/bash_operator.py
[2021-02-19 07:49:43,128] {logging_mixin.py:104} INFO - [2021-02-19 07:49:43,128] {dag.py:1818} INFO - Sync 1 DAGs
[2021-02-19 07:49:43,188] {logging_mixin.py:104} INFO - [2021-02-19 07:49:43,188] {dag.py:2273} INFO - Setting next_dagrun for tutorial to 2021-02-19 00:00:00+00:00
[2021-02-19 07:49:43,208] {scheduler_job.py:190} INFO - Processing /opt/airflow/dags/bash_operator.py took 0.211 seconds
[2021-02-19 07:50:13,637] {scheduler_job.py:182} INFO - Started process (PID=175) to work on /opt/airflow/dags/bash_operator.py
[2021-02-19 07:50:13,662] {scheduler_job.py:629} INFO - Processing file /opt/airflow/dags/bash_operator.py for tasks to queue
[2021-02-19 07:50:13,664] {logging_mixin.py:104} INFO - [2021-02-19 07:50:13,663] {dagbag.py:448} INFO - Filling up the DagBag from /opt/airflow/dags/bash_operator.py
[2021-02-19 07:50:14,516] {scheduler_job.py:639} INFO - DAG(s) dict_keys(['tutorial']) retrieved from /opt/airflow/dags/bash_operator.py
[2021-02-19 07:50:14,607] {logging_mixin.py:104} INFO - [2021-02-19 07:50:14,607] {dag.py:1818} INFO - Sync 1 DAGs
[2021-02-19 07:50:14,654] {logging_mixin.py:104} INFO - [2021-02-19 07:50:14,654] {dag.py:2273} INFO - Setting next_dagrun for tutorial to 2021-02-19 00:00:00+00:00
[2021-02-19 07:50:14,678] {scheduler_job.py:190} INFO - Processing /opt/airflow/dags/bash_operator.py took 1.054 seconds
[2021-02-19 07:50:44,817] {scheduler_job.py:182} INFO - Started process (PID=185) to work on /opt/airflow/dags/bash_operator.py
[2021-02-19 07:50:44,833] {scheduler_job.py:629} INFO - Processing file /opt/airflow/dags/bash_operator.py for tasks to queue
[2021-02-19 07:50:44,834] {logging_mixin.py:104} INFO - [2021-02-19 07:50:44,834] {dagbag.py:448} INFO - Filling up the DagBag from /opt/airflow/dags/bash_operator.py
[2021-02-19 07:50:44,853] {scheduler_job.py:639} INFO - DAG(s) dict_keys(['tutorial']) retrieved from /opt/airflow/dags/bash_operator.py
[2021-02-19 07:50:44,914] {logging_mixin.py:104} INFO - [2021-02-19 07:50:44,914] {dag.py:1818} INFO - Sync 1 DAGs
[2021-02-19 07:50:44,940] {logging_mixin.py:104} INFO - [2021-02-19 07:50:44,940] {dag.py:2273} INFO - Setting next_dagrun for tutorial to 2021-02-19 00:00:00+00:00
[2021-02-19 07:50:45,014] {scheduler_job.py:190} INFO - Processing /opt/airflow/dags/bash_operator.py took 0.204 seconds
[2021-02-19 07:51:15,155] {scheduler_job.py:182} INFO - Started process (PID=195) to work on /opt/airflow/dags/bash_operator.py
[2021-02-19 07:51:15,158] {scheduler_job.py:629} INFO - Processing file /opt/airflow/dags/bash_operator.py for tasks to queue
[2021-02-19 07:51:15,159] {logging_mixin.py:104} INFO - [2021-02-19 07:51:15,159] {dagbag.py:448} INFO - Filling up the DagBag from /opt/airflow/dags/bash_operator.py
[2021-02-19 07:51:15,176] {scheduler_job.py:639} INFO - DAG(s) dict_keys(['tutorial']) retrieved from /opt/airflow/dags/bash_operator.py
[2021-02-19 07:51:15,203] {logging_mixin.py:104} INFO - [2021-02-19 07:51:15,203] {dag.py:1818} INFO - Sync 1 DAGs
[2021-02-19 07:51:15,229] {logging_mixin.py:104} INFO - [2021-02-19 07:51:15,229] {dag.py:2273} INFO - Setting next_dagrun for tutorial to 2021-02-19 00:00:00+00:00
[2021-02-19 07:51:15,262] {scheduler_job.py:190} INFO - Processing /opt/airflow/dags/bash_operator.py took 0.112 seconds
[2021-02-19 07:51:45,562] {scheduler_job.py:182} INFO - Started process (PID=205) to work on /opt/airflow/dags/bash_operator.py
[2021-02-19 07:51:45,618] {scheduler_job.py:629} INFO - Processing file /opt/airflow/dags/bash_operator.py for tasks to queue
[2021-02-19 07:51:45,620] {logging_mixin.py:104} INFO - [2021-02-19 07:51:45,619] {dagbag.py:448} INFO - Filling up the DagBag from /opt/airflow/dags/bash_operator.py
[2021-02-19 07:51:45,677] {scheduler_job.py:639} INFO - DAG(s) dict_keys(['tutorial']) retrieved from /opt/airflow/dags/bash_operator.py
[2021-02-19 07:51:45,758] {logging_mixin.py:104} INFO - [2021-02-19 07:51:45,758] {dag.py:1818} INFO - Sync 1 DAGs
[2021-02-19 07:51:45,812] {logging_mixin.py:104} INFO - [2021-02-19 07:51:45,812] {dag.py:2273} INFO - Setting next_dagrun for tutorial to 2021-02-19 00:00:00+00:00
[2021-02-19 07:51:45,855] {scheduler_job.py:190} INFO - Processing /opt/airflow/dags/bash_operator.py took 0.308 seconds
[2021-02-19 07:52:17,449] {scheduler_job.py:182} INFO - Started process (PID=226) to work on /opt/airflow/dags/bash_operator.py
[2021-02-19 07:52:17,533] {scheduler_job.py:629} INFO - Processing file /opt/airflow/dags/bash_operator.py for tasks to queue
[2021-02-19 07:52:17,534] {logging_mixin.py:104} INFO - [2021-02-19 07:52:17,534] {dagbag.py:448} INFO - Filling up the DagBag from /opt/airflow/dags/bash_operator.py
[2021-02-19 07:52:21,102] {scheduler_job.py:639} INFO - DAG(s) dict_keys(['tutorial']) retrieved from /opt/airflow/dags/bash_operator.py
[2021-02-19 07:52:27,460] {logging_mixin.py:104} INFO - [2021-02-19 07:52:27,459] {dag.py:1818} INFO - Sync 1 DAGs
[2021-02-19 07:52:29,398] {logging_mixin.py:104} INFO - [2021-02-19 07:52:29,397] {dag.py:2273} INFO - Setting next_dagrun for tutorial to 2021-02-19 00:00:00+00:00
[2021-02-19 07:52:30,336] {scheduler_job.py:190} INFO - Processing /opt/airflow/dags/bash_operator.py took 13.114 seconds
[2021-02-19 07:53:02,163] {scheduler_job.py:182} INFO - Started process (PID=241) to work on /opt/airflow/dags/bash_operator.py
[2021-02-19 07:53:02,202] {scheduler_job.py:629} INFO - Processing file /opt/airflow/dags/bash_operator.py for tasks to queue
[2021-02-19 07:53:02,265] {logging_mixin.py:104} INFO - [2021-02-19 07:53:02,203] {dagbag.py:448} INFO - Filling up the DagBag from /opt/airflow/dags/bash_operator.py
[2021-02-19 07:53:03,215] {scheduler_job.py:639} INFO - DAG(s) dict_keys(['tutorial']) retrieved from /opt/airflow/dags/bash_operator.py
[2021-02-19 07:53:03,600] {logging_mixin.py:104} INFO - [2021-02-19 07:53:03,600] {dag.py:1818} INFO - Sync 1 DAGs
[2021-02-19 07:53:17,679] {logging_mixin.py:104} INFO - [2021-02-19 07:53:17,679] {dag.py:2273} INFO - Setting next_dagrun for tutorial to 2021-02-19 00:00:00+00:00
[2021-02-19 07:53:22,145] {scheduler_job.py:190} INFO - Processing /opt/airflow/dags/bash_operator.py took 20.032 seconds
[2021-02-19 07:54:01,903] {scheduler_job.py:182} INFO - Started process (PID=267) to work on /opt/airflow/dags/bash_operator.py
[2021-02-19 07:54:02,600] {scheduler_job.py:629} INFO - Processing file /opt/airflow/dags/bash_operator.py for tasks to queue
[2021-02-19 07:54:03,099] {logging_mixin.py:104} INFO - [2021-02-19 07:54:03,083] {dagbag.py:448} INFO - Filling up the DagBag from /opt/airflow/dags/bash_operator.py
[2021-02-19 07:54:37,801] {scheduler_job.py:639} INFO - DAG(s) dict_keys(['tutorial']) retrieved from /opt/airflow/dags/bash_operator.py
