[2021-02-17 03:49:01,044] {taskinstance.py:851} INFO - Dependencies all met for <TaskInstance: example_bash_operator.runme_0 2021-02-17T03:48:55.872615+00:00 [queued]>
[2021-02-17 03:49:01,185] {taskinstance.py:851} INFO - Dependencies all met for <TaskInstance: example_bash_operator.runme_0 2021-02-17T03:48:55.872615+00:00 [queued]>
[2021-02-17 03:49:01,185] {taskinstance.py:1042} INFO - 
--------------------------------------------------------------------------------
[2021-02-17 03:49:01,185] {taskinstance.py:1043} INFO - Starting attempt 1 of 1
[2021-02-17 03:49:01,185] {taskinstance.py:1044} INFO - 
--------------------------------------------------------------------------------
[2021-02-17 03:49:01,284] {taskinstance.py:1063} INFO - Executing <Task(BashOperator): runme_0> on 2021-02-17T03:48:55.872615+00:00
[2021-02-17 03:49:01,309] {standard_task_runner.py:52} INFO - Started process 633 to run task
[2021-02-17 03:49:01,336] {standard_task_runner.py:76} INFO - Running: ['airflow', 'tasks', 'run', 'example_bash_operator', 'runme_0', '2021-02-17T03:48:55.872615+00:00', '--job-id', '86', '--pool', 'default_pool', '--raw', '--subdir', 'DAGS_FOLDER/example_bash_operator.py', '--cfg-path', '/tmp/tmpt105ozzo', '--error-file', '/tmp/tmp2_jqxxfi']
[2021-02-17 03:49:01,349] {standard_task_runner.py:77} INFO - Job 86: Subtask runme_0
[2021-02-17 03:49:01,623] {logging_mixin.py:104} INFO - Running <TaskInstance: example_bash_operator.runme_0 2021-02-17T03:48:55.872615+00:00 [running]> on host 63b50af6ef7d
[2021-02-17 03:49:02,068] {taskinstance.py:1257} INFO - Exporting the following env vars:
AIRFLOW_CTX_DAG_OWNER=airflow
AIRFLOW_CTX_DAG_ID=example_bash_operator
AIRFLOW_CTX_TASK_ID=runme_0
AIRFLOW_CTX_EXECUTION_DATE=2021-02-17T03:48:55.872615+00:00
AIRFLOW_CTX_DAG_RUN_ID=manual__2021-02-17T03:48:55.872615+00:00
[2021-02-17 03:49:02,069] {bash.py:135} INFO - Tmp dir root location: 
 /tmp
[2021-02-17 03:49:02,070] {bash.py:158} INFO - Running command: echo "example_bash_operator__runme_0__20210217" && sleep 1
[2021-02-17 03:49:02,154] {bash.py:169} INFO - Output:
[2021-02-17 03:49:02,203] {bash.py:173} INFO - example_bash_operator__runme_0__20210217
[2021-02-17 03:49:03,211] {bash.py:177} INFO - Command exited with return code 0
[2021-02-17 03:49:03,485] {taskinstance.py:1166} INFO - Marking task as SUCCESS. dag_id=example_bash_operator, task_id=runme_0, execution_date=20210217T034855, start_date=20210217T034901, end_date=20210217T034903
[2021-02-17 03:49:03,913] {taskinstance.py:1220} INFO - 0 downstream tasks scheduled from follow-on schedule check
[2021-02-17 03:49:03,994] {local_task_job.py:146} INFO - Task exited with return code 0
