[2021-02-17 04:14:15,392] {taskinstance.py:851} INFO - Dependencies all met for <TaskInstance: tutorial.print_date 2021-02-16T00:00:00+00:00 [queued]>
[2021-02-17 04:14:15,618] {taskinstance.py:851} INFO - Dependencies all met for <TaskInstance: tutorial.print_date 2021-02-16T00:00:00+00:00 [queued]>
[2021-02-17 04:14:15,619] {taskinstance.py:1042} INFO - 
--------------------------------------------------------------------------------
[2021-02-17 04:14:15,619] {taskinstance.py:1043} INFO - Starting attempt 1 of 2
[2021-02-17 04:14:15,619] {taskinstance.py:1044} INFO - 
--------------------------------------------------------------------------------
[2021-02-17 04:14:15,774] {taskinstance.py:1063} INFO - Executing <Task(BashOperator): print_date> on 2021-02-16T00:00:00+00:00
[2021-02-17 04:14:15,788] {standard_task_runner.py:52} INFO - Started process 178 to run task
[2021-02-17 04:14:15,793] {standard_task_runner.py:76} INFO - Running: ['airflow', 'tasks', 'run', 'tutorial', 'print_date', '2021-02-16T00:00:00+00:00', '--job-id', '92', '--pool', 'default_pool', '--raw', '--subdir', 'DAGS_FOLDER/bash_operator.py', '--cfg-path', '/tmp/tmpa3v1vmz3', '--error-file', '/tmp/tmpvp1dbndv']
[2021-02-17 04:14:15,810] {standard_task_runner.py:77} INFO - Job 92: Subtask print_date
[2021-02-17 04:14:16,277] {logging_mixin.py:104} INFO - Running <TaskInstance: tutorial.print_date 2021-02-16T00:00:00+00:00 [running]> on host 63b50af6ef7d
[2021-02-17 04:14:17,296] {taskinstance.py:1257} INFO - Exporting the following env vars:
AIRFLOW_CTX_DAG_EMAIL=airflow@example.com
AIRFLOW_CTX_DAG_OWNER=airflow
AIRFLOW_CTX_DAG_ID=tutorial
AIRFLOW_CTX_TASK_ID=print_date
AIRFLOW_CTX_EXECUTION_DATE=2021-02-16T00:00:00+00:00
AIRFLOW_CTX_DAG_RUN_ID=scheduled__2021-02-16T00:00:00+00:00
[2021-02-17 04:14:17,503] {bash.py:135} INFO - Tmp dir root location: 
 /tmp
[2021-02-17 04:14:17,517] {bash.py:158} INFO - Running command: date
[2021-02-17 04:14:20,031] {bash.py:169} INFO - Output:
[2021-02-17 04:14:22,684] {bash.py:173} INFO - Wed Feb 17 04:14:22 UTC 2021
[2021-02-17 04:14:22,746] {bash.py:177} INFO - Command exited with return code 0
[2021-02-17 04:14:23,094] {taskinstance.py:1166} INFO - Marking task as SUCCESS. dag_id=tutorial, task_id=print_date, execution_date=20210216T000000, start_date=20210217T041415, end_date=20210217T041423
[2021-02-17 04:14:23,360] {taskinstance.py:1220} INFO - 2 downstream tasks scheduled from follow-on schedule check
[2021-02-17 04:14:23,421] {local_task_job.py:146} INFO - Task exited with return code 0
