[2021-02-19 07:39:35,901] {taskinstance.py:851} INFO - Dependencies all met for <TaskInstance: tutorial.print_date 2021-02-17T00:00:00+00:00 [queued]>
[2021-02-19 07:39:36,123] {taskinstance.py:851} INFO - Dependencies all met for <TaskInstance: tutorial.print_date 2021-02-17T00:00:00+00:00 [queued]>
[2021-02-19 07:39:36,124] {taskinstance.py:1042} INFO - 
--------------------------------------------------------------------------------
[2021-02-19 07:39:36,124] {taskinstance.py:1043} INFO - Starting attempt 1 of 2
[2021-02-19 07:39:36,124] {taskinstance.py:1044} INFO - 
--------------------------------------------------------------------------------
[2021-02-19 07:39:36,215] {taskinstance.py:1063} INFO - Executing <Task(BashOperator): print_date> on 2021-02-17T00:00:00+00:00
[2021-02-19 07:39:36,222] {standard_task_runner.py:52} INFO - Started process 167 to run task
[2021-02-19 07:39:36,229] {standard_task_runner.py:76} INFO - Running: ['airflow', 'tasks', 'run', 'tutorial', 'print_date', '2021-02-17T00:00:00+00:00', '--job-id', '103', '--pool', 'default_pool', '--raw', '--subdir', 'DAGS_FOLDER/bash_operator.py', '--cfg-path', '/tmp/tmpmerur7t9', '--error-file', '/tmp/tmpzptwdgau']
[2021-02-19 07:39:36,233] {standard_task_runner.py:77} INFO - Job 103: Subtask print_date
[2021-02-19 07:39:36,443] {logging_mixin.py:104} INFO - Running <TaskInstance: tutorial.print_date 2021-02-17T00:00:00+00:00 [running]> on host 63b50af6ef7d
[2021-02-19 07:39:36,797] {taskinstance.py:1257} INFO - Exporting the following env vars:
AIRFLOW_CTX_DAG_EMAIL=airflow@example.com
AIRFLOW_CTX_DAG_OWNER=airflow
AIRFLOW_CTX_DAG_ID=tutorial
AIRFLOW_CTX_TASK_ID=print_date
AIRFLOW_CTX_EXECUTION_DATE=2021-02-17T00:00:00+00:00
AIRFLOW_CTX_DAG_RUN_ID=scheduled__2021-02-17T00:00:00+00:00
[2021-02-19 07:39:36,798] {bash.py:135} INFO - Tmp dir root location: 
 /tmp
[2021-02-19 07:39:36,799] {bash.py:158} INFO - Running command: date
[2021-02-19 07:39:36,824] {bash.py:169} INFO - Output:
[2021-02-19 07:39:37,112] {bash.py:173} INFO - Fri Feb 19 07:39:37 UTC 2021
[2021-02-19 07:39:37,120] {bash.py:177} INFO - Command exited with return code 0
[2021-02-19 07:39:37,326] {taskinstance.py:1166} INFO - Marking task as SUCCESS. dag_id=tutorial, task_id=print_date, execution_date=20210217T000000, start_date=20210219T073935, end_date=20210219T073937
[2021-02-19 07:39:37,541] {taskinstance.py:1220} INFO - 2 downstream tasks scheduled from follow-on schedule check
[2021-02-19 07:39:37,607] {local_task_job.py:146} INFO - Task exited with return code 0
