[2021-02-17 04:15:11,839] {taskinstance.py:851} INFO - Dependencies all met for <TaskInstance: tutorial.sleep 2021-02-17T04:14:52.471319+00:00 [queued]>
[2021-02-17 04:15:12,097] {taskinstance.py:851} INFO - Dependencies all met for <TaskInstance: tutorial.sleep 2021-02-17T04:14:52.471319+00:00 [queued]>
[2021-02-17 04:15:12,097] {taskinstance.py:1042} INFO - 
--------------------------------------------------------------------------------
[2021-02-17 04:15:12,098] {taskinstance.py:1043} INFO - Starting attempt 1 of 4
[2021-02-17 04:15:12,098] {taskinstance.py:1044} INFO - 
--------------------------------------------------------------------------------
[2021-02-17 04:15:12,166] {taskinstance.py:1063} INFO - Executing <Task(BashOperator): sleep> on 2021-02-17T04:14:52.471319+00:00
[2021-02-17 04:15:12,173] {standard_task_runner.py:52} INFO - Started process 208 to run task
[2021-02-17 04:15:12,181] {standard_task_runner.py:76} INFO - Running: ['airflow', 'tasks', 'run', 'tutorial', 'sleep', '2021-02-17T04:14:52.471319+00:00', '--job-id', '99', '--pool', 'default_pool', '--raw', '--subdir', 'DAGS_FOLDER/bash_operator.py', '--cfg-path', '/tmp/tmpp5y94qwf', '--error-file', '/tmp/tmp0zgdw5l5']
[2021-02-17 04:15:12,185] {standard_task_runner.py:77} INFO - Job 99: Subtask sleep
[2021-02-17 04:15:12,344] {logging_mixin.py:104} INFO - Running <TaskInstance: tutorial.sleep 2021-02-17T04:14:52.471319+00:00 [running]> on host 63b50af6ef7d
[2021-02-17 04:15:12,589] {taskinstance.py:1257} INFO - Exporting the following env vars:
AIRFLOW_CTX_DAG_EMAIL=airflow@example.com
AIRFLOW_CTX_DAG_OWNER=airflow
AIRFLOW_CTX_DAG_ID=tutorial
AIRFLOW_CTX_TASK_ID=sleep
AIRFLOW_CTX_EXECUTION_DATE=2021-02-17T04:14:52.471319+00:00
AIRFLOW_CTX_DAG_RUN_ID=manual__2021-02-17T04:14:52.471319+00:00
[2021-02-17 04:15:12,590] {bash.py:135} INFO - Tmp dir root location: 
 /tmp
[2021-02-17 04:15:12,591] {bash.py:158} INFO - Running command: sleep 5
[2021-02-17 04:15:12,608] {bash.py:169} INFO - Output:
[2021-02-17 04:15:17,614] {bash.py:177} INFO - Command exited with return code 0
[2021-02-17 04:15:17,788] {taskinstance.py:1166} INFO - Marking task as SUCCESS. dag_id=tutorial, task_id=sleep, execution_date=20210217T041452, start_date=20210217T041511, end_date=20210217T041517
[2021-02-17 04:15:17,863] {taskinstance.py:1220} INFO - 0 downstream tasks scheduled from follow-on schedule check
[2021-02-17 04:15:17,879] {local_task_job.py:146} INFO - Task exited with return code 0
