[2021-02-17 04:14:15,366] {taskinstance.py:851} INFO - Dependencies all met for <TaskInstance: tutorial.print_date 2021-02-15T00:00:00+00:00 [queued]>
[2021-02-17 04:14:15,545] {taskinstance.py:851} INFO - Dependencies all met for <TaskInstance: tutorial.print_date 2021-02-15T00:00:00+00:00 [queued]>
[2021-02-17 04:14:15,545] {taskinstance.py:1042} INFO - 
--------------------------------------------------------------------------------
[2021-02-17 04:14:15,545] {taskinstance.py:1043} INFO - Starting attempt 1 of 2
[2021-02-17 04:14:15,545] {taskinstance.py:1044} INFO - 
--------------------------------------------------------------------------------
[2021-02-17 04:14:15,628] {taskinstance.py:1063} INFO - Executing <Task(BashOperator): print_date> on 2021-02-15T00:00:00+00:00
[2021-02-17 04:14:15,651] {standard_task_runner.py:52} INFO - Started process 177 to run task
[2021-02-17 04:14:15,673] {standard_task_runner.py:76} INFO - Running: ['airflow', 'tasks', 'run', 'tutorial', 'print_date', '2021-02-15T00:00:00+00:00', '--job-id', '93', '--pool', 'default_pool', '--raw', '--subdir', 'DAGS_FOLDER/bash_operator.py', '--cfg-path', '/tmp/tmpq30yt_8o', '--error-file', '/tmp/tmpk9zkpjra']
[2021-02-17 04:14:15,687] {standard_task_runner.py:77} INFO - Job 93: Subtask print_date
[2021-02-17 04:14:16,114] {logging_mixin.py:104} INFO - Running <TaskInstance: tutorial.print_date 2021-02-15T00:00:00+00:00 [running]> on host 63b50af6ef7d
[2021-02-17 04:14:17,370] {taskinstance.py:1257} INFO - Exporting the following env vars:
AIRFLOW_CTX_DAG_EMAIL=airflow@example.com
AIRFLOW_CTX_DAG_OWNER=airflow
AIRFLOW_CTX_DAG_ID=tutorial
AIRFLOW_CTX_TASK_ID=print_date
AIRFLOW_CTX_EXECUTION_DATE=2021-02-15T00:00:00+00:00
AIRFLOW_CTX_DAG_RUN_ID=scheduled__2021-02-15T00:00:00+00:00
[2021-02-17 04:14:17,503] {bash.py:135} INFO - Tmp dir root location: 
 /tmp
[2021-02-17 04:14:17,517] {bash.py:158} INFO - Running command: date
[2021-02-17 04:14:20,032] {bash.py:169} INFO - Output:
[2021-02-17 04:14:22,683] {bash.py:173} INFO - Wed Feb 17 04:14:22 UTC 2021
[2021-02-17 04:14:22,747] {bash.py:177} INFO - Command exited with return code 0
[2021-02-17 04:14:23,171] {taskinstance.py:1166} INFO - Marking task as SUCCESS. dag_id=tutorial, task_id=print_date, execution_date=20210215T000000, start_date=20210217T041415, end_date=20210217T041423
[2021-02-17 04:14:23,396] {taskinstance.py:1220} INFO - 2 downstream tasks scheduled from follow-on schedule check
[2021-02-17 04:14:23,413] {local_task_job.py:146} INFO - Task exited with return code 0
