[2021-02-17 03:42:37,406] {taskinstance.py:851} INFO - Dependencies all met for <TaskInstance: example_branch_operator.branching 2021-02-15T00:00:00+00:00 [queued]>
[2021-02-17 03:42:37,596] {taskinstance.py:851} INFO - Dependencies all met for <TaskInstance: example_branch_operator.branching 2021-02-15T00:00:00+00:00 [queued]>
[2021-02-17 03:42:37,596] {taskinstance.py:1042} INFO - 
--------------------------------------------------------------------------------
[2021-02-17 03:42:37,596] {taskinstance.py:1043} INFO - Starting attempt 1 of 1
[2021-02-17 03:42:37,596] {taskinstance.py:1044} INFO - 
--------------------------------------------------------------------------------
[2021-02-17 03:42:37,671] {taskinstance.py:1063} INFO - Executing <Task(BranchPythonOperator): branching> on 2021-02-15T00:00:00+00:00
[2021-02-17 03:42:37,676] {standard_task_runner.py:52} INFO - Started process 358 to run task
[2021-02-17 03:42:37,692] {standard_task_runner.py:76} INFO - Running: ['airflow', 'tasks', 'run', 'example_branch_operator', 'branching', '2021-02-15T00:00:00+00:00', '--job-id', '74', '--pool', 'default_pool', '--raw', '--subdir', 'DAGS_FOLDER/example_branch_operator.py', '--cfg-path', '/tmp/tmp8omy95qt', '--error-file', '/tmp/tmpkywr4h75']
[2021-02-17 03:42:37,727] {standard_task_runner.py:77} INFO - Job 74: Subtask branching
[2021-02-17 03:42:38,000] {logging_mixin.py:104} INFO - Running <TaskInstance: example_branch_operator.branching 2021-02-15T00:00:00+00:00 [running]> on host 63b50af6ef7d
[2021-02-17 03:42:38,366] {taskinstance.py:1257} INFO - Exporting the following env vars:
AIRFLOW_CTX_DAG_OWNER=airflow
AIRFLOW_CTX_DAG_ID=example_branch_operator
AIRFLOW_CTX_TASK_ID=branching
AIRFLOW_CTX_EXECUTION_DATE=2021-02-15T00:00:00+00:00
AIRFLOW_CTX_DAG_RUN_ID=scheduled__2021-02-15T00:00:00+00:00
[2021-02-17 03:42:38,384] {python.py:118} INFO - Done. Returned value was: branch_a
[2021-02-17 03:42:38,385] {skipmixin.py:124} INFO - Following branch branch_a
[2021-02-17 03:42:38,406] {skipmixin.py:155} INFO - Skipping tasks ['branch_c', 'branch_b', 'branch_d']
[2021-02-17 03:42:38,568] {taskinstance.py:1166} INFO - Marking task as SUCCESS. dag_id=example_branch_operator, task_id=branching, execution_date=20210215T000000, start_date=20210217T034237, end_date=20210217T034238
[2021-02-17 03:42:38,693] {taskinstance.py:1220} INFO - 1 downstream tasks scheduled from follow-on schedule check
[2021-02-17 03:42:38,757] {local_task_job.py:146} INFO - Task exited with return code 0
