[2021-02-17 04:15:09,468] {taskinstance.py:851} INFO - Dependencies all met for <TaskInstance: tutorial.print_date 2021-02-17T04:14:52.471319+00:00 [queued]>
[2021-02-17 04:15:09,554] {taskinstance.py:851} INFO - Dependencies all met for <TaskInstance: tutorial.print_date 2021-02-17T04:14:52.471319+00:00 [queued]>
[2021-02-17 04:15:09,555] {taskinstance.py:1042} INFO - 
--------------------------------------------------------------------------------
[2021-02-17 04:15:09,555] {taskinstance.py:1043} INFO - Starting attempt 1 of 2
[2021-02-17 04:15:09,555] {taskinstance.py:1044} INFO - 
--------------------------------------------------------------------------------
[2021-02-17 04:15:09,653] {taskinstance.py:1063} INFO - Executing <Task(BashOperator): print_date> on 2021-02-17T04:14:52.471319+00:00
[2021-02-17 04:15:09,663] {standard_task_runner.py:52} INFO - Started process 204 to run task
[2021-02-17 04:15:09,670] {standard_task_runner.py:76} INFO - Running: ['airflow', 'tasks', 'run', 'tutorial', 'print_date', '2021-02-17T04:14:52.471319+00:00', '--job-id', '98', '--pool', 'default_pool', '--raw', '--subdir', 'DAGS_FOLDER/bash_operator.py', '--cfg-path', '/tmp/tmp3cmfv4lq', '--error-file', '/tmp/tmpeegzpeov']
[2021-02-17 04:15:09,675] {standard_task_runner.py:77} INFO - Job 98: Subtask print_date
[2021-02-17 04:15:09,849] {logging_mixin.py:104} INFO - Running <TaskInstance: tutorial.print_date 2021-02-17T04:14:52.471319+00:00 [running]> on host 63b50af6ef7d
[2021-02-17 04:15:10,161] {taskinstance.py:1257} INFO - Exporting the following env vars:
AIRFLOW_CTX_DAG_EMAIL=airflow@example.com
AIRFLOW_CTX_DAG_OWNER=airflow
AIRFLOW_CTX_DAG_ID=tutorial
AIRFLOW_CTX_TASK_ID=print_date
AIRFLOW_CTX_EXECUTION_DATE=2021-02-17T04:14:52.471319+00:00
AIRFLOW_CTX_DAG_RUN_ID=manual__2021-02-17T04:14:52.471319+00:00
[2021-02-17 04:15:10,162] {bash.py:135} INFO - Tmp dir root location: 
 /tmp
[2021-02-17 04:15:10,163] {bash.py:158} INFO - Running command: date
[2021-02-17 04:15:10,180] {bash.py:169} INFO - Output:
[2021-02-17 04:15:10,199] {bash.py:173} INFO - Wed Feb 17 04:15:10 UTC 2021
[2021-02-17 04:15:10,199] {bash.py:177} INFO - Command exited with return code 0
[2021-02-17 04:15:10,379] {taskinstance.py:1166} INFO - Marking task as SUCCESS. dag_id=tutorial, task_id=print_date, execution_date=20210217T041452, start_date=20210217T041509, end_date=20210217T041510
[2021-02-17 04:15:10,585] {taskinstance.py:1220} INFO - 2 downstream tasks scheduled from follow-on schedule check
[2021-02-17 04:15:10,633] {local_task_job.py:146} INFO - Task exited with return code 0
