[2021-02-17 03:48:50,388] {taskinstance.py:851} INFO - Dependencies all met for <TaskInstance: example_bash_operator.also_run_this 2021-02-15T00:00:00+00:00 [queued]>
[2021-02-17 03:48:50,627] {taskinstance.py:851} INFO - Dependencies all met for <TaskInstance: example_bash_operator.also_run_this 2021-02-15T00:00:00+00:00 [queued]>
[2021-02-17 03:48:50,627] {taskinstance.py:1042} INFO - 
--------------------------------------------------------------------------------
[2021-02-17 03:48:50,628] {taskinstance.py:1043} INFO - Starting attempt 1 of 1
[2021-02-17 03:48:50,628] {taskinstance.py:1044} INFO - 
--------------------------------------------------------------------------------
[2021-02-17 03:48:50,743] {taskinstance.py:1063} INFO - Executing <Task(BashOperator): also_run_this> on 2021-02-15T00:00:00+00:00
[2021-02-17 03:48:50,759] {standard_task_runner.py:52} INFO - Started process 615 to run task
[2021-02-17 03:48:50,803] {standard_task_runner.py:76} INFO - Running: ['airflow', 'tasks', 'run', 'example_bash_operator', 'also_run_this', '2021-02-15T00:00:00+00:00', '--job-id', '77', '--pool', 'default_pool', '--raw', '--subdir', 'DAGS_FOLDER/example_bash_operator.py', '--cfg-path', '/tmp/tmpve3kry0n', '--error-file', '/tmp/tmp79t9fhh5']
[2021-02-17 03:48:50,822] {standard_task_runner.py:77} INFO - Job 77: Subtask also_run_this
[2021-02-17 03:48:51,317] {logging_mixin.py:104} INFO - Running <TaskInstance: example_bash_operator.also_run_this 2021-02-15T00:00:00+00:00 [running]> on host 63b50af6ef7d
[2021-02-17 03:48:52,296] {taskinstance.py:1257} INFO - Exporting the following env vars:
AIRFLOW_CTX_DAG_OWNER=airflow
AIRFLOW_CTX_DAG_ID=example_bash_operator
AIRFLOW_CTX_TASK_ID=also_run_this
AIRFLOW_CTX_EXECUTION_DATE=2021-02-15T00:00:00+00:00
AIRFLOW_CTX_DAG_RUN_ID=scheduled__2021-02-15T00:00:00+00:00
[2021-02-17 03:48:52,329] {bash.py:135} INFO - Tmp dir root location: 
 /tmp
[2021-02-17 03:48:52,365] {bash.py:158} INFO - Running command: echo "run_id=scheduled__2021-02-15T00:00:00+00:00 | dag_run=<DagRun example_bash_operator @ 2021-02-15 00:00:00+00:00: scheduled__2021-02-15T00:00:00+00:00, externally triggered: False>"
[2021-02-17 03:48:52,937] {bash.py:169} INFO - Output:
[2021-02-17 03:48:53,681] {bash.py:173} INFO - run_id=scheduled__2021-02-15T00:00:00+00:00 | dag_run=<DagRun example_bash_operator @ 2021-02-15 00:00:00+00:00: scheduled__2021-02-15T00:00:00+00:00, externally triggered: False>
[2021-02-17 03:48:53,751] {bash.py:177} INFO - Command exited with return code 0
[2021-02-17 03:48:54,024] {taskinstance.py:1166} INFO - Marking task as SUCCESS. dag_id=example_bash_operator, task_id=also_run_this, execution_date=20210215T000000, start_date=20210217T034850, end_date=20210217T034854
[2021-02-17 03:48:54,129] {taskinstance.py:1220} INFO - 0 downstream tasks scheduled from follow-on schedule check
[2021-02-17 03:48:54,139] {local_task_job.py:146} INFO - Task exited with return code 0
