[2021-02-17 03:49:01,051] {taskinstance.py:851} INFO - Dependencies all met for <TaskInstance: example_bash_operator.run_after_loop 2021-02-16T00:00:00+00:00 [queued]>
[2021-02-17 03:49:01,188] {taskinstance.py:851} INFO - Dependencies all met for <TaskInstance: example_bash_operator.run_after_loop 2021-02-16T00:00:00+00:00 [queued]>
[2021-02-17 03:49:01,188] {taskinstance.py:1042} INFO - 
--------------------------------------------------------------------------------
[2021-02-17 03:49:01,188] {taskinstance.py:1043} INFO - Starting attempt 1 of 1
[2021-02-17 03:49:01,189] {taskinstance.py:1044} INFO - 
--------------------------------------------------------------------------------
[2021-02-17 03:49:01,281] {taskinstance.py:1063} INFO - Executing <Task(BashOperator): run_after_loop> on 2021-02-16T00:00:00+00:00
[2021-02-17 03:49:01,295] {standard_task_runner.py:52} INFO - Started process 632 to run task
[2021-02-17 03:49:01,332] {standard_task_runner.py:76} INFO - Running: ['airflow', 'tasks', 'run', 'example_bash_operator', 'run_after_loop', '2021-02-16T00:00:00+00:00', '--job-id', '89', '--pool', 'default_pool', '--raw', '--subdir', 'DAGS_FOLDER/example_bash_operator.py', '--cfg-path', '/tmp/tmpiytabx9g', '--error-file', '/tmp/tmprbwql_vi']
[2021-02-17 03:49:01,346] {standard_task_runner.py:77} INFO - Job 89: Subtask run_after_loop
[2021-02-17 03:49:01,724] {logging_mixin.py:104} INFO - Running <TaskInstance: example_bash_operator.run_after_loop 2021-02-16T00:00:00+00:00 [running]> on host 63b50af6ef7d
[2021-02-17 03:49:02,164] {taskinstance.py:1257} INFO - Exporting the following env vars:
AIRFLOW_CTX_DAG_OWNER=airflow
AIRFLOW_CTX_DAG_ID=example_bash_operator
AIRFLOW_CTX_TASK_ID=run_after_loop
AIRFLOW_CTX_EXECUTION_DATE=2021-02-16T00:00:00+00:00
AIRFLOW_CTX_DAG_RUN_ID=scheduled__2021-02-16T00:00:00+00:00
[2021-02-17 03:49:02,165] {bash.py:135} INFO - Tmp dir root location: 
 /tmp
[2021-02-17 03:49:02,172] {bash.py:158} INFO - Running command: echo 1
[2021-02-17 03:49:02,221] {bash.py:169} INFO - Output:
[2021-02-17 03:49:02,234] {bash.py:173} INFO - 1
[2021-02-17 03:49:02,234] {bash.py:177} INFO - Command exited with return code 0
[2021-02-17 03:49:02,387] {taskinstance.py:1166} INFO - Marking task as SUCCESS. dag_id=example_bash_operator, task_id=run_after_loop, execution_date=20210216T000000, start_date=20210217T034901, end_date=20210217T034902
[2021-02-17 03:49:02,484] {taskinstance.py:1220} INFO - 1 downstream tasks scheduled from follow-on schedule check
[2021-02-17 03:49:02,515] {local_task_job.py:146} INFO - Task exited with return code 0
