[2021-02-17 03:48:50,351] {taskinstance.py:851} INFO - Dependencies all met for <TaskInstance: example_bash_operator.runme_2 2021-02-15T00:00:00+00:00 [queued]>
[2021-02-17 03:48:50,474] {taskinstance.py:851} INFO - Dependencies all met for <TaskInstance: example_bash_operator.runme_2 2021-02-15T00:00:00+00:00 [queued]>
[2021-02-17 03:48:50,475] {taskinstance.py:1042} INFO - 
--------------------------------------------------------------------------------
[2021-02-17 03:48:50,475] {taskinstance.py:1043} INFO - Starting attempt 1 of 1
[2021-02-17 03:48:50,475] {taskinstance.py:1044} INFO - 
--------------------------------------------------------------------------------
[2021-02-17 03:48:50,683] {taskinstance.py:1063} INFO - Executing <Task(BashOperator): runme_2> on 2021-02-15T00:00:00+00:00
[2021-02-17 03:48:50,705] {standard_task_runner.py:52} INFO - Started process 612 to run task
[2021-02-17 03:48:50,762] {standard_task_runner.py:76} INFO - Running: ['airflow', 'tasks', 'run', 'example_bash_operator', 'runme_2', '2021-02-15T00:00:00+00:00', '--job-id', '78', '--pool', 'default_pool', '--raw', '--subdir', 'DAGS_FOLDER/example_bash_operator.py', '--cfg-path', '/tmp/tmp732uz7u5', '--error-file', '/tmp/tmp7_9hq7o6']
[2021-02-17 03:48:50,793] {standard_task_runner.py:77} INFO - Job 78: Subtask runme_2
[2021-02-17 03:48:51,270] {logging_mixin.py:104} INFO - Running <TaskInstance: example_bash_operator.runme_2 2021-02-15T00:00:00+00:00 [running]> on host 63b50af6ef7d
[2021-02-17 03:48:52,316] {taskinstance.py:1257} INFO - Exporting the following env vars:
AIRFLOW_CTX_DAG_OWNER=airflow
AIRFLOW_CTX_DAG_ID=example_bash_operator
AIRFLOW_CTX_TASK_ID=runme_2
AIRFLOW_CTX_EXECUTION_DATE=2021-02-15T00:00:00+00:00
AIRFLOW_CTX_DAG_RUN_ID=scheduled__2021-02-15T00:00:00+00:00
[2021-02-17 03:48:52,328] {bash.py:135} INFO - Tmp dir root location: 
 /tmp
[2021-02-17 03:48:52,362] {bash.py:158} INFO - Running command: echo "example_bash_operator__runme_2__20210215" && sleep 1
[2021-02-17 03:48:52,936] {bash.py:169} INFO - Output:
[2021-02-17 03:48:53,679] {bash.py:173} INFO - example_bash_operator__runme_2__20210215
[2021-02-17 03:48:54,747] {bash.py:177} INFO - Command exited with return code 0
[2021-02-17 03:48:54,912] {taskinstance.py:1166} INFO - Marking task as SUCCESS. dag_id=example_bash_operator, task_id=runme_2, execution_date=20210215T000000, start_date=20210217T034850, end_date=20210217T034854
[2021-02-17 03:48:55,218] {taskinstance.py:1220} INFO - 1 downstream tasks scheduled from follow-on schedule check
[2021-02-17 03:48:55,258] {local_task_job.py:146} INFO - Task exited with return code 0
