[2021-02-17 03:37:50,866] {scheduler_job.py:182} INFO - Started process (PID=157) to work on /opt/airflow/dags/example_branch_operator.py
[2021-02-17 03:37:50,867] {scheduler_job.py:629} INFO - Processing file /opt/airflow/dags/example_branch_operator.py for tasks to queue
[2021-02-17 03:37:50,877] {logging_mixin.py:104} INFO - [2021-02-17 03:37:50,868] {dagbag.py:448} INFO - Filling up the DagBag from /opt/airflow/dags/example_branch_operator.py
[2021-02-17 03:37:50,939] {scheduler_job.py:639} INFO - DAG(s) dict_keys(['example_branch_operator']) retrieved from /opt/airflow/dags/example_branch_operator.py
[2021-02-17 03:37:51,011] {logging_mixin.py:104} INFO - [2021-02-17 03:37:51,010] {dag.py:1818} INFO - Sync 1 DAGs
[2021-02-17 03:37:51,048] {logging_mixin.py:104} INFO - [2021-02-17 03:37:51,048] {dag.py:1837} INFO - Creating ORM DAG for example_branch_operator
[2021-02-17 03:37:51,069] {logging_mixin.py:104} INFO - [2021-02-17 03:37:51,069] {dag.py:2273} INFO - Setting next_dagrun for example_branch_operator to 2021-02-15 00:00:00+00:00
[2021-02-17 03:37:51,116] {scheduler_job.py:190} INFO - Processing /opt/airflow/dags/example_branch_operator.py took 0.254 seconds
[2021-02-17 03:38:21,586] {scheduler_job.py:182} INFO - Started process (PID=177) to work on /opt/airflow/dags/example_branch_operator.py
[2021-02-17 03:38:21,587] {scheduler_job.py:629} INFO - Processing file /opt/airflow/dags/example_branch_operator.py for tasks to queue
[2021-02-17 03:38:21,588] {logging_mixin.py:104} INFO - [2021-02-17 03:38:21,588] {dagbag.py:448} INFO - Filling up the DagBag from /opt/airflow/dags/example_branch_operator.py
[2021-02-17 03:38:21,650] {scheduler_job.py:639} INFO - DAG(s) dict_keys(['example_branch_operator']) retrieved from /opt/airflow/dags/example_branch_operator.py
[2021-02-17 03:38:21,720] {logging_mixin.py:104} INFO - [2021-02-17 03:38:21,720] {dag.py:1818} INFO - Sync 1 DAGs
[2021-02-17 03:38:21,792] {logging_mixin.py:104} INFO - [2021-02-17 03:38:21,792] {dag.py:2273} INFO - Setting next_dagrun for example_branch_operator to 2021-02-15 00:00:00+00:00
[2021-02-17 03:38:21,832] {scheduler_job.py:190} INFO - Processing /opt/airflow/dags/example_branch_operator.py took 0.259 seconds
[2021-02-17 03:38:52,422] {scheduler_job.py:182} INFO - Started process (PID=197) to work on /opt/airflow/dags/example_branch_operator.py
[2021-02-17 03:38:52,425] {scheduler_job.py:629} INFO - Processing file /opt/airflow/dags/example_branch_operator.py for tasks to queue
[2021-02-17 03:38:52,427] {logging_mixin.py:104} INFO - [2021-02-17 03:38:52,427] {dagbag.py:448} INFO - Filling up the DagBag from /opt/airflow/dags/example_branch_operator.py
[2021-02-17 03:38:52,550] {scheduler_job.py:639} INFO - DAG(s) dict_keys(['example_branch_operator']) retrieved from /opt/airflow/dags/example_branch_operator.py
[2021-02-17 03:38:52,638] {logging_mixin.py:104} INFO - [2021-02-17 03:38:52,638] {dag.py:1818} INFO - Sync 1 DAGs
[2021-02-17 03:38:52,737] {logging_mixin.py:104} INFO - [2021-02-17 03:38:52,737] {dag.py:2273} INFO - Setting next_dagrun for example_branch_operator to 2021-02-15 00:00:00+00:00
[2021-02-17 03:38:52,787] {scheduler_job.py:190} INFO - Processing /opt/airflow/dags/example_branch_operator.py took 0.384 seconds
[2021-02-17 03:39:23,346] {scheduler_job.py:182} INFO - Started process (PID=218) to work on /opt/airflow/dags/example_branch_operator.py
[2021-02-17 03:39:23,372] {scheduler_job.py:629} INFO - Processing file /opt/airflow/dags/example_branch_operator.py for tasks to queue
[2021-02-17 03:39:23,375] {logging_mixin.py:104} INFO - [2021-02-17 03:39:23,374] {dagbag.py:448} INFO - Filling up the DagBag from /opt/airflow/dags/example_branch_operator.py
[2021-02-17 03:39:23,430] {scheduler_job.py:639} INFO - DAG(s) dict_keys(['example_branch_operator']) retrieved from /opt/airflow/dags/example_branch_operator.py
[2021-02-17 03:39:23,466] {logging_mixin.py:104} INFO - [2021-02-17 03:39:23,466] {dag.py:1818} INFO - Sync 1 DAGs
[2021-02-17 03:39:23,502] {logging_mixin.py:104} INFO - [2021-02-17 03:39:23,502] {dag.py:2273} INFO - Setting next_dagrun for example_branch_operator to 2021-02-15 00:00:00+00:00
[2021-02-17 03:39:23,525] {scheduler_job.py:190} INFO - Processing /opt/airflow/dags/example_branch_operator.py took 0.184 seconds
[2021-02-17 03:39:53,811] {scheduler_job.py:182} INFO - Started process (PID=236) to work on /opt/airflow/dags/example_branch_operator.py
[2021-02-17 03:39:53,813] {scheduler_job.py:629} INFO - Processing file /opt/airflow/dags/example_branch_operator.py for tasks to queue
[2021-02-17 03:39:53,814] {logging_mixin.py:104} INFO - [2021-02-17 03:39:53,814] {dagbag.py:448} INFO - Filling up the DagBag from /opt/airflow/dags/example_branch_operator.py
[2021-02-17 03:39:53,855] {scheduler_job.py:639} INFO - DAG(s) dict_keys(['example_branch_operator']) retrieved from /opt/airflow/dags/example_branch_operator.py
[2021-02-17 03:39:53,898] {logging_mixin.py:104} INFO - [2021-02-17 03:39:53,898] {dag.py:1818} INFO - Sync 1 DAGs
[2021-02-17 03:39:53,936] {logging_mixin.py:104} INFO - [2021-02-17 03:39:53,936] {dag.py:2273} INFO - Setting next_dagrun for example_branch_operator to 2021-02-15 00:00:00+00:00
[2021-02-17 03:39:53,966] {scheduler_job.py:190} INFO - Processing /opt/airflow/dags/example_branch_operator.py took 0.166 seconds
[2021-02-17 03:40:24,353] {scheduler_job.py:182} INFO - Started process (PID=256) to work on /opt/airflow/dags/example_branch_operator.py
[2021-02-17 03:40:24,377] {scheduler_job.py:629} INFO - Processing file /opt/airflow/dags/example_branch_operator.py for tasks to queue
[2021-02-17 03:40:24,378] {logging_mixin.py:104} INFO - [2021-02-17 03:40:24,378] {dagbag.py:448} INFO - Filling up the DagBag from /opt/airflow/dags/example_branch_operator.py
[2021-02-17 03:40:24,492] {scheduler_job.py:639} INFO - DAG(s) dict_keys(['example_branch_operator']) retrieved from /opt/airflow/dags/example_branch_operator.py
[2021-02-17 03:40:24,527] {logging_mixin.py:104} INFO - [2021-02-17 03:40:24,527] {dag.py:1818} INFO - Sync 1 DAGs
[2021-02-17 03:40:24,563] {logging_mixin.py:104} INFO - [2021-02-17 03:40:24,563] {dag.py:2273} INFO - Setting next_dagrun for example_branch_operator to 2021-02-15 00:00:00+00:00
[2021-02-17 03:40:24,592] {scheduler_job.py:190} INFO - Processing /opt/airflow/dags/example_branch_operator.py took 0.246 seconds
[2021-02-17 03:40:54,947] {scheduler_job.py:182} INFO - Started process (PID=278) to work on /opt/airflow/dags/example_branch_operator.py
[2021-02-17 03:40:54,948] {scheduler_job.py:629} INFO - Processing file /opt/airflow/dags/example_branch_operator.py for tasks to queue
[2021-02-17 03:40:54,953] {logging_mixin.py:104} INFO - [2021-02-17 03:40:54,953] {dagbag.py:448} INFO - Filling up the DagBag from /opt/airflow/dags/example_branch_operator.py
[2021-02-17 03:40:54,992] {scheduler_job.py:639} INFO - DAG(s) dict_keys(['example_branch_operator']) retrieved from /opt/airflow/dags/example_branch_operator.py
[2021-02-17 03:40:55,036] {logging_mixin.py:104} INFO - [2021-02-17 03:40:55,036] {dag.py:1818} INFO - Sync 1 DAGs
[2021-02-17 03:40:55,074] {logging_mixin.py:104} INFO - [2021-02-17 03:40:55,074] {dag.py:2273} INFO - Setting next_dagrun for example_branch_operator to 2021-02-15 00:00:00+00:00
[2021-02-17 03:40:55,097] {scheduler_job.py:190} INFO - Processing /opt/airflow/dags/example_branch_operator.py took 0.158 seconds
[2021-02-17 03:41:25,370] {scheduler_job.py:182} INFO - Started process (PID=297) to work on /opt/airflow/dags/example_branch_operator.py
[2021-02-17 03:41:25,372] {scheduler_job.py:629} INFO - Processing file /opt/airflow/dags/example_branch_operator.py for tasks to queue
[2021-02-17 03:41:25,373] {logging_mixin.py:104} INFO - [2021-02-17 03:41:25,373] {dagbag.py:448} INFO - Filling up the DagBag from /opt/airflow/dags/example_branch_operator.py
[2021-02-17 03:41:25,410] {scheduler_job.py:639} INFO - DAG(s) dict_keys(['example_branch_operator']) retrieved from /opt/airflow/dags/example_branch_operator.py
[2021-02-17 03:41:25,447] {logging_mixin.py:104} INFO - [2021-02-17 03:41:25,447] {dag.py:1818} INFO - Sync 1 DAGs
[2021-02-17 03:41:25,488] {logging_mixin.py:104} INFO - [2021-02-17 03:41:25,488] {dag.py:2273} INFO - Setting next_dagrun for example_branch_operator to 2021-02-15 00:00:00+00:00
[2021-02-17 03:41:25,514] {scheduler_job.py:190} INFO - Processing /opt/airflow/dags/example_branch_operator.py took 0.150 seconds
[2021-02-17 03:41:56,049] {scheduler_job.py:182} INFO - Started process (PID=316) to work on /opt/airflow/dags/example_branch_operator.py
[2021-02-17 03:41:56,072] {scheduler_job.py:629} INFO - Processing file /opt/airflow/dags/example_branch_operator.py for tasks to queue
[2021-02-17 03:41:56,073] {logging_mixin.py:104} INFO - [2021-02-17 03:41:56,073] {dagbag.py:448} INFO - Filling up the DagBag from /opt/airflow/dags/example_branch_operator.py
[2021-02-17 03:41:56,147] {scheduler_job.py:639} INFO - DAG(s) dict_keys(['example_branch_operator']) retrieved from /opt/airflow/dags/example_branch_operator.py
[2021-02-17 03:41:56,181] {logging_mixin.py:104} INFO - [2021-02-17 03:41:56,181] {dag.py:1818} INFO - Sync 1 DAGs
[2021-02-17 03:41:56,216] {logging_mixin.py:104} INFO - [2021-02-17 03:41:56,216] {dag.py:2273} INFO - Setting next_dagrun for example_branch_operator to 2021-02-15 00:00:00+00:00
[2021-02-17 03:41:56,252] {scheduler_job.py:190} INFO - Processing /opt/airflow/dags/example_branch_operator.py took 0.208 seconds
[2021-02-17 03:42:26,662] {scheduler_job.py:182} INFO - Started process (PID=337) to work on /opt/airflow/dags/example_branch_operator.py
[2021-02-17 03:42:26,664] {scheduler_job.py:629} INFO - Processing file /opt/airflow/dags/example_branch_operator.py for tasks to queue
[2021-02-17 03:42:26,669] {logging_mixin.py:104} INFO - [2021-02-17 03:42:26,669] {dagbag.py:448} INFO - Filling up the DagBag from /opt/airflow/dags/example_branch_operator.py
[2021-02-17 03:42:26,727] {scheduler_job.py:639} INFO - DAG(s) dict_keys(['example_branch_operator']) retrieved from /opt/airflow/dags/example_branch_operator.py
[2021-02-17 03:42:26,821] {logging_mixin.py:104} INFO - [2021-02-17 03:42:26,821] {dag.py:1818} INFO - Sync 1 DAGs
[2021-02-17 03:42:26,893] {logging_mixin.py:104} INFO - [2021-02-17 03:42:26,892] {dag.py:2273} INFO - Setting next_dagrun for example_branch_operator to 2021-02-15 00:00:00+00:00
[2021-02-17 03:42:26,925] {scheduler_job.py:190} INFO - Processing /opt/airflow/dags/example_branch_operator.py took 0.281 seconds
[2021-02-17 03:42:57,582] {scheduler_job.py:182} INFO - Started process (PID=364) to work on /opt/airflow/dags/example_branch_operator.py
[2021-02-17 03:42:57,584] {scheduler_job.py:629} INFO - Processing file /opt/airflow/dags/example_branch_operator.py for tasks to queue
[2021-02-17 03:42:57,585] {logging_mixin.py:104} INFO - [2021-02-17 03:42:57,585] {dagbag.py:448} INFO - Filling up the DagBag from /opt/airflow/dags/example_branch_operator.py
[2021-02-17 03:42:57,627] {scheduler_job.py:639} INFO - DAG(s) dict_keys(['example_branch_operator']) retrieved from /opt/airflow/dags/example_branch_operator.py
[2021-02-17 03:42:57,667] {logging_mixin.py:104} INFO - [2021-02-17 03:42:57,667] {dag.py:1818} INFO - Sync 1 DAGs
[2021-02-17 03:42:57,794] {logging_mixin.py:104} INFO - [2021-02-17 03:42:57,793] {dag.py:2273} INFO - Setting next_dagrun for example_branch_operator to 2021-02-17 00:00:00+00:00
[2021-02-17 03:42:57,948] {scheduler_job.py:190} INFO - Processing /opt/airflow/dags/example_branch_operator.py took 0.372 seconds
[2021-02-17 03:43:28,671] {scheduler_job.py:182} INFO - Started process (PID=384) to work on /opt/airflow/dags/example_branch_operator.py
[2021-02-17 03:43:28,673] {scheduler_job.py:629} INFO - Processing file /opt/airflow/dags/example_branch_operator.py for tasks to queue
[2021-02-17 03:43:28,674] {logging_mixin.py:104} INFO - [2021-02-17 03:43:28,674] {dagbag.py:448} INFO - Filling up the DagBag from /opt/airflow/dags/example_branch_operator.py
[2021-02-17 03:43:28,708] {scheduler_job.py:639} INFO - DAG(s) dict_keys(['example_branch_operator']) retrieved from /opt/airflow/dags/example_branch_operator.py
[2021-02-17 03:43:28,755] {logging_mixin.py:104} INFO - [2021-02-17 03:43:28,755] {dag.py:1818} INFO - Sync 1 DAGs
[2021-02-17 03:43:28,785] {logging_mixin.py:104} INFO - [2021-02-17 03:43:28,785] {dag.py:2273} INFO - Setting next_dagrun for example_branch_operator to 2021-02-17 00:00:00+00:00
[2021-02-17 03:43:28,805] {scheduler_job.py:190} INFO - Processing /opt/airflow/dags/example_branch_operator.py took 0.139 seconds
[2021-02-17 03:43:59,108] {scheduler_job.py:182} INFO - Started process (PID=404) to work on /opt/airflow/dags/example_branch_operator.py
[2021-02-17 03:43:59,109] {scheduler_job.py:629} INFO - Processing file /opt/airflow/dags/example_branch_operator.py for tasks to queue
[2021-02-17 03:43:59,110] {logging_mixin.py:104} INFO - [2021-02-17 03:43:59,110] {dagbag.py:448} INFO - Filling up the DagBag from /opt/airflow/dags/example_branch_operator.py
[2021-02-17 03:43:59,140] {scheduler_job.py:639} INFO - DAG(s) dict_keys(['example_branch_operator']) retrieved from /opt/airflow/dags/example_branch_operator.py
[2021-02-17 03:43:59,174] {logging_mixin.py:104} INFO - [2021-02-17 03:43:59,174] {dag.py:1818} INFO - Sync 1 DAGs
[2021-02-17 03:43:59,203] {logging_mixin.py:104} INFO - [2021-02-17 03:43:59,203] {dag.py:2273} INFO - Setting next_dagrun for example_branch_operator to 2021-02-17 00:00:00+00:00
[2021-02-17 03:43:59,244] {scheduler_job.py:190} INFO - Processing /opt/airflow/dags/example_branch_operator.py took 0.142 seconds
[2021-02-17 03:44:29,581] {scheduler_job.py:182} INFO - Started process (PID=424) to work on /opt/airflow/dags/example_branch_operator.py
[2021-02-17 03:44:29,582] {scheduler_job.py:629} INFO - Processing file /opt/airflow/dags/example_branch_operator.py for tasks to queue
[2021-02-17 03:44:29,583] {logging_mixin.py:104} INFO - [2021-02-17 03:44:29,583] {dagbag.py:448} INFO - Filling up the DagBag from /opt/airflow/dags/example_branch_operator.py
[2021-02-17 03:44:29,613] {scheduler_job.py:639} INFO - DAG(s) dict_keys(['example_branch_operator']) retrieved from /opt/airflow/dags/example_branch_operator.py
[2021-02-17 03:44:29,647] {logging_mixin.py:104} INFO - [2021-02-17 03:44:29,647] {dag.py:1818} INFO - Sync 1 DAGs
[2021-02-17 03:44:29,676] {logging_mixin.py:104} INFO - [2021-02-17 03:44:29,676] {dag.py:2273} INFO - Setting next_dagrun for example_branch_operator to 2021-02-17 00:00:00+00:00
[2021-02-17 03:44:29,695] {scheduler_job.py:190} INFO - Processing /opt/airflow/dags/example_branch_operator.py took 0.120 seconds
[2021-02-17 03:45:00,033] {scheduler_job.py:182} INFO - Started process (PID=443) to work on /opt/airflow/dags/example_branch_operator.py
[2021-02-17 03:45:00,034] {scheduler_job.py:629} INFO - Processing file /opt/airflow/dags/example_branch_operator.py for tasks to queue
[2021-02-17 03:45:00,036] {logging_mixin.py:104} INFO - [2021-02-17 03:45:00,035] {dagbag.py:448} INFO - Filling up the DagBag from /opt/airflow/dags/example_branch_operator.py
[2021-02-17 03:45:00,063] {scheduler_job.py:639} INFO - DAG(s) dict_keys(['example_branch_operator']) retrieved from /opt/airflow/dags/example_branch_operator.py
[2021-02-17 03:45:00,096] {logging_mixin.py:104} INFO - [2021-02-17 03:45:00,096] {dag.py:1818} INFO - Sync 1 DAGs
[2021-02-17 03:45:00,125] {logging_mixin.py:104} INFO - [2021-02-17 03:45:00,125] {dag.py:2273} INFO - Setting next_dagrun for example_branch_operator to 2021-02-17 00:00:00+00:00
[2021-02-17 03:45:00,155] {scheduler_job.py:190} INFO - Processing /opt/airflow/dags/example_branch_operator.py took 0.128 seconds
[2021-02-17 03:45:30,452] {scheduler_job.py:182} INFO - Started process (PID=464) to work on /opt/airflow/dags/example_branch_operator.py
[2021-02-17 03:45:30,454] {scheduler_job.py:629} INFO - Processing file /opt/airflow/dags/example_branch_operator.py for tasks to queue
[2021-02-17 03:45:30,455] {logging_mixin.py:104} INFO - [2021-02-17 03:45:30,455] {dagbag.py:448} INFO - Filling up the DagBag from /opt/airflow/dags/example_branch_operator.py
[2021-02-17 03:45:30,487] {scheduler_job.py:639} INFO - DAG(s) dict_keys(['example_branch_operator']) retrieved from /opt/airflow/dags/example_branch_operator.py
[2021-02-17 03:45:30,520] {logging_mixin.py:104} INFO - [2021-02-17 03:45:30,520] {dag.py:1818} INFO - Sync 1 DAGs
[2021-02-17 03:45:30,549] {logging_mixin.py:104} INFO - [2021-02-17 03:45:30,549] {dag.py:2273} INFO - Setting next_dagrun for example_branch_operator to 2021-02-17 00:00:00+00:00
[2021-02-17 03:45:30,572] {scheduler_job.py:190} INFO - Processing /opt/airflow/dags/example_branch_operator.py took 0.126 seconds
[2021-02-17 03:46:00,879] {scheduler_job.py:182} INFO - Started process (PID=484) to work on /opt/airflow/dags/example_branch_operator.py
[2021-02-17 03:46:00,882] {scheduler_job.py:629} INFO - Processing file /opt/airflow/dags/example_branch_operator.py for tasks to queue
[2021-02-17 03:46:00,883] {logging_mixin.py:104} INFO - [2021-02-17 03:46:00,883] {dagbag.py:448} INFO - Filling up the DagBag from /opt/airflow/dags/example_branch_operator.py
[2021-02-17 03:46:00,919] {scheduler_job.py:639} INFO - DAG(s) dict_keys(['example_branch_operator']) retrieved from /opt/airflow/dags/example_branch_operator.py
[2021-02-17 03:46:00,955] {logging_mixin.py:104} INFO - [2021-02-17 03:46:00,955] {dag.py:1818} INFO - Sync 1 DAGs
[2021-02-17 03:46:00,983] {logging_mixin.py:104} INFO - [2021-02-17 03:46:00,983] {dag.py:2273} INFO - Setting next_dagrun for example_branch_operator to 2021-02-17 00:00:00+00:00
[2021-02-17 03:46:01,001] {scheduler_job.py:190} INFO - Processing /opt/airflow/dags/example_branch_operator.py took 0.128 seconds
[2021-02-17 03:46:31,324] {scheduler_job.py:182} INFO - Started process (PID=503) to work on /opt/airflow/dags/example_branch_operator.py
[2021-02-17 03:46:31,325] {scheduler_job.py:629} INFO - Processing file /opt/airflow/dags/example_branch_operator.py for tasks to queue
[2021-02-17 03:46:31,326] {logging_mixin.py:104} INFO - [2021-02-17 03:46:31,326] {dagbag.py:448} INFO - Filling up the DagBag from /opt/airflow/dags/example_branch_operator.py
[2021-02-17 03:46:31,378] {scheduler_job.py:639} INFO - DAG(s) dict_keys(['example_branch_operator']) retrieved from /opt/airflow/dags/example_branch_operator.py
[2021-02-17 03:46:31,435] {logging_mixin.py:104} INFO - [2021-02-17 03:46:31,435] {dag.py:1818} INFO - Sync 1 DAGs
[2021-02-17 03:46:31,485] {logging_mixin.py:104} INFO - [2021-02-17 03:46:31,485] {dag.py:2273} INFO - Setting next_dagrun for example_branch_operator to 2021-02-17 00:00:00+00:00
[2021-02-17 03:46:31,511] {scheduler_job.py:190} INFO - Processing /opt/airflow/dags/example_branch_operator.py took 0.202 seconds
[2021-02-17 03:47:01,871] {scheduler_job.py:182} INFO - Started process (PID=523) to work on /opt/airflow/dags/example_branch_operator.py
[2021-02-17 03:47:01,872] {scheduler_job.py:629} INFO - Processing file /opt/airflow/dags/example_branch_operator.py for tasks to queue
[2021-02-17 03:47:01,873] {logging_mixin.py:104} INFO - [2021-02-17 03:47:01,873] {dagbag.py:448} INFO - Filling up the DagBag from /opt/airflow/dags/example_branch_operator.py
[2021-02-17 03:47:01,901] {scheduler_job.py:639} INFO - DAG(s) dict_keys(['example_branch_operator']) retrieved from /opt/airflow/dags/example_branch_operator.py
[2021-02-17 03:47:01,958] {logging_mixin.py:104} INFO - [2021-02-17 03:47:01,958] {dag.py:1818} INFO - Sync 1 DAGs
[2021-02-17 03:47:01,990] {logging_mixin.py:104} INFO - [2021-02-17 03:47:01,990] {dag.py:2273} INFO - Setting next_dagrun for example_branch_operator to 2021-02-17 00:00:00+00:00
[2021-02-17 03:47:02,013] {scheduler_job.py:190} INFO - Processing /opt/airflow/dags/example_branch_operator.py took 0.148 seconds
[2021-02-17 03:47:32,309] {scheduler_job.py:182} INFO - Started process (PID=544) to work on /opt/airflow/dags/example_branch_operator.py
[2021-02-17 03:47:32,311] {scheduler_job.py:629} INFO - Processing file /opt/airflow/dags/example_branch_operator.py for tasks to queue
[2021-02-17 03:47:32,312] {logging_mixin.py:104} INFO - [2021-02-17 03:47:32,312] {dagbag.py:448} INFO - Filling up the DagBag from /opt/airflow/dags/example_branch_operator.py
[2021-02-17 03:47:32,343] {scheduler_job.py:639} INFO - DAG(s) dict_keys(['example_branch_operator']) retrieved from /opt/airflow/dags/example_branch_operator.py
[2021-02-17 03:47:32,377] {logging_mixin.py:104} INFO - [2021-02-17 03:47:32,376] {dag.py:1818} INFO - Sync 1 DAGs
[2021-02-17 03:47:32,410] {logging_mixin.py:104} INFO - [2021-02-17 03:47:32,410] {dag.py:2273} INFO - Setting next_dagrun for example_branch_operator to 2021-02-17 00:00:00+00:00
[2021-02-17 03:47:32,442] {scheduler_job.py:190} INFO - Processing /opt/airflow/dags/example_branch_operator.py took 0.138 seconds
[2021-02-17 03:48:02,723] {scheduler_job.py:182} INFO - Started process (PID=564) to work on /opt/airflow/dags/example_branch_operator.py
[2021-02-17 03:48:02,724] {scheduler_job.py:629} INFO - Processing file /opt/airflow/dags/example_branch_operator.py for tasks to queue
[2021-02-17 03:48:02,725] {logging_mixin.py:104} INFO - [2021-02-17 03:48:02,725] {dagbag.py:448} INFO - Filling up the DagBag from /opt/airflow/dags/example_branch_operator.py
[2021-02-17 03:48:02,755] {scheduler_job.py:639} INFO - DAG(s) dict_keys(['example_branch_operator']) retrieved from /opt/airflow/dags/example_branch_operator.py
[2021-02-17 03:48:02,789] {logging_mixin.py:104} INFO - [2021-02-17 03:48:02,789] {dag.py:1818} INFO - Sync 1 DAGs
[2021-02-17 03:48:02,819] {logging_mixin.py:104} INFO - [2021-02-17 03:48:02,819] {dag.py:2273} INFO - Setting next_dagrun for example_branch_operator to 2021-02-17 00:00:00+00:00
[2021-02-17 03:48:02,849] {scheduler_job.py:190} INFO - Processing /opt/airflow/dags/example_branch_operator.py took 0.132 seconds
[2021-02-17 03:48:33,150] {scheduler_job.py:182} INFO - Started process (PID=584) to work on /opt/airflow/dags/example_branch_operator.py
[2021-02-17 03:48:33,152] {scheduler_job.py:629} INFO - Processing file /opt/airflow/dags/example_branch_operator.py for tasks to queue
[2021-02-17 03:48:33,153] {logging_mixin.py:104} INFO - [2021-02-17 03:48:33,153] {dagbag.py:448} INFO - Filling up the DagBag from /opt/airflow/dags/example_branch_operator.py
[2021-02-17 03:48:33,184] {scheduler_job.py:639} INFO - DAG(s) dict_keys(['example_branch_operator']) retrieved from /opt/airflow/dags/example_branch_operator.py
[2021-02-17 03:48:33,224] {logging_mixin.py:104} INFO - [2021-02-17 03:48:33,224] {dag.py:1818} INFO - Sync 1 DAGs
[2021-02-17 03:48:33,261] {logging_mixin.py:104} INFO - [2021-02-17 03:48:33,261] {dag.py:2273} INFO - Setting next_dagrun for example_branch_operator to 2021-02-17 00:00:00+00:00
[2021-02-17 03:48:33,292] {scheduler_job.py:190} INFO - Processing /opt/airflow/dags/example_branch_operator.py took 0.148 seconds
[2021-02-17 03:49:03,967] {scheduler_job.py:182} INFO - Started process (PID=644) to work on /opt/airflow/dags/example_branch_operator.py
[2021-02-17 03:49:04,006] {scheduler_job.py:629} INFO - Processing file /opt/airflow/dags/example_branch_operator.py for tasks to queue
[2021-02-17 03:49:04,007] {logging_mixin.py:104} INFO - [2021-02-17 03:49:04,007] {dagbag.py:448} INFO - Filling up the DagBag from /opt/airflow/dags/example_branch_operator.py
[2021-02-17 03:49:04,540] {scheduler_job.py:639} INFO - DAG(s) dict_keys(['example_branch_operator']) retrieved from /opt/airflow/dags/example_branch_operator.py
[2021-02-17 03:49:04,624] {logging_mixin.py:104} INFO - [2021-02-17 03:49:04,624] {dag.py:1818} INFO - Sync 1 DAGs
[2021-02-17 03:49:04,685] {logging_mixin.py:104} INFO - [2021-02-17 03:49:04,685] {dag.py:2273} INFO - Setting next_dagrun for example_branch_operator to 2021-02-17 00:00:00+00:00
[2021-02-17 03:49:04,815] {scheduler_job.py:190} INFO - Processing /opt/airflow/dags/example_branch_operator.py took 0.859 seconds
[2021-02-17 03:49:35,712] {scheduler_job.py:182} INFO - Started process (PID=668) to work on /opt/airflow/dags/example_branch_operator.py
[2021-02-17 03:49:35,722] {scheduler_job.py:629} INFO - Processing file /opt/airflow/dags/example_branch_operator.py for tasks to queue
[2021-02-17 03:49:35,730] {logging_mixin.py:104} INFO - [2021-02-17 03:49:35,723] {dagbag.py:448} INFO - Filling up the DagBag from /opt/airflow/dags/example_branch_operator.py
[2021-02-17 03:49:35,876] {scheduler_job.py:639} INFO - DAG(s) dict_keys(['example_branch_operator']) retrieved from /opt/airflow/dags/example_branch_operator.py
[2021-02-17 03:49:36,043] {logging_mixin.py:104} INFO - [2021-02-17 03:49:36,043] {dag.py:1818} INFO - Sync 1 DAGs
[2021-02-17 03:49:36,112] {logging_mixin.py:104} INFO - [2021-02-17 03:49:36,112] {dag.py:2273} INFO - Setting next_dagrun for example_branch_operator to 2021-02-17 00:00:00+00:00
[2021-02-17 03:49:36,157] {scheduler_job.py:190} INFO - Processing /opt/airflow/dags/example_branch_operator.py took 0.485 seconds
[2021-02-17 03:50:06,589] {scheduler_job.py:182} INFO - Started process (PID=687) to work on /opt/airflow/dags/example_branch_operator.py
[2021-02-17 03:50:06,591] {scheduler_job.py:629} INFO - Processing file /opt/airflow/dags/example_branch_operator.py for tasks to queue
[2021-02-17 03:50:06,592] {logging_mixin.py:104} INFO - [2021-02-17 03:50:06,592] {dagbag.py:448} INFO - Filling up the DagBag from /opt/airflow/dags/example_branch_operator.py
[2021-02-17 03:50:06,665] {scheduler_job.py:639} INFO - DAG(s) dict_keys(['example_branch_operator']) retrieved from /opt/airflow/dags/example_branch_operator.py
[2021-02-17 03:50:06,745] {logging_mixin.py:104} INFO - [2021-02-17 03:50:06,745] {dag.py:1818} INFO - Sync 1 DAGs
[2021-02-17 03:50:06,788] {logging_mixin.py:104} INFO - [2021-02-17 03:50:06,788] {dag.py:2273} INFO - Setting next_dagrun for example_branch_operator to 2021-02-17 00:00:00+00:00
[2021-02-17 03:50:06,886] {scheduler_job.py:190} INFO - Processing /opt/airflow/dags/example_branch_operator.py took 0.306 seconds
[2021-02-17 03:50:37,430] {scheduler_job.py:182} INFO - Started process (PID=708) to work on /opt/airflow/dags/example_branch_operator.py
[2021-02-17 03:50:37,439] {scheduler_job.py:629} INFO - Processing file /opt/airflow/dags/example_branch_operator.py for tasks to queue
[2021-02-17 03:50:37,441] {logging_mixin.py:104} INFO - [2021-02-17 03:50:37,440] {dagbag.py:448} INFO - Filling up the DagBag from /opt/airflow/dags/example_branch_operator.py
[2021-02-17 03:50:37,473] {scheduler_job.py:639} INFO - DAG(s) dict_keys(['example_branch_operator']) retrieved from /opt/airflow/dags/example_branch_operator.py
[2021-02-17 03:50:37,536] {logging_mixin.py:104} INFO - [2021-02-17 03:50:37,536] {dag.py:1818} INFO - Sync 1 DAGs
[2021-02-17 03:50:37,600] {logging_mixin.py:104} INFO - [2021-02-17 03:50:37,599] {dag.py:2273} INFO - Setting next_dagrun for example_branch_operator to 2021-02-17 00:00:00+00:00
[2021-02-17 03:50:37,646] {scheduler_job.py:190} INFO - Processing /opt/airflow/dags/example_branch_operator.py took 0.232 seconds
[2021-02-17 03:51:08,210] {scheduler_job.py:182} INFO - Started process (PID=728) to work on /opt/airflow/dags/example_branch_operator.py
[2021-02-17 03:51:08,211] {scheduler_job.py:629} INFO - Processing file /opt/airflow/dags/example_branch_operator.py for tasks to queue
[2021-02-17 03:51:08,213] {logging_mixin.py:104} INFO - [2021-02-17 03:51:08,212] {dagbag.py:448} INFO - Filling up the DagBag from /opt/airflow/dags/example_branch_operator.py
[2021-02-17 03:51:08,241] {scheduler_job.py:639} INFO - DAG(s) dict_keys(['example_branch_operator']) retrieved from /opt/airflow/dags/example_branch_operator.py
[2021-02-17 03:51:08,341] {logging_mixin.py:104} INFO - [2021-02-17 03:51:08,341] {dag.py:1818} INFO - Sync 1 DAGs
[2021-02-17 03:51:08,462] {logging_mixin.py:104} INFO - [2021-02-17 03:51:08,462] {dag.py:2273} INFO - Setting next_dagrun for example_branch_operator to 2021-02-17 00:00:00+00:00
[2021-02-17 03:51:08,507] {scheduler_job.py:190} INFO - Processing /opt/airflow/dags/example_branch_operator.py took 0.315 seconds
[2021-02-17 03:51:38,962] {scheduler_job.py:182} INFO - Started process (PID=748) to work on /opt/airflow/dags/example_branch_operator.py
[2021-02-17 03:51:38,972] {scheduler_job.py:629} INFO - Processing file /opt/airflow/dags/example_branch_operator.py for tasks to queue
[2021-02-17 03:51:38,973] {logging_mixin.py:104} INFO - [2021-02-17 03:51:38,973] {dagbag.py:448} INFO - Filling up the DagBag from /opt/airflow/dags/example_branch_operator.py
[2021-02-17 03:51:39,083] {scheduler_job.py:639} INFO - DAG(s) dict_keys(['example_branch_operator']) retrieved from /opt/airflow/dags/example_branch_operator.py
[2021-02-17 03:51:39,217] {logging_mixin.py:104} INFO - [2021-02-17 03:51:39,217] {dag.py:1818} INFO - Sync 1 DAGs
[2021-02-17 03:51:39,338] {logging_mixin.py:104} INFO - [2021-02-17 03:51:39,338] {dag.py:2273} INFO - Setting next_dagrun for example_branch_operator to 2021-02-17 00:00:00+00:00
[2021-02-17 03:51:39,439] {scheduler_job.py:190} INFO - Processing /opt/airflow/dags/example_branch_operator.py took 0.497 seconds
[2021-02-17 03:52:10,254] {scheduler_job.py:182} INFO - Started process (PID=767) to work on /opt/airflow/dags/example_branch_operator.py
[2021-02-17 03:52:10,256] {scheduler_job.py:629} INFO - Processing file /opt/airflow/dags/example_branch_operator.py for tasks to queue
[2021-02-17 03:52:10,262] {logging_mixin.py:104} INFO - [2021-02-17 03:52:10,261] {dagbag.py:448} INFO - Filling up the DagBag from /opt/airflow/dags/example_branch_operator.py
[2021-02-17 03:52:10,316] {scheduler_job.py:639} INFO - DAG(s) dict_keys(['example_branch_operator']) retrieved from /opt/airflow/dags/example_branch_operator.py
[2021-02-17 03:52:10,394] {logging_mixin.py:104} INFO - [2021-02-17 03:52:10,394] {dag.py:1818} INFO - Sync 1 DAGs
[2021-02-17 03:52:10,452] {logging_mixin.py:104} INFO - [2021-02-17 03:52:10,452] {dag.py:2273} INFO - Setting next_dagrun for example_branch_operator to 2021-02-17 00:00:00+00:00
[2021-02-17 03:52:10,489] {scheduler_job.py:190} INFO - Processing /opt/airflow/dags/example_branch_operator.py took 0.244 seconds
[2021-02-17 03:52:41,045] {scheduler_job.py:182} INFO - Started process (PID=788) to work on /opt/airflow/dags/example_branch_operator.py
[2021-02-17 03:52:41,046] {scheduler_job.py:629} INFO - Processing file /opt/airflow/dags/example_branch_operator.py for tasks to queue
[2021-02-17 03:52:41,050] {logging_mixin.py:104} INFO - [2021-02-17 03:52:41,049] {dagbag.py:448} INFO - Filling up the DagBag from /opt/airflow/dags/example_branch_operator.py
[2021-02-17 03:52:41,114] {scheduler_job.py:639} INFO - DAG(s) dict_keys(['example_branch_operator']) retrieved from /opt/airflow/dags/example_branch_operator.py
[2021-02-17 03:52:41,191] {logging_mixin.py:104} INFO - [2021-02-17 03:52:41,191] {dag.py:1818} INFO - Sync 1 DAGs
[2021-02-17 03:52:41,268] {logging_mixin.py:104} INFO - [2021-02-17 03:52:41,267] {dag.py:2273} INFO - Setting next_dagrun for example_branch_operator to 2021-02-17 00:00:00+00:00
[2021-02-17 03:52:41,749] {scheduler_job.py:190} INFO - Processing /opt/airflow/dags/example_branch_operator.py took 0.716 seconds
[2021-02-17 03:53:12,277] {scheduler_job.py:182} INFO - Started process (PID=807) to work on /opt/airflow/dags/example_branch_operator.py
[2021-02-17 03:53:12,279] {scheduler_job.py:629} INFO - Processing file /opt/airflow/dags/example_branch_operator.py for tasks to queue
[2021-02-17 03:53:12,282] {logging_mixin.py:104} INFO - [2021-02-17 03:53:12,281] {dagbag.py:448} INFO - Filling up the DagBag from /opt/airflow/dags/example_branch_operator.py
[2021-02-17 03:53:12,342] {scheduler_job.py:639} INFO - DAG(s) dict_keys(['example_branch_operator']) retrieved from /opt/airflow/dags/example_branch_operator.py
[2021-02-17 03:53:12,428] {logging_mixin.py:104} INFO - [2021-02-17 03:53:12,428] {dag.py:1818} INFO - Sync 1 DAGs
[2021-02-17 03:53:12,490] {logging_mixin.py:104} INFO - [2021-02-17 03:53:12,490] {dag.py:2273} INFO - Setting next_dagrun for example_branch_operator to 2021-02-17 00:00:00+00:00
[2021-02-17 03:53:12,525] {scheduler_job.py:190} INFO - Processing /opt/airflow/dags/example_branch_operator.py took 0.254 seconds
[2021-02-17 03:53:42,932] {scheduler_job.py:182} INFO - Started process (PID=827) to work on /opt/airflow/dags/example_branch_operator.py
[2021-02-17 03:53:42,952] {scheduler_job.py:629} INFO - Processing file /opt/airflow/dags/example_branch_operator.py for tasks to queue
[2021-02-17 03:53:42,953] {logging_mixin.py:104} INFO - [2021-02-17 03:53:42,953] {dagbag.py:448} INFO - Filling up the DagBag from /opt/airflow/dags/example_branch_operator.py
[2021-02-17 03:53:42,997] {scheduler_job.py:639} INFO - DAG(s) dict_keys(['example_branch_operator']) retrieved from /opt/airflow/dags/example_branch_operator.py
[2021-02-17 03:53:43,046] {logging_mixin.py:104} INFO - [2021-02-17 03:53:43,046] {dag.py:1818} INFO - Sync 1 DAGs
[2021-02-17 03:53:43,081] {logging_mixin.py:104} INFO - [2021-02-17 03:53:43,081] {dag.py:2273} INFO - Setting next_dagrun for example_branch_operator to 2021-02-17 00:00:00+00:00
[2021-02-17 03:53:43,105] {scheduler_job.py:190} INFO - Processing /opt/airflow/dags/example_branch_operator.py took 0.188 seconds
[2021-02-17 03:54:13,619] {scheduler_job.py:182} INFO - Started process (PID=849) to work on /opt/airflow/dags/example_branch_operator.py
[2021-02-17 03:54:13,621] {scheduler_job.py:629} INFO - Processing file /opt/airflow/dags/example_branch_operator.py for tasks to queue
[2021-02-17 03:54:13,623] {logging_mixin.py:104} INFO - [2021-02-17 03:54:13,623] {dagbag.py:448} INFO - Filling up the DagBag from /opt/airflow/dags/example_branch_operator.py
[2021-02-17 03:54:13,828] {scheduler_job.py:639} INFO - DAG(s) dict_keys(['example_branch_operator']) retrieved from /opt/airflow/dags/example_branch_operator.py
[2021-02-17 03:54:14,047] {logging_mixin.py:104} INFO - [2021-02-17 03:54:14,047] {dag.py:1818} INFO - Sync 1 DAGs
[2021-02-17 03:54:14,360] {logging_mixin.py:104} INFO - [2021-02-17 03:54:14,359] {dag.py:2273} INFO - Setting next_dagrun for example_branch_operator to 2021-02-17 00:00:00+00:00
[2021-02-17 03:54:14,447] {scheduler_job.py:190} INFO - Processing /opt/airflow/dags/example_branch_operator.py took 0.844 seconds
[2021-02-17 03:54:44,690] {scheduler_job.py:182} INFO - Started process (PID=871) to work on /opt/airflow/dags/example_branch_operator.py
[2021-02-17 03:54:44,692] {scheduler_job.py:629} INFO - Processing file /opt/airflow/dags/example_branch_operator.py for tasks to queue
[2021-02-17 03:54:44,693] {logging_mixin.py:104} INFO - [2021-02-17 03:54:44,693] {dagbag.py:448} INFO - Filling up the DagBag from /opt/airflow/dags/example_branch_operator.py
[2021-02-17 03:54:44,725] {scheduler_job.py:639} INFO - DAG(s) dict_keys(['example_branch_operator']) retrieved from /opt/airflow/dags/example_branch_operator.py
[2021-02-17 03:54:44,807] {logging_mixin.py:104} INFO - [2021-02-17 03:54:44,807] {dag.py:1818} INFO - Sync 1 DAGs
[2021-02-17 03:54:44,876] {logging_mixin.py:104} INFO - [2021-02-17 03:54:44,875] {dag.py:2273} INFO - Setting next_dagrun for example_branch_operator to 2021-02-17 00:00:00+00:00
[2021-02-17 03:54:44,900] {scheduler_job.py:190} INFO - Processing /opt/airflow/dags/example_branch_operator.py took 0.218 seconds
[2021-02-17 03:55:15,102] {scheduler_job.py:182} INFO - Started process (PID=887) to work on /opt/airflow/dags/example_branch_operator.py
[2021-02-17 03:55:15,117] {scheduler_job.py:629} INFO - Processing file /opt/airflow/dags/example_branch_operator.py for tasks to queue
[2021-02-17 03:55:15,119] {logging_mixin.py:104} INFO - [2021-02-17 03:55:15,118] {dagbag.py:448} INFO - Filling up the DagBag from /opt/airflow/dags/example_branch_operator.py
[2021-02-17 03:55:15,182] {scheduler_job.py:639} INFO - DAG(s) dict_keys(['example_branch_operator']) retrieved from /opt/airflow/dags/example_branch_operator.py
[2021-02-17 03:55:15,278] {logging_mixin.py:104} INFO - [2021-02-17 03:55:15,278] {dag.py:1818} INFO - Sync 1 DAGs
[2021-02-17 03:55:15,406] {logging_mixin.py:104} INFO - [2021-02-17 03:55:15,406] {dag.py:2273} INFO - Setting next_dagrun for example_branch_operator to 2021-02-17 00:00:00+00:00
[2021-02-17 03:55:15,469] {scheduler_job.py:190} INFO - Processing /opt/airflow/dags/example_branch_operator.py took 0.373 seconds
[2021-02-17 03:55:45,675] {scheduler_job.py:182} INFO - Started process (PID=907) to work on /opt/airflow/dags/example_branch_operator.py
[2021-02-17 03:55:45,678] {scheduler_job.py:629} INFO - Processing file /opt/airflow/dags/example_branch_operator.py for tasks to queue
[2021-02-17 03:55:45,718] {logging_mixin.py:104} INFO - [2021-02-17 03:55:45,718] {dagbag.py:448} INFO - Filling up the DagBag from /opt/airflow/dags/example_branch_operator.py
[2021-02-17 03:55:45,750] {scheduler_job.py:639} INFO - DAG(s) dict_keys(['example_branch_operator']) retrieved from /opt/airflow/dags/example_branch_operator.py
[2021-02-17 03:55:45,946] {logging_mixin.py:104} INFO - [2021-02-17 03:55:45,946] {dag.py:1818} INFO - Sync 1 DAGs
[2021-02-17 03:55:46,038] {logging_mixin.py:104} INFO - [2021-02-17 03:55:46,038] {dag.py:2273} INFO - Setting next_dagrun for example_branch_operator to 2021-02-17 00:00:00+00:00
[2021-02-17 03:55:46,093] {scheduler_job.py:190} INFO - Processing /opt/airflow/dags/example_branch_operator.py took 0.424 seconds
[2021-02-17 03:56:16,306] {scheduler_job.py:182} INFO - Started process (PID=927) to work on /opt/airflow/dags/example_branch_operator.py
[2021-02-17 03:56:16,307] {scheduler_job.py:629} INFO - Processing file /opt/airflow/dags/example_branch_operator.py for tasks to queue
[2021-02-17 03:56:16,308] {logging_mixin.py:104} INFO - [2021-02-17 03:56:16,308] {dagbag.py:448} INFO - Filling up the DagBag from /opt/airflow/dags/example_branch_operator.py
[2021-02-17 03:56:16,370] {scheduler_job.py:639} INFO - DAG(s) dict_keys(['example_branch_operator']) retrieved from /opt/airflow/dags/example_branch_operator.py
[2021-02-17 03:56:16,450] {logging_mixin.py:104} INFO - [2021-02-17 03:56:16,450] {dag.py:1818} INFO - Sync 1 DAGs
[2021-02-17 03:56:16,506] {logging_mixin.py:104} INFO - [2021-02-17 03:56:16,506] {dag.py:2273} INFO - Setting next_dagrun for example_branch_operator to 2021-02-17 00:00:00+00:00
[2021-02-17 03:56:16,532] {scheduler_job.py:190} INFO - Processing /opt/airflow/dags/example_branch_operator.py took 0.232 seconds
[2021-02-17 03:56:46,881] {scheduler_job.py:182} INFO - Started process (PID=947) to work on /opt/airflow/dags/example_branch_operator.py
[2021-02-17 03:56:46,883] {scheduler_job.py:629} INFO - Processing file /opt/airflow/dags/example_branch_operator.py for tasks to queue
[2021-02-17 03:56:46,884] {logging_mixin.py:104} INFO - [2021-02-17 03:56:46,883] {dagbag.py:448} INFO - Filling up the DagBag from /opt/airflow/dags/example_branch_operator.py
[2021-02-17 03:56:46,946] {scheduler_job.py:639} INFO - DAG(s) dict_keys(['example_branch_operator']) retrieved from /opt/airflow/dags/example_branch_operator.py
[2021-02-17 03:56:47,007] {logging_mixin.py:104} INFO - [2021-02-17 03:56:47,006] {dag.py:1818} INFO - Sync 1 DAGs
[2021-02-17 03:56:47,065] {logging_mixin.py:104} INFO - [2021-02-17 03:56:47,064] {dag.py:2273} INFO - Setting next_dagrun for example_branch_operator to 2021-02-17 00:00:00+00:00
[2021-02-17 03:56:47,093] {scheduler_job.py:190} INFO - Processing /opt/airflow/dags/example_branch_operator.py took 0.228 seconds
[2021-02-17 03:57:17,266] {scheduler_job.py:182} INFO - Started process (PID=967) to work on /opt/airflow/dags/example_branch_operator.py
[2021-02-17 03:57:17,268] {scheduler_job.py:629} INFO - Processing file /opt/airflow/dags/example_branch_operator.py for tasks to queue
[2021-02-17 03:57:17,281] {logging_mixin.py:104} INFO - [2021-02-17 03:57:17,281] {dagbag.py:448} INFO - Filling up the DagBag from /opt/airflow/dags/example_branch_operator.py
[2021-02-17 03:57:17,337] {scheduler_job.py:639} INFO - DAG(s) dict_keys(['example_branch_operator']) retrieved from /opt/airflow/dags/example_branch_operator.py
[2021-02-17 03:57:17,393] {logging_mixin.py:104} INFO - [2021-02-17 03:57:17,393] {dag.py:1818} INFO - Sync 1 DAGs
[2021-02-17 03:57:17,458] {logging_mixin.py:104} INFO - [2021-02-17 03:57:17,458] {dag.py:2273} INFO - Setting next_dagrun for example_branch_operator to 2021-02-17 00:00:00+00:00
[2021-02-17 03:57:17,517] {scheduler_job.py:190} INFO - Processing /opt/airflow/dags/example_branch_operator.py took 0.257 seconds
[2021-02-17 03:57:47,862] {scheduler_job.py:182} INFO - Started process (PID=988) to work on /opt/airflow/dags/example_branch_operator.py
[2021-02-17 03:57:47,864] {scheduler_job.py:629} INFO - Processing file /opt/airflow/dags/example_branch_operator.py for tasks to queue
[2021-02-17 03:57:47,877] {logging_mixin.py:104} INFO - [2021-02-17 03:57:47,877] {dagbag.py:448} INFO - Filling up the DagBag from /opt/airflow/dags/example_branch_operator.py
[2021-02-17 03:57:47,932] {scheduler_job.py:639} INFO - DAG(s) dict_keys(['example_branch_operator']) retrieved from /opt/airflow/dags/example_branch_operator.py
[2021-02-17 03:57:48,012] {logging_mixin.py:104} INFO - [2021-02-17 03:57:48,011] {dag.py:1818} INFO - Sync 1 DAGs
[2021-02-17 03:57:48,098] {logging_mixin.py:104} INFO - [2021-02-17 03:57:48,098] {dag.py:2273} INFO - Setting next_dagrun for example_branch_operator to 2021-02-17 00:00:00+00:00
[2021-02-17 03:57:48,132] {scheduler_job.py:190} INFO - Processing /opt/airflow/dags/example_branch_operator.py took 0.276 seconds
[2021-02-17 03:58:18,458] {scheduler_job.py:182} INFO - Started process (PID=1007) to work on /opt/airflow/dags/example_branch_operator.py
[2021-02-17 03:58:18,460] {scheduler_job.py:629} INFO - Processing file /opt/airflow/dags/example_branch_operator.py for tasks to queue
[2021-02-17 03:58:18,465] {logging_mixin.py:104} INFO - [2021-02-17 03:58:18,465] {dagbag.py:448} INFO - Filling up the DagBag from /opt/airflow/dags/example_branch_operator.py
[2021-02-17 03:58:18,514] {scheduler_job.py:639} INFO - DAG(s) dict_keys(['example_branch_operator']) retrieved from /opt/airflow/dags/example_branch_operator.py
[2021-02-17 03:58:18,580] {logging_mixin.py:104} INFO - [2021-02-17 03:58:18,580] {dag.py:1818} INFO - Sync 1 DAGs
[2021-02-17 03:58:18,652] {logging_mixin.py:104} INFO - [2021-02-17 03:58:18,652] {dag.py:2273} INFO - Setting next_dagrun for example_branch_operator to 2021-02-17 00:00:00+00:00
[2021-02-17 03:58:18,706] {scheduler_job.py:190} INFO - Processing /opt/airflow/dags/example_branch_operator.py took 0.253 seconds
[2021-02-17 03:58:49,022] {scheduler_job.py:182} INFO - Started process (PID=1027) to work on /opt/airflow/dags/example_branch_operator.py
[2021-02-17 03:58:49,024] {scheduler_job.py:629} INFO - Processing file /opt/airflow/dags/example_branch_operator.py for tasks to queue
[2021-02-17 03:58:49,038] {logging_mixin.py:104} INFO - [2021-02-17 03:58:49,038] {dagbag.py:448} INFO - Filling up the DagBag from /opt/airflow/dags/example_branch_operator.py
[2021-02-17 03:58:49,091] {scheduler_job.py:639} INFO - DAG(s) dict_keys(['example_branch_operator']) retrieved from /opt/airflow/dags/example_branch_operator.py
[2021-02-17 03:58:49,157] {logging_mixin.py:104} INFO - [2021-02-17 03:58:49,157] {dag.py:1818} INFO - Sync 1 DAGs
[2021-02-17 03:58:49,205] {logging_mixin.py:104} INFO - [2021-02-17 03:58:49,205] {dag.py:2273} INFO - Setting next_dagrun for example_branch_operator to 2021-02-17 00:00:00+00:00
[2021-02-17 03:58:49,362] {scheduler_job.py:190} INFO - Processing /opt/airflow/dags/example_branch_operator.py took 0.346 seconds
[2021-02-17 03:59:19,746] {scheduler_job.py:182} INFO - Started process (PID=1047) to work on /opt/airflow/dags/example_branch_operator.py
[2021-02-17 03:59:19,748] {scheduler_job.py:629} INFO - Processing file /opt/airflow/dags/example_branch_operator.py for tasks to queue
[2021-02-17 03:59:19,759] {logging_mixin.py:104} INFO - [2021-02-17 03:59:19,759] {dagbag.py:448} INFO - Filling up the DagBag from /opt/airflow/dags/example_branch_operator.py
[2021-02-17 03:59:19,832] {scheduler_job.py:639} INFO - DAG(s) dict_keys(['example_branch_operator']) retrieved from /opt/airflow/dags/example_branch_operator.py
[2021-02-17 03:59:19,888] {logging_mixin.py:104} INFO - [2021-02-17 03:59:19,888] {dag.py:1818} INFO - Sync 1 DAGs
[2021-02-17 03:59:19,919] {logging_mixin.py:104} INFO - [2021-02-17 03:59:19,918] {dag.py:2273} INFO - Setting next_dagrun for example_branch_operator to 2021-02-17 00:00:00+00:00
[2021-02-17 03:59:19,948] {scheduler_job.py:190} INFO - Processing /opt/airflow/dags/example_branch_operator.py took 0.208 seconds
[2021-02-17 03:59:50,322] {scheduler_job.py:182} INFO - Started process (PID=1068) to work on /opt/airflow/dags/example_branch_operator.py
[2021-02-17 03:59:50,649] {scheduler_job.py:629} INFO - Processing file /opt/airflow/dags/example_branch_operator.py for tasks to queue
[2021-02-17 03:59:50,660] {logging_mixin.py:104} INFO - [2021-02-17 03:59:50,660] {dagbag.py:448} INFO - Filling up the DagBag from /opt/airflow/dags/example_branch_operator.py
[2021-02-17 03:59:50,858] {scheduler_job.py:639} INFO - DAG(s) dict_keys(['example_branch_operator']) retrieved from /opt/airflow/dags/example_branch_operator.py
[2021-02-17 03:59:51,012] {logging_mixin.py:104} INFO - [2021-02-17 03:59:51,012] {dag.py:1818} INFO - Sync 1 DAGs
[2021-02-17 03:59:51,117] {logging_mixin.py:104} INFO - [2021-02-17 03:59:51,117] {dag.py:2273} INFO - Setting next_dagrun for example_branch_operator to 2021-02-17 00:00:00+00:00
[2021-02-17 03:59:51,495] {scheduler_job.py:190} INFO - Processing /opt/airflow/dags/example_branch_operator.py took 1.179 seconds
[2021-02-17 04:00:21,913] {scheduler_job.py:182} INFO - Started process (PID=1087) to work on /opt/airflow/dags/example_branch_operator.py
[2021-02-17 04:00:21,979] {scheduler_job.py:629} INFO - Processing file /opt/airflow/dags/example_branch_operator.py for tasks to queue
[2021-02-17 04:00:21,980] {logging_mixin.py:104} INFO - [2021-02-17 04:00:21,980] {dagbag.py:448} INFO - Filling up the DagBag from /opt/airflow/dags/example_branch_operator.py
[2021-02-17 04:00:22,015] {scheduler_job.py:639} INFO - DAG(s) dict_keys(['example_branch_operator']) retrieved from /opt/airflow/dags/example_branch_operator.py
[2021-02-17 04:00:22,121] {logging_mixin.py:104} INFO - [2021-02-17 04:00:22,120] {dag.py:1818} INFO - Sync 1 DAGs
[2021-02-17 04:00:22,180] {logging_mixin.py:104} INFO - [2021-02-17 04:00:22,180] {dag.py:2273} INFO - Setting next_dagrun for example_branch_operator to 2021-02-17 00:00:00+00:00
[2021-02-17 04:00:22,233] {scheduler_job.py:190} INFO - Processing /opt/airflow/dags/example_branch_operator.py took 0.330 seconds
[2021-02-17 04:00:52,634] {scheduler_job.py:182} INFO - Started process (PID=1107) to work on /opt/airflow/dags/example_branch_operator.py
[2021-02-17 04:00:52,717] {scheduler_job.py:629} INFO - Processing file /opt/airflow/dags/example_branch_operator.py for tasks to queue
[2021-02-17 04:00:52,720] {logging_mixin.py:104} INFO - [2021-02-17 04:00:52,720] {dagbag.py:448} INFO - Filling up the DagBag from /opt/airflow/dags/example_branch_operator.py
[2021-02-17 04:00:52,721] {scheduler_job.py:641} WARNING - No viable dags retrieved from /opt/airflow/dags/example_branch_operator.py
[2021-02-17 04:00:52,722] {scheduler_job.py:190} INFO - Processing /opt/airflow/dags/example_branch_operator.py took 0.094 seconds
[2021-02-17 04:01:23,270] {scheduler_job.py:182} INFO - Started process (PID=1128) to work on /opt/airflow/dags/example_branch_operator.py
[2021-02-17 04:01:23,333] {scheduler_job.py:629} INFO - Processing file /opt/airflow/dags/example_branch_operator.py for tasks to queue
[2021-02-17 04:01:23,334] {logging_mixin.py:104} INFO - [2021-02-17 04:01:23,334] {dagbag.py:448} INFO - Filling up the DagBag from /opt/airflow/dags/example_branch_operator.py
[2021-02-17 04:01:23,334] {scheduler_job.py:641} WARNING - No viable dags retrieved from /opt/airflow/dags/example_branch_operator.py
[2021-02-17 04:01:23,334] {scheduler_job.py:190} INFO - Processing /opt/airflow/dags/example_branch_operator.py took 0.228 seconds
[2021-02-17 04:01:53,618] {scheduler_job.py:182} INFO - Started process (PID=1148) to work on /opt/airflow/dags/example_branch_operator.py
[2021-02-17 04:01:53,660] {scheduler_job.py:629} INFO - Processing file /opt/airflow/dags/example_branch_operator.py for tasks to queue
[2021-02-17 04:01:53,663] {logging_mixin.py:104} INFO - [2021-02-17 04:01:53,663] {dagbag.py:448} INFO - Filling up the DagBag from /opt/airflow/dags/example_branch_operator.py
[2021-02-17 04:01:53,663] {scheduler_job.py:641} WARNING - No viable dags retrieved from /opt/airflow/dags/example_branch_operator.py
[2021-02-17 04:01:53,664] {scheduler_job.py:190} INFO - Processing /opt/airflow/dags/example_branch_operator.py took 0.057 seconds
[2021-02-17 04:02:23,947] {scheduler_job.py:182} INFO - Started process (PID=1167) to work on /opt/airflow/dags/example_branch_operator.py
[2021-02-17 04:02:23,996] {scheduler_job.py:629} INFO - Processing file /opt/airflow/dags/example_branch_operator.py for tasks to queue
[2021-02-17 04:02:23,997] {logging_mixin.py:104} INFO - [2021-02-17 04:02:23,997] {dagbag.py:448} INFO - Filling up the DagBag from /opt/airflow/dags/example_branch_operator.py
[2021-02-17 04:02:23,998] {scheduler_job.py:641} WARNING - No viable dags retrieved from /opt/airflow/dags/example_branch_operator.py
[2021-02-17 04:02:23,998] {scheduler_job.py:190} INFO - Processing /opt/airflow/dags/example_branch_operator.py took 0.058 seconds
