[2021-02-17 03:37:51,151] {scheduler_job.py:182} INFO - Started process (PID=163) to work on /opt/airflow/dags/example_python_operator.py
[2021-02-17 03:37:51,157] {scheduler_job.py:629} INFO - Processing file /opt/airflow/dags/example_python_operator.py for tasks to queue
[2021-02-17 03:37:51,158] {logging_mixin.py:104} INFO - [2021-02-17 03:37:51,158] {dagbag.py:448} INFO - Filling up the DagBag from /opt/airflow/dags/example_python_operator.py
[2021-02-17 03:37:51,217] {scheduler_job.py:639} INFO - DAG(s) dict_keys(['example_python_operator']) retrieved from /opt/airflow/dags/example_python_operator.py
[2021-02-17 03:37:51,282] {logging_mixin.py:104} INFO - [2021-02-17 03:37:51,281] {dag.py:1818} INFO - Sync 1 DAGs
[2021-02-17 03:37:51,326] {logging_mixin.py:104} INFO - [2021-02-17 03:37:51,326] {dag.py:1837} INFO - Creating ORM DAG for example_python_operator
[2021-02-17 03:37:51,341] {logging_mixin.py:104} INFO - [2021-02-17 03:37:51,341] {dag.py:2273} INFO - Setting next_dagrun for example_python_operator to None
[2021-02-17 03:37:51,394] {scheduler_job.py:190} INFO - Processing /opt/airflow/dags/example_python_operator.py took 0.249 seconds
[2021-02-17 03:38:21,910] {scheduler_job.py:182} INFO - Started process (PID=185) to work on /opt/airflow/dags/example_python_operator.py
[2021-02-17 03:38:21,911] {scheduler_job.py:629} INFO - Processing file /opt/airflow/dags/example_python_operator.py for tasks to queue
[2021-02-17 03:38:21,917] {logging_mixin.py:104} INFO - [2021-02-17 03:38:21,912] {dagbag.py:448} INFO - Filling up the DagBag from /opt/airflow/dags/example_python_operator.py
[2021-02-17 03:38:21,971] {scheduler_job.py:639} INFO - DAG(s) dict_keys(['example_python_operator']) retrieved from /opt/airflow/dags/example_python_operator.py
[2021-02-17 03:38:22,049] {logging_mixin.py:104} INFO - [2021-02-17 03:38:22,049] {dag.py:1818} INFO - Sync 1 DAGs
[2021-02-17 03:38:22,093] {logging_mixin.py:104} INFO - [2021-02-17 03:38:22,093] {dag.py:2273} INFO - Setting next_dagrun for example_python_operator to None
[2021-02-17 03:38:22,130] {scheduler_job.py:190} INFO - Processing /opt/airflow/dags/example_python_operator.py took 0.235 seconds
[2021-02-17 03:38:52,818] {scheduler_job.py:182} INFO - Started process (PID=203) to work on /opt/airflow/dags/example_python_operator.py
[2021-02-17 03:38:52,820] {scheduler_job.py:629} INFO - Processing file /opt/airflow/dags/example_python_operator.py for tasks to queue
[2021-02-17 03:38:52,830] {logging_mixin.py:104} INFO - [2021-02-17 03:38:52,829] {dagbag.py:448} INFO - Filling up the DagBag from /opt/airflow/dags/example_python_operator.py
[2021-02-17 03:38:52,883] {scheduler_job.py:639} INFO - DAG(s) dict_keys(['example_python_operator']) retrieved from /opt/airflow/dags/example_python_operator.py
[2021-02-17 03:38:52,953] {logging_mixin.py:104} INFO - [2021-02-17 03:38:52,953] {dag.py:1818} INFO - Sync 1 DAGs
[2021-02-17 03:38:53,008] {logging_mixin.py:104} INFO - [2021-02-17 03:38:53,005] {dag.py:2273} INFO - Setting next_dagrun for example_python_operator to None
[2021-02-17 03:38:53,067] {scheduler_job.py:190} INFO - Processing /opt/airflow/dags/example_python_operator.py took 0.265 seconds
[2021-02-17 03:39:23,515] {scheduler_job.py:182} INFO - Started process (PID=223) to work on /opt/airflow/dags/example_python_operator.py
[2021-02-17 03:39:23,522] {scheduler_job.py:629} INFO - Processing file /opt/airflow/dags/example_python_operator.py for tasks to queue
[2021-02-17 03:39:23,524] {logging_mixin.py:104} INFO - [2021-02-17 03:39:23,523] {dagbag.py:448} INFO - Filling up the DagBag from /opt/airflow/dags/example_python_operator.py
[2021-02-17 03:39:23,552] {scheduler_job.py:639} INFO - DAG(s) dict_keys(['example_python_operator']) retrieved from /opt/airflow/dags/example_python_operator.py
[2021-02-17 03:39:23,585] {logging_mixin.py:104} INFO - [2021-02-17 03:39:23,585] {dag.py:1818} INFO - Sync 1 DAGs
[2021-02-17 03:39:23,610] {logging_mixin.py:104} INFO - [2021-02-17 03:39:23,610] {dag.py:2273} INFO - Setting next_dagrun for example_python_operator to None
[2021-02-17 03:39:23,624] {scheduler_job.py:190} INFO - Processing /opt/airflow/dags/example_python_operator.py took 0.115 seconds
[2021-02-17 03:39:53,976] {scheduler_job.py:182} INFO - Started process (PID=243) to work on /opt/airflow/dags/example_python_operator.py
[2021-02-17 03:39:53,977] {scheduler_job.py:629} INFO - Processing file /opt/airflow/dags/example_python_operator.py for tasks to queue
[2021-02-17 03:39:53,979] {logging_mixin.py:104} INFO - [2021-02-17 03:39:53,978] {dagbag.py:448} INFO - Filling up the DagBag from /opt/airflow/dags/example_python_operator.py
[2021-02-17 03:39:54,009] {scheduler_job.py:639} INFO - DAG(s) dict_keys(['example_python_operator']) retrieved from /opt/airflow/dags/example_python_operator.py
[2021-02-17 03:39:54,046] {logging_mixin.py:104} INFO - [2021-02-17 03:39:54,046] {dag.py:1818} INFO - Sync 1 DAGs
[2021-02-17 03:39:54,072] {logging_mixin.py:104} INFO - [2021-02-17 03:39:54,072] {dag.py:2273} INFO - Setting next_dagrun for example_python_operator to None
[2021-02-17 03:39:54,085] {scheduler_job.py:190} INFO - Processing /opt/airflow/dags/example_python_operator.py took 0.117 seconds
[2021-02-17 03:40:24,624] {scheduler_job.py:182} INFO - Started process (PID=265) to work on /opt/airflow/dags/example_python_operator.py
[2021-02-17 03:40:24,644] {scheduler_job.py:629} INFO - Processing file /opt/airflow/dags/example_python_operator.py for tasks to queue
[2021-02-17 03:40:24,646] {logging_mixin.py:104} INFO - [2021-02-17 03:40:24,646] {dagbag.py:448} INFO - Filling up the DagBag from /opt/airflow/dags/example_python_operator.py
[2021-02-17 03:40:24,673] {scheduler_job.py:639} INFO - DAG(s) dict_keys(['example_python_operator']) retrieved from /opt/airflow/dags/example_python_operator.py
[2021-02-17 03:40:24,706] {logging_mixin.py:104} INFO - [2021-02-17 03:40:24,705] {dag.py:1818} INFO - Sync 1 DAGs
[2021-02-17 03:40:24,732] {logging_mixin.py:104} INFO - [2021-02-17 03:40:24,732] {dag.py:2273} INFO - Setting next_dagrun for example_python_operator to None
[2021-02-17 03:40:24,771] {scheduler_job.py:190} INFO - Processing /opt/airflow/dags/example_python_operator.py took 0.152 seconds
[2021-02-17 03:40:55,078] {scheduler_job.py:182} INFO - Started process (PID=283) to work on /opt/airflow/dags/example_python_operator.py
[2021-02-17 03:40:55,079] {scheduler_job.py:629} INFO - Processing file /opt/airflow/dags/example_python_operator.py for tasks to queue
[2021-02-17 03:40:55,081] {logging_mixin.py:104} INFO - [2021-02-17 03:40:55,080] {dagbag.py:448} INFO - Filling up the DagBag from /opt/airflow/dags/example_python_operator.py
[2021-02-17 03:40:55,105] {scheduler_job.py:639} INFO - DAG(s) dict_keys(['example_python_operator']) retrieved from /opt/airflow/dags/example_python_operator.py
[2021-02-17 03:40:55,141] {logging_mixin.py:104} INFO - [2021-02-17 03:40:55,141] {dag.py:1818} INFO - Sync 1 DAGs
[2021-02-17 03:40:55,192] {logging_mixin.py:104} INFO - [2021-02-17 03:40:55,192] {dag.py:2273} INFO - Setting next_dagrun for example_python_operator to None
[2021-02-17 03:40:55,208] {scheduler_job.py:190} INFO - Processing /opt/airflow/dags/example_python_operator.py took 0.136 seconds
[2021-02-17 03:41:25,580] {scheduler_job.py:182} INFO - Started process (PID=303) to work on /opt/airflow/dags/example_python_operator.py
[2021-02-17 03:41:25,590] {scheduler_job.py:629} INFO - Processing file /opt/airflow/dags/example_python_operator.py for tasks to queue
[2021-02-17 03:41:25,591] {logging_mixin.py:104} INFO - [2021-02-17 03:41:25,591] {dagbag.py:448} INFO - Filling up the DagBag from /opt/airflow/dags/example_python_operator.py
[2021-02-17 03:41:25,673] {scheduler_job.py:639} INFO - DAG(s) dict_keys(['example_python_operator']) retrieved from /opt/airflow/dags/example_python_operator.py
[2021-02-17 03:41:25,789] {logging_mixin.py:104} INFO - [2021-02-17 03:41:25,789] {dag.py:1818} INFO - Sync 1 DAGs
[2021-02-17 03:41:25,844] {logging_mixin.py:104} INFO - [2021-02-17 03:41:25,844] {dag.py:2273} INFO - Setting next_dagrun for example_python_operator to None
[2021-02-17 03:41:25,902] {scheduler_job.py:190} INFO - Processing /opt/airflow/dags/example_python_operator.py took 0.350 seconds
[2021-02-17 03:41:56,285] {scheduler_job.py:182} INFO - Started process (PID=324) to work on /opt/airflow/dags/example_python_operator.py
[2021-02-17 03:41:56,294] {scheduler_job.py:629} INFO - Processing file /opt/airflow/dags/example_python_operator.py for tasks to queue
[2021-02-17 03:41:56,295] {logging_mixin.py:104} INFO - [2021-02-17 03:41:56,295] {dagbag.py:448} INFO - Filling up the DagBag from /opt/airflow/dags/example_python_operator.py
[2021-02-17 03:41:56,323] {scheduler_job.py:639} INFO - DAG(s) dict_keys(['example_python_operator']) retrieved from /opt/airflow/dags/example_python_operator.py
[2021-02-17 03:41:56,357] {logging_mixin.py:104} INFO - [2021-02-17 03:41:56,357] {dag.py:1818} INFO - Sync 1 DAGs
[2021-02-17 03:41:56,385] {logging_mixin.py:104} INFO - [2021-02-17 03:41:56,385] {dag.py:2273} INFO - Setting next_dagrun for example_python_operator to None
[2021-02-17 03:41:56,408] {scheduler_job.py:190} INFO - Processing /opt/airflow/dags/example_python_operator.py took 0.134 seconds
[2021-02-17 03:42:26,965] {scheduler_job.py:182} INFO - Started process (PID=345) to work on /opt/airflow/dags/example_python_operator.py
[2021-02-17 03:42:26,971] {scheduler_job.py:629} INFO - Processing file /opt/airflow/dags/example_python_operator.py for tasks to queue
[2021-02-17 03:42:26,972] {logging_mixin.py:104} INFO - [2021-02-17 03:42:26,972] {dagbag.py:448} INFO - Filling up the DagBag from /opt/airflow/dags/example_python_operator.py
[2021-02-17 03:42:27,059] {scheduler_job.py:639} INFO - DAG(s) dict_keys(['example_python_operator']) retrieved from /opt/airflow/dags/example_python_operator.py
[2021-02-17 03:42:27,134] {logging_mixin.py:104} INFO - [2021-02-17 03:42:27,134] {dag.py:1818} INFO - Sync 1 DAGs
[2021-02-17 03:42:27,188] {logging_mixin.py:104} INFO - [2021-02-17 03:42:27,188] {dag.py:2273} INFO - Setting next_dagrun for example_python_operator to None
[2021-02-17 03:42:27,240] {scheduler_job.py:190} INFO - Processing /opt/airflow/dags/example_python_operator.py took 0.282 seconds
[2021-02-17 03:42:58,039] {scheduler_job.py:182} INFO - Started process (PID=371) to work on /opt/airflow/dags/example_python_operator.py
[2021-02-17 03:42:58,082] {scheduler_job.py:629} INFO - Processing file /opt/airflow/dags/example_python_operator.py for tasks to queue
[2021-02-17 03:42:58,086] {logging_mixin.py:104} INFO - [2021-02-17 03:42:58,085] {dagbag.py:448} INFO - Filling up the DagBag from /opt/airflow/dags/example_python_operator.py
[2021-02-17 03:42:58,148] {scheduler_job.py:639} INFO - DAG(s) dict_keys(['example_python_operator']) retrieved from /opt/airflow/dags/example_python_operator.py
[2021-02-17 03:42:58,282] {logging_mixin.py:104} INFO - [2021-02-17 03:42:58,281] {dag.py:1818} INFO - Sync 1 DAGs
[2021-02-17 03:42:58,348] {logging_mixin.py:104} INFO - [2021-02-17 03:42:58,347] {dag.py:2273} INFO - Setting next_dagrun for example_python_operator to None
[2021-02-17 03:42:58,490] {scheduler_job.py:190} INFO - Processing /opt/airflow/dags/example_python_operator.py took 0.459 seconds
[2021-02-17 03:43:28,828] {scheduler_job.py:182} INFO - Started process (PID=391) to work on /opt/airflow/dags/example_python_operator.py
[2021-02-17 03:43:28,830] {scheduler_job.py:629} INFO - Processing file /opt/airflow/dags/example_python_operator.py for tasks to queue
[2021-02-17 03:43:28,832] {logging_mixin.py:104} INFO - [2021-02-17 03:43:28,831] {dagbag.py:448} INFO - Filling up the DagBag from /opt/airflow/dags/example_python_operator.py
[2021-02-17 03:43:28,854] {scheduler_job.py:639} INFO - DAG(s) dict_keys(['example_python_operator']) retrieved from /opt/airflow/dags/example_python_operator.py
[2021-02-17 03:43:28,887] {logging_mixin.py:104} INFO - [2021-02-17 03:43:28,887] {dag.py:1818} INFO - Sync 1 DAGs
[2021-02-17 03:43:28,914] {logging_mixin.py:104} INFO - [2021-02-17 03:43:28,914] {dag.py:2273} INFO - Setting next_dagrun for example_python_operator to None
[2021-02-17 03:43:28,938] {scheduler_job.py:190} INFO - Processing /opt/airflow/dags/example_python_operator.py took 0.115 seconds
[2021-02-17 03:43:59,291] {scheduler_job.py:182} INFO - Started process (PID=410) to work on /opt/airflow/dags/example_python_operator.py
[2021-02-17 03:43:59,293] {scheduler_job.py:629} INFO - Processing file /opt/airflow/dags/example_python_operator.py for tasks to queue
[2021-02-17 03:43:59,294] {logging_mixin.py:104} INFO - [2021-02-17 03:43:59,293] {dagbag.py:448} INFO - Filling up the DagBag from /opt/airflow/dags/example_python_operator.py
[2021-02-17 03:43:59,316] {scheduler_job.py:639} INFO - DAG(s) dict_keys(['example_python_operator']) retrieved from /opt/airflow/dags/example_python_operator.py
[2021-02-17 03:43:59,352] {logging_mixin.py:104} INFO - [2021-02-17 03:43:59,351] {dag.py:1818} INFO - Sync 1 DAGs
[2021-02-17 03:43:59,377] {logging_mixin.py:104} INFO - [2021-02-17 03:43:59,377] {dag.py:2273} INFO - Setting next_dagrun for example_python_operator to None
[2021-02-17 03:43:59,399] {scheduler_job.py:190} INFO - Processing /opt/airflow/dags/example_python_operator.py took 0.113 seconds
[2021-02-17 03:44:29,718] {scheduler_job.py:182} INFO - Started process (PID=431) to work on /opt/airflow/dags/example_python_operator.py
[2021-02-17 03:44:29,720] {scheduler_job.py:629} INFO - Processing file /opt/airflow/dags/example_python_operator.py for tasks to queue
[2021-02-17 03:44:29,720] {logging_mixin.py:104} INFO - [2021-02-17 03:44:29,720] {dagbag.py:448} INFO - Filling up the DagBag from /opt/airflow/dags/example_python_operator.py
[2021-02-17 03:44:29,741] {scheduler_job.py:639} INFO - DAG(s) dict_keys(['example_python_operator']) retrieved from /opt/airflow/dags/example_python_operator.py
[2021-02-17 03:44:29,799] {logging_mixin.py:104} INFO - [2021-02-17 03:44:29,799] {dag.py:1818} INFO - Sync 1 DAGs
[2021-02-17 03:44:29,827] {logging_mixin.py:104} INFO - [2021-02-17 03:44:29,827] {dag.py:2273} INFO - Setting next_dagrun for example_python_operator to None
[2021-02-17 03:44:29,851] {scheduler_job.py:190} INFO - Processing /opt/airflow/dags/example_python_operator.py took 0.138 seconds
[2021-02-17 03:45:00,185] {scheduler_job.py:182} INFO - Started process (PID=451) to work on /opt/airflow/dags/example_python_operator.py
[2021-02-17 03:45:00,187] {scheduler_job.py:629} INFO - Processing file /opt/airflow/dags/example_python_operator.py for tasks to queue
[2021-02-17 03:45:00,188] {logging_mixin.py:104} INFO - [2021-02-17 03:45:00,188] {dagbag.py:448} INFO - Filling up the DagBag from /opt/airflow/dags/example_python_operator.py
[2021-02-17 03:45:00,208] {scheduler_job.py:639} INFO - DAG(s) dict_keys(['example_python_operator']) retrieved from /opt/airflow/dags/example_python_operator.py
[2021-02-17 03:45:00,242] {logging_mixin.py:104} INFO - [2021-02-17 03:45:00,241] {dag.py:1818} INFO - Sync 1 DAGs
[2021-02-17 03:45:00,265] {logging_mixin.py:104} INFO - [2021-02-17 03:45:00,265] {dag.py:2273} INFO - Setting next_dagrun for example_python_operator to None
[2021-02-17 03:45:00,291] {scheduler_job.py:190} INFO - Processing /opt/airflow/dags/example_python_operator.py took 0.111 seconds
[2021-02-17 03:45:30,597] {scheduler_job.py:182} INFO - Started process (PID=470) to work on /opt/airflow/dags/example_python_operator.py
[2021-02-17 03:45:30,598] {scheduler_job.py:629} INFO - Processing file /opt/airflow/dags/example_python_operator.py for tasks to queue
[2021-02-17 03:45:30,600] {logging_mixin.py:104} INFO - [2021-02-17 03:45:30,600] {dagbag.py:448} INFO - Filling up the DagBag from /opt/airflow/dags/example_python_operator.py
[2021-02-17 03:45:30,624] {scheduler_job.py:639} INFO - DAG(s) dict_keys(['example_python_operator']) retrieved from /opt/airflow/dags/example_python_operator.py
[2021-02-17 03:45:30,665] {logging_mixin.py:104} INFO - [2021-02-17 03:45:30,665] {dag.py:1818} INFO - Sync 1 DAGs
[2021-02-17 03:45:30,691] {logging_mixin.py:104} INFO - [2021-02-17 03:45:30,691] {dag.py:2273} INFO - Setting next_dagrun for example_python_operator to None
[2021-02-17 03:45:30,716] {scheduler_job.py:190} INFO - Processing /opt/airflow/dags/example_python_operator.py took 0.125 seconds
[2021-02-17 03:46:01,029] {scheduler_job.py:182} INFO - Started process (PID=490) to work on /opt/airflow/dags/example_python_operator.py
[2021-02-17 03:46:01,032] {scheduler_job.py:629} INFO - Processing file /opt/airflow/dags/example_python_operator.py for tasks to queue
[2021-02-17 03:46:01,033] {logging_mixin.py:104} INFO - [2021-02-17 03:46:01,033] {dagbag.py:448} INFO - Filling up the DagBag from /opt/airflow/dags/example_python_operator.py
[2021-02-17 03:46:01,054] {scheduler_job.py:639} INFO - DAG(s) dict_keys(['example_python_operator']) retrieved from /opt/airflow/dags/example_python_operator.py
[2021-02-17 03:46:01,088] {logging_mixin.py:104} INFO - [2021-02-17 03:46:01,088] {dag.py:1818} INFO - Sync 1 DAGs
[2021-02-17 03:46:01,115] {logging_mixin.py:104} INFO - [2021-02-17 03:46:01,115] {dag.py:2273} INFO - Setting next_dagrun for example_python_operator to None
[2021-02-17 03:46:01,132] {scheduler_job.py:190} INFO - Processing /opt/airflow/dags/example_python_operator.py took 0.108 seconds
[2021-02-17 03:46:31,510] {scheduler_job.py:182} INFO - Started process (PID=509) to work on /opt/airflow/dags/example_python_operator.py
[2021-02-17 03:46:31,513] {scheduler_job.py:629} INFO - Processing file /opt/airflow/dags/example_python_operator.py for tasks to queue
[2021-02-17 03:46:31,514] {logging_mixin.py:104} INFO - [2021-02-17 03:46:31,514] {dagbag.py:448} INFO - Filling up the DagBag from /opt/airflow/dags/example_python_operator.py
[2021-02-17 03:46:31,551] {scheduler_job.py:639} INFO - DAG(s) dict_keys(['example_python_operator']) retrieved from /opt/airflow/dags/example_python_operator.py
[2021-02-17 03:46:31,608] {logging_mixin.py:104} INFO - [2021-02-17 03:46:31,607] {dag.py:1818} INFO - Sync 1 DAGs
[2021-02-17 03:46:31,653] {logging_mixin.py:104} INFO - [2021-02-17 03:46:31,653] {dag.py:2273} INFO - Setting next_dagrun for example_python_operator to None
[2021-02-17 03:46:31,695] {scheduler_job.py:190} INFO - Processing /opt/airflow/dags/example_python_operator.py took 0.196 seconds
[2021-02-17 03:47:02,039] {scheduler_job.py:182} INFO - Started process (PID=530) to work on /opt/airflow/dags/example_python_operator.py
[2021-02-17 03:47:02,041] {scheduler_job.py:629} INFO - Processing file /opt/airflow/dags/example_python_operator.py for tasks to queue
[2021-02-17 03:47:02,042] {logging_mixin.py:104} INFO - [2021-02-17 03:47:02,042] {dagbag.py:448} INFO - Filling up the DagBag from /opt/airflow/dags/example_python_operator.py
[2021-02-17 03:47:02,064] {scheduler_job.py:639} INFO - DAG(s) dict_keys(['example_python_operator']) retrieved from /opt/airflow/dags/example_python_operator.py
[2021-02-17 03:47:02,099] {logging_mixin.py:104} INFO - [2021-02-17 03:47:02,099] {dag.py:1818} INFO - Sync 1 DAGs
[2021-02-17 03:47:02,124] {logging_mixin.py:104} INFO - [2021-02-17 03:47:02,123] {dag.py:2273} INFO - Setting next_dagrun for example_python_operator to None
[2021-02-17 03:47:02,142] {scheduler_job.py:190} INFO - Processing /opt/airflow/dags/example_python_operator.py took 0.109 seconds
[2021-02-17 03:47:32,447] {scheduler_job.py:182} INFO - Started process (PID=549) to work on /opt/airflow/dags/example_python_operator.py
[2021-02-17 03:47:32,449] {scheduler_job.py:629} INFO - Processing file /opt/airflow/dags/example_python_operator.py for tasks to queue
[2021-02-17 03:47:32,450] {logging_mixin.py:104} INFO - [2021-02-17 03:47:32,450] {dagbag.py:448} INFO - Filling up the DagBag from /opt/airflow/dags/example_python_operator.py
[2021-02-17 03:47:32,475] {scheduler_job.py:639} INFO - DAG(s) dict_keys(['example_python_operator']) retrieved from /opt/airflow/dags/example_python_operator.py
[2021-02-17 03:47:32,508] {logging_mixin.py:104} INFO - [2021-02-17 03:47:32,508] {dag.py:1818} INFO - Sync 1 DAGs
[2021-02-17 03:47:32,533] {logging_mixin.py:104} INFO - [2021-02-17 03:47:32,533] {dag.py:2273} INFO - Setting next_dagrun for example_python_operator to None
[2021-02-17 03:47:32,548] {scheduler_job.py:190} INFO - Processing /opt/airflow/dags/example_python_operator.py took 0.113 seconds
[2021-02-17 03:48:02,877] {scheduler_job.py:182} INFO - Started process (PID=571) to work on /opt/airflow/dags/example_python_operator.py
[2021-02-17 03:48:02,879] {scheduler_job.py:629} INFO - Processing file /opt/airflow/dags/example_python_operator.py for tasks to queue
[2021-02-17 03:48:02,880] {logging_mixin.py:104} INFO - [2021-02-17 03:48:02,879] {dagbag.py:448} INFO - Filling up the DagBag from /opt/airflow/dags/example_python_operator.py
[2021-02-17 03:48:02,902] {scheduler_job.py:639} INFO - DAG(s) dict_keys(['example_python_operator']) retrieved from /opt/airflow/dags/example_python_operator.py
[2021-02-17 03:48:02,934] {logging_mixin.py:104} INFO - [2021-02-17 03:48:02,934] {dag.py:1818} INFO - Sync 1 DAGs
[2021-02-17 03:48:02,959] {logging_mixin.py:104} INFO - [2021-02-17 03:48:02,959] {dag.py:2273} INFO - Setting next_dagrun for example_python_operator to None
[2021-02-17 03:48:02,982] {scheduler_job.py:190} INFO - Processing /opt/airflow/dags/example_python_operator.py took 0.111 seconds
[2021-02-17 03:48:33,334] {scheduler_job.py:182} INFO - Started process (PID=590) to work on /opt/airflow/dags/example_python_operator.py
[2021-02-17 03:48:33,336] {scheduler_job.py:629} INFO - Processing file /opt/airflow/dags/example_python_operator.py for tasks to queue
[2021-02-17 03:48:33,337] {logging_mixin.py:104} INFO - [2021-02-17 03:48:33,336] {dagbag.py:448} INFO - Filling up the DagBag from /opt/airflow/dags/example_python_operator.py
[2021-02-17 03:48:33,363] {scheduler_job.py:639} INFO - DAG(s) dict_keys(['example_python_operator']) retrieved from /opt/airflow/dags/example_python_operator.py
[2021-02-17 03:48:33,397] {logging_mixin.py:104} INFO - [2021-02-17 03:48:33,396] {dag.py:1818} INFO - Sync 1 DAGs
[2021-02-17 03:48:33,421] {logging_mixin.py:104} INFO - [2021-02-17 03:48:33,421] {dag.py:2273} INFO - Setting next_dagrun for example_python_operator to None
[2021-02-17 03:48:33,458] {scheduler_job.py:190} INFO - Processing /opt/airflow/dags/example_python_operator.py took 0.130 seconds
[2021-02-17 03:49:04,944] {scheduler_job.py:182} INFO - Started process (PID=653) to work on /opt/airflow/dags/example_python_operator.py
[2021-02-17 03:49:04,975] {scheduler_job.py:629} INFO - Processing file /opt/airflow/dags/example_python_operator.py for tasks to queue
[2021-02-17 03:49:04,976] {logging_mixin.py:104} INFO - [2021-02-17 03:49:04,976] {dagbag.py:448} INFO - Filling up the DagBag from /opt/airflow/dags/example_python_operator.py
[2021-02-17 03:49:05,168] {scheduler_job.py:639} INFO - DAG(s) dict_keys(['example_python_operator']) retrieved from /opt/airflow/dags/example_python_operator.py
[2021-02-17 03:49:05,254] {logging_mixin.py:104} INFO - [2021-02-17 03:49:05,254] {dag.py:1818} INFO - Sync 1 DAGs
[2021-02-17 03:49:05,310] {logging_mixin.py:104} INFO - [2021-02-17 03:49:05,310] {dag.py:2273} INFO - Setting next_dagrun for example_python_operator to None
[2021-02-17 03:49:05,403] {scheduler_job.py:190} INFO - Processing /opt/airflow/dags/example_python_operator.py took 0.481 seconds
[2021-02-17 03:49:36,219] {scheduler_job.py:182} INFO - Started process (PID=676) to work on /opt/airflow/dags/example_python_operator.py
[2021-02-17 03:49:36,221] {scheduler_job.py:629} INFO - Processing file /opt/airflow/dags/example_python_operator.py for tasks to queue
[2021-02-17 03:49:36,222] {logging_mixin.py:104} INFO - [2021-02-17 03:49:36,222] {dagbag.py:448} INFO - Filling up the DagBag from /opt/airflow/dags/example_python_operator.py
[2021-02-17 03:49:36,253] {scheduler_job.py:639} INFO - DAG(s) dict_keys(['example_python_operator']) retrieved from /opt/airflow/dags/example_python_operator.py
[2021-02-17 03:49:36,334] {logging_mixin.py:104} INFO - [2021-02-17 03:49:36,334] {dag.py:1818} INFO - Sync 1 DAGs
[2021-02-17 03:49:36,388] {logging_mixin.py:104} INFO - [2021-02-17 03:49:36,387] {dag.py:2273} INFO - Setting next_dagrun for example_python_operator to None
[2021-02-17 03:49:36,422] {scheduler_job.py:190} INFO - Processing /opt/airflow/dags/example_python_operator.py took 0.209 seconds
[2021-02-17 03:50:06,894] {scheduler_job.py:182} INFO - Started process (PID=694) to work on /opt/airflow/dags/example_python_operator.py
[2021-02-17 03:50:06,906] {scheduler_job.py:629} INFO - Processing file /opt/airflow/dags/example_python_operator.py for tasks to queue
[2021-02-17 03:50:06,908] {logging_mixin.py:104} INFO - [2021-02-17 03:50:06,907] {dagbag.py:448} INFO - Filling up the DagBag from /opt/airflow/dags/example_python_operator.py
[2021-02-17 03:50:06,950] {scheduler_job.py:639} INFO - DAG(s) dict_keys(['example_python_operator']) retrieved from /opt/airflow/dags/example_python_operator.py
[2021-02-17 03:50:07,059] {logging_mixin.py:104} INFO - [2021-02-17 03:50:07,058] {dag.py:1818} INFO - Sync 1 DAGs
[2021-02-17 03:50:07,136] {logging_mixin.py:104} INFO - [2021-02-17 03:50:07,135] {dag.py:2273} INFO - Setting next_dagrun for example_python_operator to None
[2021-02-17 03:50:07,202] {scheduler_job.py:190} INFO - Processing /opt/airflow/dags/example_python_operator.py took 0.325 seconds
[2021-02-17 03:50:37,789] {scheduler_job.py:182} INFO - Started process (PID=715) to work on /opt/airflow/dags/example_python_operator.py
[2021-02-17 03:50:37,791] {scheduler_job.py:629} INFO - Processing file /opt/airflow/dags/example_python_operator.py for tasks to queue
[2021-02-17 03:50:37,792] {logging_mixin.py:104} INFO - [2021-02-17 03:50:37,792] {dagbag.py:448} INFO - Filling up the DagBag from /opt/airflow/dags/example_python_operator.py
[2021-02-17 03:50:37,837] {scheduler_job.py:639} INFO - DAG(s) dict_keys(['example_python_operator']) retrieved from /opt/airflow/dags/example_python_operator.py
[2021-02-17 03:50:37,896] {logging_mixin.py:104} INFO - [2021-02-17 03:50:37,896] {dag.py:1818} INFO - Sync 1 DAGs
[2021-02-17 03:50:37,949] {logging_mixin.py:104} INFO - [2021-02-17 03:50:37,949] {dag.py:2273} INFO - Setting next_dagrun for example_python_operator to None
[2021-02-17 03:50:37,990] {scheduler_job.py:190} INFO - Processing /opt/airflow/dags/example_python_operator.py took 0.223 seconds
[2021-02-17 03:51:08,560] {scheduler_job.py:182} INFO - Started process (PID=736) to work on /opt/airflow/dags/example_python_operator.py
[2021-02-17 03:51:08,562] {scheduler_job.py:629} INFO - Processing file /opt/airflow/dags/example_python_operator.py for tasks to queue
[2021-02-17 03:51:08,563] {logging_mixin.py:104} INFO - [2021-02-17 03:51:08,563] {dagbag.py:448} INFO - Filling up the DagBag from /opt/airflow/dags/example_python_operator.py
[2021-02-17 03:51:08,587] {scheduler_job.py:639} INFO - DAG(s) dict_keys(['example_python_operator']) retrieved from /opt/airflow/dags/example_python_operator.py
[2021-02-17 03:51:08,623] {logging_mixin.py:104} INFO - [2021-02-17 03:51:08,622] {dag.py:1818} INFO - Sync 1 DAGs
[2021-02-17 03:51:08,650] {logging_mixin.py:104} INFO - [2021-02-17 03:51:08,650] {dag.py:2273} INFO - Setting next_dagrun for example_python_operator to None
[2021-02-17 03:51:08,672] {scheduler_job.py:190} INFO - Processing /opt/airflow/dags/example_python_operator.py took 0.118 seconds
[2021-02-17 03:51:39,542] {scheduler_job.py:182} INFO - Started process (PID=755) to work on /opt/airflow/dags/example_python_operator.py
[2021-02-17 03:51:39,543] {scheduler_job.py:629} INFO - Processing file /opt/airflow/dags/example_python_operator.py for tasks to queue
[2021-02-17 03:51:39,544] {logging_mixin.py:104} INFO - [2021-02-17 03:51:39,544] {dagbag.py:448} INFO - Filling up the DagBag from /opt/airflow/dags/example_python_operator.py
[2021-02-17 03:51:39,660] {scheduler_job.py:639} INFO - DAG(s) dict_keys(['example_python_operator']) retrieved from /opt/airflow/dags/example_python_operator.py
[2021-02-17 03:51:39,780] {logging_mixin.py:104} INFO - [2021-02-17 03:51:39,780] {dag.py:1818} INFO - Sync 1 DAGs
[2021-02-17 03:51:39,900] {logging_mixin.py:104} INFO - [2021-02-17 03:51:39,900] {dag.py:2273} INFO - Setting next_dagrun for example_python_operator to None
[2021-02-17 03:51:39,987] {scheduler_job.py:190} INFO - Processing /opt/airflow/dags/example_python_operator.py took 0.461 seconds
[2021-02-17 03:52:10,548] {scheduler_job.py:182} INFO - Started process (PID=775) to work on /opt/airflow/dags/example_python_operator.py
[2021-02-17 03:52:10,552] {scheduler_job.py:629} INFO - Processing file /opt/airflow/dags/example_python_operator.py for tasks to queue
[2021-02-17 03:52:10,554] {logging_mixin.py:104} INFO - [2021-02-17 03:52:10,554] {dagbag.py:448} INFO - Filling up the DagBag from /opt/airflow/dags/example_python_operator.py
[2021-02-17 03:52:10,612] {scheduler_job.py:639} INFO - DAG(s) dict_keys(['example_python_operator']) retrieved from /opt/airflow/dags/example_python_operator.py
[2021-02-17 03:52:10,673] {logging_mixin.py:104} INFO - [2021-02-17 03:52:10,673] {dag.py:1818} INFO - Sync 1 DAGs
[2021-02-17 03:52:10,737] {logging_mixin.py:104} INFO - [2021-02-17 03:52:10,737] {dag.py:2273} INFO - Setting next_dagrun for example_python_operator to None
[2021-02-17 03:52:10,863] {scheduler_job.py:190} INFO - Processing /opt/airflow/dags/example_python_operator.py took 0.322 seconds
[2021-02-17 03:52:41,330] {scheduler_job.py:182} INFO - Started process (PID=794) to work on /opt/airflow/dags/example_python_operator.py
[2021-02-17 03:52:41,424] {scheduler_job.py:629} INFO - Processing file /opt/airflow/dags/example_python_operator.py for tasks to queue
[2021-02-17 03:52:41,425] {logging_mixin.py:104} INFO - [2021-02-17 03:52:41,425] {dagbag.py:448} INFO - Filling up the DagBag from /opt/airflow/dags/example_python_operator.py
[2021-02-17 03:52:41,459] {scheduler_job.py:639} INFO - DAG(s) dict_keys(['example_python_operator']) retrieved from /opt/airflow/dags/example_python_operator.py
[2021-02-17 03:52:41,501] {logging_mixin.py:104} INFO - [2021-02-17 03:52:41,501] {dag.py:1818} INFO - Sync 1 DAGs
[2021-02-17 03:52:41,539] {logging_mixin.py:104} INFO - [2021-02-17 03:52:41,539] {dag.py:2273} INFO - Setting next_dagrun for example_python_operator to None
[2021-02-17 03:52:42,053] {scheduler_job.py:190} INFO - Processing /opt/airflow/dags/example_python_operator.py took 0.734 seconds
[2021-02-17 03:53:12,569] {scheduler_job.py:182} INFO - Started process (PID=815) to work on /opt/airflow/dags/example_python_operator.py
[2021-02-17 03:53:12,571] {scheduler_job.py:629} INFO - Processing file /opt/airflow/dags/example_python_operator.py for tasks to queue
[2021-02-17 03:53:12,572] {logging_mixin.py:104} INFO - [2021-02-17 03:53:12,572] {dagbag.py:448} INFO - Filling up the DagBag from /opt/airflow/dags/example_python_operator.py
[2021-02-17 03:53:12,596] {scheduler_job.py:639} INFO - DAG(s) dict_keys(['example_python_operator']) retrieved from /opt/airflow/dags/example_python_operator.py
[2021-02-17 03:53:12,628] {logging_mixin.py:104} INFO - [2021-02-17 03:53:12,628] {dag.py:1818} INFO - Sync 1 DAGs
[2021-02-17 03:53:12,654] {logging_mixin.py:104} INFO - [2021-02-17 03:53:12,654] {dag.py:2273} INFO - Setting next_dagrun for example_python_operator to None
[2021-02-17 03:53:12,696] {scheduler_job.py:190} INFO - Processing /opt/airflow/dags/example_python_operator.py took 0.133 seconds
[2021-02-17 03:53:43,194] {scheduler_job.py:182} INFO - Started process (PID=836) to work on /opt/airflow/dags/example_python_operator.py
[2021-02-17 03:53:43,218] {scheduler_job.py:629} INFO - Processing file /opt/airflow/dags/example_python_operator.py for tasks to queue
[2021-02-17 03:53:43,220] {logging_mixin.py:104} INFO - [2021-02-17 03:53:43,219] {dagbag.py:448} INFO - Filling up the DagBag from /opt/airflow/dags/example_python_operator.py
[2021-02-17 03:53:43,252] {scheduler_job.py:639} INFO - DAG(s) dict_keys(['example_python_operator']) retrieved from /opt/airflow/dags/example_python_operator.py
[2021-02-17 03:53:43,288] {logging_mixin.py:104} INFO - [2021-02-17 03:53:43,288] {dag.py:1818} INFO - Sync 1 DAGs
[2021-02-17 03:53:43,330] {logging_mixin.py:104} INFO - [2021-02-17 03:53:43,330] {dag.py:2273} INFO - Setting next_dagrun for example_python_operator to None
[2021-02-17 03:53:43,359] {scheduler_job.py:190} INFO - Processing /opt/airflow/dags/example_python_operator.py took 0.190 seconds
[2021-02-17 03:54:14,069] {scheduler_job.py:182} INFO - Started process (PID=854) to work on /opt/airflow/dags/example_python_operator.py
[2021-02-17 03:54:14,149] {scheduler_job.py:629} INFO - Processing file /opt/airflow/dags/example_python_operator.py for tasks to queue
[2021-02-17 03:54:14,151] {logging_mixin.py:104} INFO - [2021-02-17 03:54:14,151] {dagbag.py:448} INFO - Filling up the DagBag from /opt/airflow/dags/example_python_operator.py
[2021-02-17 03:54:14,260] {scheduler_job.py:639} INFO - DAG(s) dict_keys(['example_python_operator']) retrieved from /opt/airflow/dags/example_python_operator.py
[2021-02-17 03:54:14,341] {logging_mixin.py:104} INFO - [2021-02-17 03:54:14,341] {dag.py:1818} INFO - Sync 1 DAGs
[2021-02-17 03:54:14,403] {logging_mixin.py:104} INFO - [2021-02-17 03:54:14,403] {dag.py:2273} INFO - Setting next_dagrun for example_python_operator to None
[2021-02-17 03:54:14,462] {scheduler_job.py:190} INFO - Processing /opt/airflow/dags/example_python_operator.py took 0.429 seconds
[2021-02-17 03:54:44,703] {scheduler_job.py:182} INFO - Started process (PID=872) to work on /opt/airflow/dags/example_python_operator.py
[2021-02-17 03:54:44,729] {scheduler_job.py:629} INFO - Processing file /opt/airflow/dags/example_python_operator.py for tasks to queue
[2021-02-17 03:54:44,730] {logging_mixin.py:104} INFO - [2021-02-17 03:54:44,730] {dagbag.py:448} INFO - Filling up the DagBag from /opt/airflow/dags/example_python_operator.py
[2021-02-17 03:54:44,765] {scheduler_job.py:639} INFO - DAG(s) dict_keys(['example_python_operator']) retrieved from /opt/airflow/dags/example_python_operator.py
[2021-02-17 03:54:44,801] {logging_mixin.py:104} INFO - [2021-02-17 03:54:44,801] {dag.py:1818} INFO - Sync 1 DAGs
[2021-02-17 03:54:44,835] {logging_mixin.py:104} INFO - [2021-02-17 03:54:44,835] {dag.py:2273} INFO - Setting next_dagrun for example_python_operator to None
[2021-02-17 03:54:44,866] {scheduler_job.py:190} INFO - Processing /opt/airflow/dags/example_python_operator.py took 0.171 seconds
[2021-02-17 03:55:15,518] {scheduler_job.py:182} INFO - Started process (PID=895) to work on /opt/airflow/dags/example_python_operator.py
[2021-02-17 03:55:15,546] {scheduler_job.py:629} INFO - Processing file /opt/airflow/dags/example_python_operator.py for tasks to queue
[2021-02-17 03:55:15,547] {logging_mixin.py:104} INFO - [2021-02-17 03:55:15,547] {dagbag.py:448} INFO - Filling up the DagBag from /opt/airflow/dags/example_python_operator.py
[2021-02-17 03:55:15,584] {scheduler_job.py:639} INFO - DAG(s) dict_keys(['example_python_operator']) retrieved from /opt/airflow/dags/example_python_operator.py
[2021-02-17 03:55:15,637] {logging_mixin.py:104} INFO - [2021-02-17 03:55:15,637] {dag.py:1818} INFO - Sync 1 DAGs
[2021-02-17 03:55:15,663] {logging_mixin.py:104} INFO - [2021-02-17 03:55:15,663] {dag.py:2273} INFO - Setting next_dagrun for example_python_operator to None
[2021-02-17 03:55:15,698] {scheduler_job.py:190} INFO - Processing /opt/airflow/dags/example_python_operator.py took 0.185 seconds
[2021-02-17 03:55:46,125] {scheduler_job.py:182} INFO - Started process (PID=916) to work on /opt/airflow/dags/example_python_operator.py
[2021-02-17 03:55:46,148] {scheduler_job.py:629} INFO - Processing file /opt/airflow/dags/example_python_operator.py for tasks to queue
[2021-02-17 03:55:46,149] {logging_mixin.py:104} INFO - [2021-02-17 03:55:46,149] {dagbag.py:448} INFO - Filling up the DagBag from /opt/airflow/dags/example_python_operator.py
[2021-02-17 03:55:46,202] {scheduler_job.py:639} INFO - DAG(s) dict_keys(['example_python_operator']) retrieved from /opt/airflow/dags/example_python_operator.py
[2021-02-17 03:55:46,240] {logging_mixin.py:104} INFO - [2021-02-17 03:55:46,240] {dag.py:1818} INFO - Sync 1 DAGs
[2021-02-17 03:55:46,264] {logging_mixin.py:104} INFO - [2021-02-17 03:55:46,264] {dag.py:2273} INFO - Setting next_dagrun for example_python_operator to None
[2021-02-17 03:55:46,301] {scheduler_job.py:190} INFO - Processing /opt/airflow/dags/example_python_operator.py took 0.181 seconds
[2021-02-17 03:56:16,573] {scheduler_job.py:182} INFO - Started process (PID=936) to work on /opt/airflow/dags/example_python_operator.py
[2021-02-17 03:56:16,575] {scheduler_job.py:629} INFO - Processing file /opt/airflow/dags/example_python_operator.py for tasks to queue
[2021-02-17 03:56:16,576] {logging_mixin.py:104} INFO - [2021-02-17 03:56:16,576] {dagbag.py:448} INFO - Filling up the DagBag from /opt/airflow/dags/example_python_operator.py
[2021-02-17 03:56:16,597] {scheduler_job.py:639} INFO - DAG(s) dict_keys(['example_python_operator']) retrieved from /opt/airflow/dags/example_python_operator.py
[2021-02-17 03:56:16,634] {logging_mixin.py:104} INFO - [2021-02-17 03:56:16,634] {dag.py:1818} INFO - Sync 1 DAGs
[2021-02-17 03:56:16,663] {logging_mixin.py:104} INFO - [2021-02-17 03:56:16,663] {dag.py:2273} INFO - Setting next_dagrun for example_python_operator to None
[2021-02-17 03:56:16,686] {scheduler_job.py:190} INFO - Processing /opt/airflow/dags/example_python_operator.py took 0.120 seconds
[2021-02-17 03:56:47,123] {scheduler_job.py:182} INFO - Started process (PID=954) to work on /opt/airflow/dags/example_python_operator.py
[2021-02-17 03:56:47,125] {scheduler_job.py:629} INFO - Processing file /opt/airflow/dags/example_python_operator.py for tasks to queue
[2021-02-17 03:56:47,126] {logging_mixin.py:104} INFO - [2021-02-17 03:56:47,126] {dagbag.py:448} INFO - Filling up the DagBag from /opt/airflow/dags/example_python_operator.py
[2021-02-17 03:56:47,152] {scheduler_job.py:639} INFO - DAG(s) dict_keys(['example_python_operator']) retrieved from /opt/airflow/dags/example_python_operator.py
[2021-02-17 03:56:47,184] {logging_mixin.py:104} INFO - [2021-02-17 03:56:47,184] {dag.py:1818} INFO - Sync 1 DAGs
[2021-02-17 03:56:47,211] {logging_mixin.py:104} INFO - [2021-02-17 03:56:47,211] {dag.py:2273} INFO - Setting next_dagrun for example_python_operator to None
[2021-02-17 03:56:47,264] {scheduler_job.py:190} INFO - Processing /opt/airflow/dags/example_python_operator.py took 0.146 seconds
[2021-02-17 03:57:17,555] {scheduler_job.py:182} INFO - Started process (PID=975) to work on /opt/airflow/dags/example_python_operator.py
[2021-02-17 03:57:17,566] {scheduler_job.py:629} INFO - Processing file /opt/airflow/dags/example_python_operator.py for tasks to queue
[2021-02-17 03:57:17,567] {logging_mixin.py:104} INFO - [2021-02-17 03:57:17,567] {dagbag.py:448} INFO - Filling up the DagBag from /opt/airflow/dags/example_python_operator.py
[2021-02-17 03:57:17,589] {scheduler_job.py:639} INFO - DAG(s) dict_keys(['example_python_operator']) retrieved from /opt/airflow/dags/example_python_operator.py
[2021-02-17 03:57:17,624] {logging_mixin.py:104} INFO - [2021-02-17 03:57:17,624] {dag.py:1818} INFO - Sync 1 DAGs
[2021-02-17 03:57:17,654] {logging_mixin.py:104} INFO - [2021-02-17 03:57:17,654] {dag.py:2273} INFO - Setting next_dagrun for example_python_operator to None
[2021-02-17 03:57:17,693] {scheduler_job.py:190} INFO - Processing /opt/airflow/dags/example_python_operator.py took 0.144 seconds
[2021-02-17 03:57:48,122] {scheduler_job.py:182} INFO - Started process (PID=994) to work on /opt/airflow/dags/example_python_operator.py
[2021-02-17 03:57:48,124] {scheduler_job.py:629} INFO - Processing file /opt/airflow/dags/example_python_operator.py for tasks to queue
[2021-02-17 03:57:48,137] {logging_mixin.py:104} INFO - [2021-02-17 03:57:48,124] {dagbag.py:448} INFO - Filling up the DagBag from /opt/airflow/dags/example_python_operator.py
[2021-02-17 03:57:48,169] {scheduler_job.py:639} INFO - DAG(s) dict_keys(['example_python_operator']) retrieved from /opt/airflow/dags/example_python_operator.py
[2021-02-17 03:57:48,201] {logging_mixin.py:104} INFO - [2021-02-17 03:57:48,201] {dag.py:1818} INFO - Sync 1 DAGs
[2021-02-17 03:57:48,230] {logging_mixin.py:104} INFO - [2021-02-17 03:57:48,229] {dag.py:2273} INFO - Setting next_dagrun for example_python_operator to None
[2021-02-17 03:57:48,251] {scheduler_job.py:190} INFO - Processing /opt/airflow/dags/example_python_operator.py took 0.135 seconds
[2021-02-17 03:58:18,740] {scheduler_job.py:182} INFO - Started process (PID=1014) to work on /opt/airflow/dags/example_python_operator.py
[2021-02-17 03:58:18,742] {scheduler_job.py:629} INFO - Processing file /opt/airflow/dags/example_python_operator.py for tasks to queue
[2021-02-17 03:58:18,743] {logging_mixin.py:104} INFO - [2021-02-17 03:58:18,743] {dagbag.py:448} INFO - Filling up the DagBag from /opt/airflow/dags/example_python_operator.py
[2021-02-17 03:58:18,766] {scheduler_job.py:639} INFO - DAG(s) dict_keys(['example_python_operator']) retrieved from /opt/airflow/dags/example_python_operator.py
[2021-02-17 03:58:18,806] {logging_mixin.py:104} INFO - [2021-02-17 03:58:18,805] {dag.py:1818} INFO - Sync 1 DAGs
[2021-02-17 03:58:18,832] {logging_mixin.py:104} INFO - [2021-02-17 03:58:18,832] {dag.py:2273} INFO - Setting next_dagrun for example_python_operator to None
[2021-02-17 03:58:18,872] {scheduler_job.py:190} INFO - Processing /opt/airflow/dags/example_python_operator.py took 0.138 seconds
[2021-02-17 03:58:49,382] {scheduler_job.py:182} INFO - Started process (PID=1034) to work on /opt/airflow/dags/example_python_operator.py
[2021-02-17 03:58:49,398] {scheduler_job.py:629} INFO - Processing file /opt/airflow/dags/example_python_operator.py for tasks to queue
[2021-02-17 03:58:49,400] {logging_mixin.py:104} INFO - [2021-02-17 03:58:49,399] {dagbag.py:448} INFO - Filling up the DagBag from /opt/airflow/dags/example_python_operator.py
[2021-02-17 03:58:49,427] {scheduler_job.py:639} INFO - DAG(s) dict_keys(['example_python_operator']) retrieved from /opt/airflow/dags/example_python_operator.py
[2021-02-17 03:58:49,467] {logging_mixin.py:104} INFO - [2021-02-17 03:58:49,466] {dag.py:1818} INFO - Sync 1 DAGs
[2021-02-17 03:58:49,495] {logging_mixin.py:104} INFO - [2021-02-17 03:58:49,494] {dag.py:2273} INFO - Setting next_dagrun for example_python_operator to None
[2021-02-17 03:58:49,529] {scheduler_job.py:190} INFO - Processing /opt/airflow/dags/example_python_operator.py took 0.153 seconds
[2021-02-17 03:59:20,010] {scheduler_job.py:182} INFO - Started process (PID=1055) to work on /opt/airflow/dags/example_python_operator.py
[2021-02-17 03:59:20,011] {scheduler_job.py:629} INFO - Processing file /opt/airflow/dags/example_python_operator.py for tasks to queue
[2021-02-17 03:59:20,012] {logging_mixin.py:104} INFO - [2021-02-17 03:59:20,012] {dagbag.py:448} INFO - Filling up the DagBag from /opt/airflow/dags/example_python_operator.py
[2021-02-17 03:59:20,040] {scheduler_job.py:639} INFO - DAG(s) dict_keys(['example_python_operator']) retrieved from /opt/airflow/dags/example_python_operator.py
[2021-02-17 03:59:20,077] {logging_mixin.py:104} INFO - [2021-02-17 03:59:20,077] {dag.py:1818} INFO - Sync 1 DAGs
[2021-02-17 03:59:20,102] {logging_mixin.py:104} INFO - [2021-02-17 03:59:20,102] {dag.py:2273} INFO - Setting next_dagrun for example_python_operator to None
[2021-02-17 03:59:20,118] {scheduler_job.py:190} INFO - Processing /opt/airflow/dags/example_python_operator.py took 0.117 seconds
[2021-02-17 03:59:51,165] {scheduler_job.py:182} INFO - Started process (PID=1074) to work on /opt/airflow/dags/example_python_operator.py
[2021-02-17 03:59:51,299] {scheduler_job.py:629} INFO - Processing file /opt/airflow/dags/example_python_operator.py for tasks to queue
[2021-02-17 03:59:51,300] {logging_mixin.py:104} INFO - [2021-02-17 03:59:51,300] {dagbag.py:448} INFO - Filling up the DagBag from /opt/airflow/dags/example_python_operator.py
[2021-02-17 03:59:51,358] {scheduler_job.py:639} INFO - DAG(s) dict_keys(['example_python_operator']) retrieved from /opt/airflow/dags/example_python_operator.py
[2021-02-17 03:59:51,453] {logging_mixin.py:104} INFO - [2021-02-17 03:59:51,453] {dag.py:1818} INFO - Sync 1 DAGs
[2021-02-17 03:59:51,533] {logging_mixin.py:104} INFO - [2021-02-17 03:59:51,533] {dag.py:2273} INFO - Setting next_dagrun for example_python_operator to None
[2021-02-17 03:59:51,991] {scheduler_job.py:190} INFO - Processing /opt/airflow/dags/example_python_operator.py took 0.855 seconds
[2021-02-17 04:00:22,231] {scheduler_job.py:182} INFO - Started process (PID=1094) to work on /opt/airflow/dags/example_python_operator.py
[2021-02-17 04:00:22,250] {scheduler_job.py:629} INFO - Processing file /opt/airflow/dags/example_python_operator.py for tasks to queue
[2021-02-17 04:00:22,252] {logging_mixin.py:104} INFO - [2021-02-17 04:00:22,251] {dagbag.py:448} INFO - Filling up the DagBag from /opt/airflow/dags/example_python_operator.py
[2021-02-17 04:00:22,278] {scheduler_job.py:639} INFO - DAG(s) dict_keys(['example_python_operator']) retrieved from /opt/airflow/dags/example_python_operator.py
[2021-02-17 04:00:22,329] {logging_mixin.py:104} INFO - [2021-02-17 04:00:22,329] {dag.py:1818} INFO - Sync 1 DAGs
[2021-02-17 04:00:22,363] {logging_mixin.py:104} INFO - [2021-02-17 04:00:22,363] {dag.py:2273} INFO - Setting next_dagrun for example_python_operator to None
[2021-02-17 04:00:22,404] {scheduler_job.py:190} INFO - Processing /opt/airflow/dags/example_python_operator.py took 0.185 seconds
[2021-02-17 04:00:52,754] {scheduler_job.py:182} INFO - Started process (PID=1115) to work on /opt/airflow/dags/example_python_operator.py
[2021-02-17 04:00:52,775] {scheduler_job.py:629} INFO - Processing file /opt/airflow/dags/example_python_operator.py for tasks to queue
[2021-02-17 04:00:52,780] {logging_mixin.py:104} INFO - [2021-02-17 04:00:52,780] {dagbag.py:448} INFO - Filling up the DagBag from /opt/airflow/dags/example_python_operator.py
[2021-02-17 04:00:52,780] {scheduler_job.py:641} WARNING - No viable dags retrieved from /opt/airflow/dags/example_python_operator.py
[2021-02-17 04:00:52,783] {scheduler_job.py:190} INFO - Processing /opt/airflow/dags/example_python_operator.py took 0.034 seconds
[2021-02-17 04:01:23,360] {scheduler_job.py:182} INFO - Started process (PID=1134) to work on /opt/airflow/dags/example_python_operator.py
[2021-02-17 04:01:23,492] {scheduler_job.py:629} INFO - Processing file /opt/airflow/dags/example_python_operator.py for tasks to queue
[2021-02-17 04:01:23,494] {logging_mixin.py:104} INFO - [2021-02-17 04:01:23,493] {dagbag.py:448} INFO - Filling up the DagBag from /opt/airflow/dags/example_python_operator.py
[2021-02-17 04:01:23,494] {scheduler_job.py:641} WARNING - No viable dags retrieved from /opt/airflow/dags/example_python_operator.py
[2021-02-17 04:01:23,495] {scheduler_job.py:190} INFO - Processing /opt/airflow/dags/example_python_operator.py took 0.140 seconds
[2021-02-17 04:01:53,708] {scheduler_job.py:182} INFO - Started process (PID=1155) to work on /opt/airflow/dags/example_python_operator.py
[2021-02-17 04:01:53,737] {scheduler_job.py:629} INFO - Processing file /opt/airflow/dags/example_python_operator.py for tasks to queue
[2021-02-17 04:01:53,738] {logging_mixin.py:104} INFO - [2021-02-17 04:01:53,738] {dagbag.py:448} INFO - Filling up the DagBag from /opt/airflow/dags/example_python_operator.py
[2021-02-17 04:01:53,739] {scheduler_job.py:641} WARNING - No viable dags retrieved from /opt/airflow/dags/example_python_operator.py
[2021-02-17 04:01:53,739] {scheduler_job.py:190} INFO - Processing /opt/airflow/dags/example_python_operator.py took 0.038 seconds
[2021-02-17 04:02:24,049] {scheduler_job.py:182} INFO - Started process (PID=1175) to work on /opt/airflow/dags/example_python_operator.py
[2021-02-17 04:02:24,166] {scheduler_job.py:629} INFO - Processing file /opt/airflow/dags/example_python_operator.py for tasks to queue
[2021-02-17 04:02:24,168] {logging_mixin.py:104} INFO - [2021-02-17 04:02:24,167] {dagbag.py:448} INFO - Filling up the DagBag from /opt/airflow/dags/example_python_operator.py
[2021-02-17 04:02:24,168] {scheduler_job.py:641} WARNING - No viable dags retrieved from /opt/airflow/dags/example_python_operator.py
[2021-02-17 04:02:24,168] {scheduler_job.py:190} INFO - Processing /opt/airflow/dags/example_python_operator.py took 0.125 seconds
