[2021-02-17 03:37:50,829] {scheduler_job.py:182} INFO - Started process (PID=155) to work on /opt/airflow/dags/example_skip_dag.py
[2021-02-17 03:37:50,831] {scheduler_job.py:629} INFO - Processing file /opt/airflow/dags/example_skip_dag.py for tasks to queue
[2021-02-17 03:37:50,832] {logging_mixin.py:104} INFO - [2021-02-17 03:37:50,831] {dagbag.py:448} INFO - Filling up the DagBag from /opt/airflow/dags/example_skip_dag.py
[2021-02-17 03:37:50,888] {scheduler_job.py:639} INFO - DAG(s) dict_keys(['example_skip_dag']) retrieved from /opt/airflow/dags/example_skip_dag.py
[2021-02-17 03:37:50,960] {logging_mixin.py:104} INFO - [2021-02-17 03:37:50,960] {dag.py:1818} INFO - Sync 1 DAGs
[2021-02-17 03:37:51,000] {logging_mixin.py:104} INFO - [2021-02-17 03:37:51,000] {dag.py:1837} INFO - Creating ORM DAG for example_skip_dag
[2021-02-17 03:37:51,021] {logging_mixin.py:104} INFO - [2021-02-17 03:37:51,021] {dag.py:2273} INFO - Setting next_dagrun for example_skip_dag to 2021-02-15 00:00:00+00:00
[2021-02-17 03:37:51,082] {scheduler_job.py:190} INFO - Processing /opt/airflow/dags/example_skip_dag.py took 0.263 seconds
[2021-02-17 03:38:21,563] {scheduler_job.py:182} INFO - Started process (PID=175) to work on /opt/airflow/dags/example_skip_dag.py
[2021-02-17 03:38:21,581] {scheduler_job.py:629} INFO - Processing file /opt/airflow/dags/example_skip_dag.py for tasks to queue
[2021-02-17 03:38:21,582] {logging_mixin.py:104} INFO - [2021-02-17 03:38:21,582] {dagbag.py:448} INFO - Filling up the DagBag from /opt/airflow/dags/example_skip_dag.py
[2021-02-17 03:38:21,624] {scheduler_job.py:639} INFO - DAG(s) dict_keys(['example_skip_dag']) retrieved from /opt/airflow/dags/example_skip_dag.py
[2021-02-17 03:38:21,709] {logging_mixin.py:104} INFO - [2021-02-17 03:38:21,709] {dag.py:1818} INFO - Sync 1 DAGs
[2021-02-17 03:38:21,749] {logging_mixin.py:104} INFO - [2021-02-17 03:38:21,749] {dag.py:2273} INFO - Setting next_dagrun for example_skip_dag to 2021-02-15 00:00:00+00:00
[2021-02-17 03:38:21,823] {scheduler_job.py:190} INFO - Processing /opt/airflow/dags/example_skip_dag.py took 0.270 seconds
[2021-02-17 03:38:52,414] {scheduler_job.py:182} INFO - Started process (PID=195) to work on /opt/airflow/dags/example_skip_dag.py
[2021-02-17 03:38:52,416] {scheduler_job.py:629} INFO - Processing file /opt/airflow/dags/example_skip_dag.py for tasks to queue
[2021-02-17 03:38:52,422] {logging_mixin.py:104} INFO - [2021-02-17 03:38:52,421] {dagbag.py:448} INFO - Filling up the DagBag from /opt/airflow/dags/example_skip_dag.py
[2021-02-17 03:38:52,537] {scheduler_job.py:639} INFO - DAG(s) dict_keys(['example_skip_dag']) retrieved from /opt/airflow/dags/example_skip_dag.py
[2021-02-17 03:38:52,621] {logging_mixin.py:104} INFO - [2021-02-17 03:38:52,621] {dag.py:1818} INFO - Sync 1 DAGs
[2021-02-17 03:38:52,676] {logging_mixin.py:104} INFO - [2021-02-17 03:38:52,675] {dag.py:2273} INFO - Setting next_dagrun for example_skip_dag to 2021-02-15 00:00:00+00:00
[2021-02-17 03:38:52,715] {scheduler_job.py:190} INFO - Processing /opt/airflow/dags/example_skip_dag.py took 0.317 seconds
[2021-02-17 03:39:23,335] {scheduler_job.py:182} INFO - Started process (PID=215) to work on /opt/airflow/dags/example_skip_dag.py
[2021-02-17 03:39:23,372] {scheduler_job.py:629} INFO - Processing file /opt/airflow/dags/example_skip_dag.py for tasks to queue
[2021-02-17 03:39:23,375] {logging_mixin.py:104} INFO - [2021-02-17 03:39:23,374] {dagbag.py:448} INFO - Filling up the DagBag from /opt/airflow/dags/example_skip_dag.py
[2021-02-17 03:39:23,395] {scheduler_job.py:639} INFO - DAG(s) dict_keys(['example_skip_dag']) retrieved from /opt/airflow/dags/example_skip_dag.py
[2021-02-17 03:39:23,429] {logging_mixin.py:104} INFO - [2021-02-17 03:39:23,429] {dag.py:1818} INFO - Sync 1 DAGs
[2021-02-17 03:39:23,458] {logging_mixin.py:104} INFO - [2021-02-17 03:39:23,458] {dag.py:2273} INFO - Setting next_dagrun for example_skip_dag to 2021-02-15 00:00:00+00:00
[2021-02-17 03:39:23,480] {scheduler_job.py:190} INFO - Processing /opt/airflow/dags/example_skip_dag.py took 0.151 seconds
[2021-02-17 03:39:53,802] {scheduler_job.py:182} INFO - Started process (PID=235) to work on /opt/airflow/dags/example_skip_dag.py
[2021-02-17 03:39:53,804] {scheduler_job.py:629} INFO - Processing file /opt/airflow/dags/example_skip_dag.py for tasks to queue
[2021-02-17 03:39:53,805] {logging_mixin.py:104} INFO - [2021-02-17 03:39:53,805] {dagbag.py:448} INFO - Filling up the DagBag from /opt/airflow/dags/example_skip_dag.py
[2021-02-17 03:39:53,823] {scheduler_job.py:639} INFO - DAG(s) dict_keys(['example_skip_dag']) retrieved from /opt/airflow/dags/example_skip_dag.py
[2021-02-17 03:39:53,876] {logging_mixin.py:104} INFO - [2021-02-17 03:39:53,876] {dag.py:1818} INFO - Sync 1 DAGs
[2021-02-17 03:39:53,905] {logging_mixin.py:104} INFO - [2021-02-17 03:39:53,904] {dag.py:2273} INFO - Setting next_dagrun for example_skip_dag to 2021-02-15 00:00:00+00:00
[2021-02-17 03:39:53,943] {scheduler_job.py:190} INFO - Processing /opt/airflow/dags/example_skip_dag.py took 0.147 seconds
[2021-02-17 03:40:24,353] {scheduler_job.py:182} INFO - Started process (PID=255) to work on /opt/airflow/dags/example_skip_dag.py
[2021-02-17 03:40:24,356] {scheduler_job.py:629} INFO - Processing file /opt/airflow/dags/example_skip_dag.py for tasks to queue
[2021-02-17 03:40:24,357] {logging_mixin.py:104} INFO - [2021-02-17 03:40:24,357] {dagbag.py:448} INFO - Filling up the DagBag from /opt/airflow/dags/example_skip_dag.py
[2021-02-17 03:40:24,475] {scheduler_job.py:639} INFO - DAG(s) dict_keys(['example_skip_dag']) retrieved from /opt/airflow/dags/example_skip_dag.py
[2021-02-17 03:40:24,527] {logging_mixin.py:104} INFO - [2021-02-17 03:40:24,527] {dag.py:1818} INFO - Sync 1 DAGs
[2021-02-17 03:40:24,552] {logging_mixin.py:104} INFO - [2021-02-17 03:40:24,552] {dag.py:2273} INFO - Setting next_dagrun for example_skip_dag to 2021-02-17 00:00:00+00:00
[2021-02-17 03:40:24,582] {scheduler_job.py:190} INFO - Processing /opt/airflow/dags/example_skip_dag.py took 0.236 seconds
[2021-02-17 03:40:54,926] {scheduler_job.py:182} INFO - Started process (PID=275) to work on /opt/airflow/dags/example_skip_dag.py
[2021-02-17 03:40:54,928] {scheduler_job.py:629} INFO - Processing file /opt/airflow/dags/example_skip_dag.py for tasks to queue
[2021-02-17 03:40:54,929] {logging_mixin.py:104} INFO - [2021-02-17 03:40:54,929] {dagbag.py:448} INFO - Filling up the DagBag from /opt/airflow/dags/example_skip_dag.py
[2021-02-17 03:40:54,953] {scheduler_job.py:639} INFO - DAG(s) dict_keys(['example_skip_dag']) retrieved from /opt/airflow/dags/example_skip_dag.py
[2021-02-17 03:40:54,995] {logging_mixin.py:104} INFO - [2021-02-17 03:40:54,995] {dag.py:1818} INFO - Sync 1 DAGs
[2021-02-17 03:40:55,027] {logging_mixin.py:104} INFO - [2021-02-17 03:40:55,027] {dag.py:2273} INFO - Setting next_dagrun for example_skip_dag to 2021-02-17 00:00:00+00:00
[2021-02-17 03:40:55,041] {scheduler_job.py:190} INFO - Processing /opt/airflow/dags/example_skip_dag.py took 0.120 seconds
[2021-02-17 03:41:25,354] {scheduler_job.py:182} INFO - Started process (PID=295) to work on /opt/airflow/dags/example_skip_dag.py
[2021-02-17 03:41:25,356] {scheduler_job.py:629} INFO - Processing file /opt/airflow/dags/example_skip_dag.py for tasks to queue
[2021-02-17 03:41:25,357] {logging_mixin.py:104} INFO - [2021-02-17 03:41:25,357] {dagbag.py:448} INFO - Filling up the DagBag from /opt/airflow/dags/example_skip_dag.py
[2021-02-17 03:41:25,384] {scheduler_job.py:639} INFO - DAG(s) dict_keys(['example_skip_dag']) retrieved from /opt/airflow/dags/example_skip_dag.py
[2021-02-17 03:41:25,424] {logging_mixin.py:104} INFO - [2021-02-17 03:41:25,423] {dag.py:1818} INFO - Sync 1 DAGs
[2021-02-17 03:41:25,456] {logging_mixin.py:104} INFO - [2021-02-17 03:41:25,456] {dag.py:2273} INFO - Setting next_dagrun for example_skip_dag to 2021-02-17 00:00:00+00:00
[2021-02-17 03:41:25,494] {scheduler_job.py:190} INFO - Processing /opt/airflow/dags/example_skip_dag.py took 0.147 seconds
[2021-02-17 03:41:56,044] {scheduler_job.py:182} INFO - Started process (PID=315) to work on /opt/airflow/dags/example_skip_dag.py
[2021-02-17 03:41:56,071] {scheduler_job.py:629} INFO - Processing file /opt/airflow/dags/example_skip_dag.py for tasks to queue
[2021-02-17 03:41:56,072] {logging_mixin.py:104} INFO - [2021-02-17 03:41:56,072] {dagbag.py:448} INFO - Filling up the DagBag from /opt/airflow/dags/example_skip_dag.py
[2021-02-17 03:41:56,128] {scheduler_job.py:639} INFO - DAG(s) dict_keys(['example_skip_dag']) retrieved from /opt/airflow/dags/example_skip_dag.py
[2021-02-17 03:41:56,161] {logging_mixin.py:104} INFO - [2021-02-17 03:41:56,160] {dag.py:1818} INFO - Sync 1 DAGs
[2021-02-17 03:41:56,205] {logging_mixin.py:104} INFO - [2021-02-17 03:41:56,205] {dag.py:2273} INFO - Setting next_dagrun for example_skip_dag to 2021-02-17 00:00:00+00:00
[2021-02-17 03:41:56,243] {scheduler_job.py:190} INFO - Processing /opt/airflow/dags/example_skip_dag.py took 0.205 seconds
[2021-02-17 03:42:26,677] {scheduler_job.py:182} INFO - Started process (PID=335) to work on /opt/airflow/dags/example_skip_dag.py
[2021-02-17 03:42:26,679] {scheduler_job.py:629} INFO - Processing file /opt/airflow/dags/example_skip_dag.py for tasks to queue
[2021-02-17 03:42:26,680] {logging_mixin.py:104} INFO - [2021-02-17 03:42:26,679] {dagbag.py:448} INFO - Filling up the DagBag from /opt/airflow/dags/example_skip_dag.py
[2021-02-17 03:42:26,726] {scheduler_job.py:639} INFO - DAG(s) dict_keys(['example_skip_dag']) retrieved from /opt/airflow/dags/example_skip_dag.py
[2021-02-17 03:42:26,818] {logging_mixin.py:104} INFO - [2021-02-17 03:42:26,818] {dag.py:1818} INFO - Sync 1 DAGs
[2021-02-17 03:42:26,855] {logging_mixin.py:104} INFO - [2021-02-17 03:42:26,855] {dag.py:2273} INFO - Setting next_dagrun for example_skip_dag to 2021-02-17 00:00:00+00:00
[2021-02-17 03:42:26,905] {scheduler_job.py:190} INFO - Processing /opt/airflow/dags/example_skip_dag.py took 0.247 seconds
[2021-02-17 03:42:57,562] {scheduler_job.py:182} INFO - Started process (PID=361) to work on /opt/airflow/dags/example_skip_dag.py
[2021-02-17 03:42:57,566] {scheduler_job.py:629} INFO - Processing file /opt/airflow/dags/example_skip_dag.py for tasks to queue
[2021-02-17 03:42:57,567] {logging_mixin.py:104} INFO - [2021-02-17 03:42:57,567] {dagbag.py:448} INFO - Filling up the DagBag from /opt/airflow/dags/example_skip_dag.py
[2021-02-17 03:42:57,611] {scheduler_job.py:639} INFO - DAG(s) dict_keys(['example_skip_dag']) retrieved from /opt/airflow/dags/example_skip_dag.py
[2021-02-17 03:42:57,663] {logging_mixin.py:104} INFO - [2021-02-17 03:42:57,663] {dag.py:1818} INFO - Sync 1 DAGs
[2021-02-17 03:42:57,789] {logging_mixin.py:104} INFO - [2021-02-17 03:42:57,788] {dag.py:2273} INFO - Setting next_dagrun for example_skip_dag to 2021-02-17 00:00:00+00:00
[2021-02-17 03:42:57,942] {scheduler_job.py:190} INFO - Processing /opt/airflow/dags/example_skip_dag.py took 0.386 seconds
[2021-02-17 03:43:28,660] {scheduler_job.py:182} INFO - Started process (PID=381) to work on /opt/airflow/dags/example_skip_dag.py
[2021-02-17 03:43:28,662] {scheduler_job.py:629} INFO - Processing file /opt/airflow/dags/example_skip_dag.py for tasks to queue
[2021-02-17 03:43:28,663] {logging_mixin.py:104} INFO - [2021-02-17 03:43:28,663] {dagbag.py:448} INFO - Filling up the DagBag from /opt/airflow/dags/example_skip_dag.py
[2021-02-17 03:43:28,682] {scheduler_job.py:639} INFO - DAG(s) dict_keys(['example_skip_dag']) retrieved from /opt/airflow/dags/example_skip_dag.py
[2021-02-17 03:43:28,722] {logging_mixin.py:104} INFO - [2021-02-17 03:43:28,722] {dag.py:1818} INFO - Sync 1 DAGs
[2021-02-17 03:43:28,758] {logging_mixin.py:104} INFO - [2021-02-17 03:43:28,757] {dag.py:2273} INFO - Setting next_dagrun for example_skip_dag to 2021-02-17 00:00:00+00:00
[2021-02-17 03:43:28,788] {scheduler_job.py:190} INFO - Processing /opt/airflow/dags/example_skip_dag.py took 0.133 seconds
[2021-02-17 03:43:59,098] {scheduler_job.py:182} INFO - Started process (PID=401) to work on /opt/airflow/dags/example_skip_dag.py
[2021-02-17 03:43:59,099] {scheduler_job.py:629} INFO - Processing file /opt/airflow/dags/example_skip_dag.py for tasks to queue
[2021-02-17 03:43:59,100] {logging_mixin.py:104} INFO - [2021-02-17 03:43:59,100] {dagbag.py:448} INFO - Filling up the DagBag from /opt/airflow/dags/example_skip_dag.py
[2021-02-17 03:43:59,119] {scheduler_job.py:639} INFO - DAG(s) dict_keys(['example_skip_dag']) retrieved from /opt/airflow/dags/example_skip_dag.py
[2021-02-17 03:43:59,154] {logging_mixin.py:104} INFO - [2021-02-17 03:43:59,154] {dag.py:1818} INFO - Sync 1 DAGs
[2021-02-17 03:43:59,180] {logging_mixin.py:104} INFO - [2021-02-17 03:43:59,180] {dag.py:2273} INFO - Setting next_dagrun for example_skip_dag to 2021-02-17 00:00:00+00:00
[2021-02-17 03:43:59,234] {scheduler_job.py:190} INFO - Processing /opt/airflow/dags/example_skip_dag.py took 0.142 seconds
[2021-02-17 03:44:29,562] {scheduler_job.py:182} INFO - Started process (PID=421) to work on /opt/airflow/dags/example_skip_dag.py
[2021-02-17 03:44:29,565] {scheduler_job.py:629} INFO - Processing file /opt/airflow/dags/example_skip_dag.py for tasks to queue
[2021-02-17 03:44:29,566] {logging_mixin.py:104} INFO - [2021-02-17 03:44:29,565] {dagbag.py:448} INFO - Filling up the DagBag from /opt/airflow/dags/example_skip_dag.py
[2021-02-17 03:44:29,584] {scheduler_job.py:639} INFO - DAG(s) dict_keys(['example_skip_dag']) retrieved from /opt/airflow/dags/example_skip_dag.py
[2021-02-17 03:44:29,622] {logging_mixin.py:104} INFO - [2021-02-17 03:44:29,622] {dag.py:1818} INFO - Sync 1 DAGs
[2021-02-17 03:44:29,649] {logging_mixin.py:104} INFO - [2021-02-17 03:44:29,649] {dag.py:2273} INFO - Setting next_dagrun for example_skip_dag to 2021-02-17 00:00:00+00:00
[2021-02-17 03:44:29,683] {scheduler_job.py:190} INFO - Processing /opt/airflow/dags/example_skip_dag.py took 0.126 seconds
[2021-02-17 03:45:00,030] {scheduler_job.py:182} INFO - Started process (PID=441) to work on /opt/airflow/dags/example_skip_dag.py
[2021-02-17 03:45:00,031] {scheduler_job.py:629} INFO - Processing file /opt/airflow/dags/example_skip_dag.py for tasks to queue
[2021-02-17 03:45:00,032] {logging_mixin.py:104} INFO - [2021-02-17 03:45:00,032] {dagbag.py:448} INFO - Filling up the DagBag from /opt/airflow/dags/example_skip_dag.py
[2021-02-17 03:45:00,051] {scheduler_job.py:639} INFO - DAG(s) dict_keys(['example_skip_dag']) retrieved from /opt/airflow/dags/example_skip_dag.py
[2021-02-17 03:45:00,084] {logging_mixin.py:104} INFO - [2021-02-17 03:45:00,084] {dag.py:1818} INFO - Sync 1 DAGs
[2021-02-17 03:45:00,111] {logging_mixin.py:104} INFO - [2021-02-17 03:45:00,111] {dag.py:2273} INFO - Setting next_dagrun for example_skip_dag to 2021-02-17 00:00:00+00:00
[2021-02-17 03:45:00,144] {scheduler_job.py:190} INFO - Processing /opt/airflow/dags/example_skip_dag.py took 0.120 seconds
[2021-02-17 03:45:30,443] {scheduler_job.py:182} INFO - Started process (PID=461) to work on /opt/airflow/dags/example_skip_dag.py
[2021-02-17 03:45:30,445] {scheduler_job.py:629} INFO - Processing file /opt/airflow/dags/example_skip_dag.py for tasks to queue
[2021-02-17 03:45:30,446] {logging_mixin.py:104} INFO - [2021-02-17 03:45:30,446] {dagbag.py:448} INFO - Filling up the DagBag from /opt/airflow/dags/example_skip_dag.py
[2021-02-17 03:45:30,465] {scheduler_job.py:639} INFO - DAG(s) dict_keys(['example_skip_dag']) retrieved from /opt/airflow/dags/example_skip_dag.py
[2021-02-17 03:45:30,503] {logging_mixin.py:104} INFO - [2021-02-17 03:45:30,503] {dag.py:1818} INFO - Sync 1 DAGs
[2021-02-17 03:45:30,530] {logging_mixin.py:104} INFO - [2021-02-17 03:45:30,530] {dag.py:2273} INFO - Setting next_dagrun for example_skip_dag to 2021-02-17 00:00:00+00:00
[2021-02-17 03:45:30,561] {scheduler_job.py:190} INFO - Processing /opt/airflow/dags/example_skip_dag.py took 0.123 seconds
[2021-02-17 03:46:00,867] {scheduler_job.py:182} INFO - Started process (PID=481) to work on /opt/airflow/dags/example_skip_dag.py
[2021-02-17 03:46:00,869] {scheduler_job.py:629} INFO - Processing file /opt/airflow/dags/example_skip_dag.py for tasks to queue
[2021-02-17 03:46:00,871] {logging_mixin.py:104} INFO - [2021-02-17 03:46:00,871] {dagbag.py:448} INFO - Filling up the DagBag from /opt/airflow/dags/example_skip_dag.py
[2021-02-17 03:46:00,889] {scheduler_job.py:639} INFO - DAG(s) dict_keys(['example_skip_dag']) retrieved from /opt/airflow/dags/example_skip_dag.py
[2021-02-17 03:46:00,924] {logging_mixin.py:104} INFO - [2021-02-17 03:46:00,924] {dag.py:1818} INFO - Sync 1 DAGs
[2021-02-17 03:46:00,953] {logging_mixin.py:104} INFO - [2021-02-17 03:46:00,953] {dag.py:2273} INFO - Setting next_dagrun for example_skip_dag to 2021-02-17 00:00:00+00:00
[2021-02-17 03:46:00,988] {scheduler_job.py:190} INFO - Processing /opt/airflow/dags/example_skip_dag.py took 0.126 seconds
[2021-02-17 03:46:31,301] {scheduler_job.py:182} INFO - Started process (PID=501) to work on /opt/airflow/dags/example_skip_dag.py
[2021-02-17 03:46:31,303] {scheduler_job.py:629} INFO - Processing file /opt/airflow/dags/example_skip_dag.py for tasks to queue
[2021-02-17 03:46:31,305] {logging_mixin.py:104} INFO - [2021-02-17 03:46:31,304] {dagbag.py:448} INFO - Filling up the DagBag from /opt/airflow/dags/example_skip_dag.py
[2021-02-17 03:46:31,325] {scheduler_job.py:639} INFO - DAG(s) dict_keys(['example_skip_dag']) retrieved from /opt/airflow/dags/example_skip_dag.py
[2021-02-17 03:46:31,378] {logging_mixin.py:104} INFO - [2021-02-17 03:46:31,377] {dag.py:1818} INFO - Sync 1 DAGs
[2021-02-17 03:46:31,416] {logging_mixin.py:104} INFO - [2021-02-17 03:46:31,416] {dag.py:2273} INFO - Setting next_dagrun for example_skip_dag to 2021-02-17 00:00:00+00:00
[2021-02-17 03:46:31,454] {scheduler_job.py:190} INFO - Processing /opt/airflow/dags/example_skip_dag.py took 0.159 seconds
[2021-02-17 03:47:01,868] {scheduler_job.py:182} INFO - Started process (PID=521) to work on /opt/airflow/dags/example_skip_dag.py
[2021-02-17 03:47:01,870] {scheduler_job.py:629} INFO - Processing file /opt/airflow/dags/example_skip_dag.py for tasks to queue
[2021-02-17 03:47:01,871] {logging_mixin.py:104} INFO - [2021-02-17 03:47:01,870] {dagbag.py:448} INFO - Filling up the DagBag from /opt/airflow/dags/example_skip_dag.py
[2021-02-17 03:47:01,892] {scheduler_job.py:639} INFO - DAG(s) dict_keys(['example_skip_dag']) retrieved from /opt/airflow/dags/example_skip_dag.py
[2021-02-17 03:47:01,932] {logging_mixin.py:104} INFO - [2021-02-17 03:47:01,932] {dag.py:1818} INFO - Sync 1 DAGs
[2021-02-17 03:47:01,958] {logging_mixin.py:104} INFO - [2021-02-17 03:47:01,958] {dag.py:2273} INFO - Setting next_dagrun for example_skip_dag to 2021-02-17 00:00:00+00:00
[2021-02-17 03:47:01,998] {scheduler_job.py:190} INFO - Processing /opt/airflow/dags/example_skip_dag.py took 0.136 seconds
[2021-02-17 03:47:32,299] {scheduler_job.py:182} INFO - Started process (PID=541) to work on /opt/airflow/dags/example_skip_dag.py
[2021-02-17 03:47:32,301] {scheduler_job.py:629} INFO - Processing file /opt/airflow/dags/example_skip_dag.py for tasks to queue
[2021-02-17 03:47:32,302] {logging_mixin.py:104} INFO - [2021-02-17 03:47:32,302] {dagbag.py:448} INFO - Filling up the DagBag from /opt/airflow/dags/example_skip_dag.py
[2021-02-17 03:47:32,321] {scheduler_job.py:639} INFO - DAG(s) dict_keys(['example_skip_dag']) retrieved from /opt/airflow/dags/example_skip_dag.py
[2021-02-17 03:47:32,353] {logging_mixin.py:104} INFO - [2021-02-17 03:47:32,353] {dag.py:1818} INFO - Sync 1 DAGs
[2021-02-17 03:47:32,378] {logging_mixin.py:104} INFO - [2021-02-17 03:47:32,378] {dag.py:2273} INFO - Setting next_dagrun for example_skip_dag to 2021-02-17 00:00:00+00:00
[2021-02-17 03:47:32,404] {scheduler_job.py:190} INFO - Processing /opt/airflow/dags/example_skip_dag.py took 0.111 seconds
[2021-02-17 03:48:02,721] {scheduler_job.py:182} INFO - Started process (PID=561) to work on /opt/airflow/dags/example_skip_dag.py
[2021-02-17 03:48:02,723] {scheduler_job.py:629} INFO - Processing file /opt/airflow/dags/example_skip_dag.py for tasks to queue
[2021-02-17 03:48:02,724] {logging_mixin.py:104} INFO - [2021-02-17 03:48:02,724] {dagbag.py:448} INFO - Filling up the DagBag from /opt/airflow/dags/example_skip_dag.py
[2021-02-17 03:48:02,743] {scheduler_job.py:639} INFO - DAG(s) dict_keys(['example_skip_dag']) retrieved from /opt/airflow/dags/example_skip_dag.py
[2021-02-17 03:48:02,776] {logging_mixin.py:104} INFO - [2021-02-17 03:48:02,776] {dag.py:1818} INFO - Sync 1 DAGs
[2021-02-17 03:48:02,802] {logging_mixin.py:104} INFO - [2021-02-17 03:48:02,801] {dag.py:2273} INFO - Setting next_dagrun for example_skip_dag to 2021-02-17 00:00:00+00:00
[2021-02-17 03:48:02,839] {scheduler_job.py:190} INFO - Processing /opt/airflow/dags/example_skip_dag.py took 0.124 seconds
[2021-02-17 03:48:33,154] {scheduler_job.py:182} INFO - Started process (PID=581) to work on /opt/airflow/dags/example_skip_dag.py
[2021-02-17 03:48:33,155] {scheduler_job.py:629} INFO - Processing file /opt/airflow/dags/example_skip_dag.py for tasks to queue
[2021-02-17 03:48:33,156] {logging_mixin.py:104} INFO - [2021-02-17 03:48:33,156] {dagbag.py:448} INFO - Filling up the DagBag from /opt/airflow/dags/example_skip_dag.py
[2021-02-17 03:48:33,186] {scheduler_job.py:639} INFO - DAG(s) dict_keys(['example_skip_dag']) retrieved from /opt/airflow/dags/example_skip_dag.py
[2021-02-17 03:48:33,251] {logging_mixin.py:104} INFO - [2021-02-17 03:48:33,250] {dag.py:1818} INFO - Sync 1 DAGs
[2021-02-17 03:48:33,276] {logging_mixin.py:104} INFO - [2021-02-17 03:48:33,276] {dag.py:2273} INFO - Setting next_dagrun for example_skip_dag to 2021-02-17 00:00:00+00:00
[2021-02-17 03:48:33,305] {scheduler_job.py:190} INFO - Processing /opt/airflow/dags/example_skip_dag.py took 0.164 seconds
[2021-02-17 03:49:03,956] {scheduler_job.py:182} INFO - Started process (PID=643) to work on /opt/airflow/dags/example_skip_dag.py
[2021-02-17 03:49:03,982] {scheduler_job.py:629} INFO - Processing file /opt/airflow/dags/example_skip_dag.py for tasks to queue
[2021-02-17 03:49:03,983] {logging_mixin.py:104} INFO - [2021-02-17 03:49:03,983] {dagbag.py:448} INFO - Filling up the DagBag from /opt/airflow/dags/example_skip_dag.py
[2021-02-17 03:49:04,077] {scheduler_job.py:639} INFO - DAG(s) dict_keys(['example_skip_dag']) retrieved from /opt/airflow/dags/example_skip_dag.py
[2021-02-17 03:49:04,556] {logging_mixin.py:104} INFO - [2021-02-17 03:49:04,556] {dag.py:1818} INFO - Sync 1 DAGs
[2021-02-17 03:49:04,647] {logging_mixin.py:104} INFO - [2021-02-17 03:49:04,647] {dag.py:2273} INFO - Setting next_dagrun for example_skip_dag to 2021-02-17 00:00:00+00:00
[2021-02-17 03:49:04,816] {scheduler_job.py:190} INFO - Processing /opt/airflow/dags/example_skip_dag.py took 0.866 seconds
[2021-02-17 03:49:35,697] {scheduler_job.py:182} INFO - Started process (PID=666) to work on /opt/airflow/dags/example_skip_dag.py
[2021-02-17 03:49:35,703] {scheduler_job.py:629} INFO - Processing file /opt/airflow/dags/example_skip_dag.py for tasks to queue
[2021-02-17 03:49:35,714] {logging_mixin.py:104} INFO - [2021-02-17 03:49:35,704] {dagbag.py:448} INFO - Filling up the DagBag from /opt/airflow/dags/example_skip_dag.py
[2021-02-17 03:49:35,825] {scheduler_job.py:639} INFO - DAG(s) dict_keys(['example_skip_dag']) retrieved from /opt/airflow/dags/example_skip_dag.py
[2021-02-17 03:49:35,996] {logging_mixin.py:104} INFO - [2021-02-17 03:49:35,996] {dag.py:1818} INFO - Sync 1 DAGs
[2021-02-17 03:49:36,086] {logging_mixin.py:104} INFO - [2021-02-17 03:49:36,085] {dag.py:2273} INFO - Setting next_dagrun for example_skip_dag to 2021-02-17 00:00:00+00:00
[2021-02-17 03:49:36,130] {scheduler_job.py:190} INFO - Processing /opt/airflow/dags/example_skip_dag.py took 0.492 seconds
[2021-02-17 03:50:06,557] {scheduler_job.py:182} INFO - Started process (PID=686) to work on /opt/airflow/dags/example_skip_dag.py
[2021-02-17 03:50:06,559] {scheduler_job.py:629} INFO - Processing file /opt/airflow/dags/example_skip_dag.py for tasks to queue
[2021-02-17 03:50:06,560] {logging_mixin.py:104} INFO - [2021-02-17 03:50:06,560] {dagbag.py:448} INFO - Filling up the DagBag from /opt/airflow/dags/example_skip_dag.py
[2021-02-17 03:50:06,599] {scheduler_job.py:639} INFO - DAG(s) dict_keys(['example_skip_dag']) retrieved from /opt/airflow/dags/example_skip_dag.py
[2021-02-17 03:50:06,673] {logging_mixin.py:104} INFO - [2021-02-17 03:50:06,673] {dag.py:1818} INFO - Sync 1 DAGs
[2021-02-17 03:50:06,733] {logging_mixin.py:104} INFO - [2021-02-17 03:50:06,733] {dag.py:2273} INFO - Setting next_dagrun for example_skip_dag to 2021-02-17 00:00:00+00:00
[2021-02-17 03:50:06,834] {scheduler_job.py:190} INFO - Processing /opt/airflow/dags/example_skip_dag.py took 0.283 seconds
[2021-02-17 03:50:37,434] {scheduler_job.py:182} INFO - Started process (PID=706) to work on /opt/airflow/dags/example_skip_dag.py
[2021-02-17 03:50:37,436] {scheduler_job.py:629} INFO - Processing file /opt/airflow/dags/example_skip_dag.py for tasks to queue
[2021-02-17 03:50:37,437] {logging_mixin.py:104} INFO - [2021-02-17 03:50:37,437] {dagbag.py:448} INFO - Filling up the DagBag from /opt/airflow/dags/example_skip_dag.py
[2021-02-17 03:50:37,482] {scheduler_job.py:639} INFO - DAG(s) dict_keys(['example_skip_dag']) retrieved from /opt/airflow/dags/example_skip_dag.py
[2021-02-17 03:50:37,540] {logging_mixin.py:104} INFO - [2021-02-17 03:50:37,540] {dag.py:1818} INFO - Sync 1 DAGs
[2021-02-17 03:50:37,605] {logging_mixin.py:104} INFO - [2021-02-17 03:50:37,605] {dag.py:2273} INFO - Setting next_dagrun for example_skip_dag to 2021-02-17 00:00:00+00:00
[2021-02-17 03:50:37,670] {scheduler_job.py:190} INFO - Processing /opt/airflow/dags/example_skip_dag.py took 0.246 seconds
[2021-02-17 03:51:08,236] {scheduler_job.py:182} INFO - Started process (PID=726) to work on /opt/airflow/dags/example_skip_dag.py
[2021-02-17 03:51:08,240] {scheduler_job.py:629} INFO - Processing file /opt/airflow/dags/example_skip_dag.py for tasks to queue
[2021-02-17 03:51:08,242] {logging_mixin.py:104} INFO - [2021-02-17 03:51:08,241] {dagbag.py:448} INFO - Filling up the DagBag from /opt/airflow/dags/example_skip_dag.py
[2021-02-17 03:51:08,303] {scheduler_job.py:639} INFO - DAG(s) dict_keys(['example_skip_dag']) retrieved from /opt/airflow/dags/example_skip_dag.py
[2021-02-17 03:51:08,440] {logging_mixin.py:104} INFO - [2021-02-17 03:51:08,440] {dag.py:1818} INFO - Sync 1 DAGs
[2021-02-17 03:51:08,496] {logging_mixin.py:104} INFO - [2021-02-17 03:51:08,496] {dag.py:2273} INFO - Setting next_dagrun for example_skip_dag to 2021-02-17 00:00:00+00:00
[2021-02-17 03:51:08,516] {scheduler_job.py:190} INFO - Processing /opt/airflow/dags/example_skip_dag.py took 0.324 seconds
[2021-02-17 03:51:38,973] {scheduler_job.py:182} INFO - Started process (PID=746) to work on /opt/airflow/dags/example_skip_dag.py
[2021-02-17 03:51:38,975] {scheduler_job.py:629} INFO - Processing file /opt/airflow/dags/example_skip_dag.py for tasks to queue
[2021-02-17 03:51:38,982] {logging_mixin.py:104} INFO - [2021-02-17 03:51:38,981] {dagbag.py:448} INFO - Filling up the DagBag from /opt/airflow/dags/example_skip_dag.py
[2021-02-17 03:51:39,058] {scheduler_job.py:639} INFO - DAG(s) dict_keys(['example_skip_dag']) retrieved from /opt/airflow/dags/example_skip_dag.py
[2021-02-17 03:51:39,169] {logging_mixin.py:104} INFO - [2021-02-17 03:51:39,169] {dag.py:1818} INFO - Sync 1 DAGs
[2021-02-17 03:51:39,282] {logging_mixin.py:104} INFO - [2021-02-17 03:51:39,282] {dag.py:2273} INFO - Setting next_dagrun for example_skip_dag to 2021-02-17 00:00:00+00:00
[2021-02-17 03:51:39,424] {scheduler_job.py:190} INFO - Processing /opt/airflow/dags/example_skip_dag.py took 0.489 seconds
[2021-02-17 03:52:10,236] {scheduler_job.py:182} INFO - Started process (PID=766) to work on /opt/airflow/dags/example_skip_dag.py
[2021-02-17 03:52:10,239] {scheduler_job.py:629} INFO - Processing file /opt/airflow/dags/example_skip_dag.py for tasks to queue
[2021-02-17 03:52:10,240] {logging_mixin.py:104} INFO - [2021-02-17 03:52:10,240] {dagbag.py:448} INFO - Filling up the DagBag from /opt/airflow/dags/example_skip_dag.py
[2021-02-17 03:52:10,297] {scheduler_job.py:639} INFO - DAG(s) dict_keys(['example_skip_dag']) retrieved from /opt/airflow/dags/example_skip_dag.py
[2021-02-17 03:52:10,373] {logging_mixin.py:104} INFO - [2021-02-17 03:52:10,373] {dag.py:1818} INFO - Sync 1 DAGs
[2021-02-17 03:52:10,430] {logging_mixin.py:104} INFO - [2021-02-17 03:52:10,430] {dag.py:2273} INFO - Setting next_dagrun for example_skip_dag to 2021-02-17 00:00:00+00:00
[2021-02-17 03:52:10,478] {scheduler_job.py:190} INFO - Processing /opt/airflow/dags/example_skip_dag.py took 0.248 seconds
[2021-02-17 03:52:41,064] {scheduler_job.py:182} INFO - Started process (PID=786) to work on /opt/airflow/dags/example_skip_dag.py
[2021-02-17 03:52:41,066] {scheduler_job.py:629} INFO - Processing file /opt/airflow/dags/example_skip_dag.py for tasks to queue
[2021-02-17 03:52:41,067] {logging_mixin.py:104} INFO - [2021-02-17 03:52:41,067] {dagbag.py:448} INFO - Filling up the DagBag from /opt/airflow/dags/example_skip_dag.py
[2021-02-17 03:52:41,111] {scheduler_job.py:639} INFO - DAG(s) dict_keys(['example_skip_dag']) retrieved from /opt/airflow/dags/example_skip_dag.py
[2021-02-17 03:52:41,154] {logging_mixin.py:104} INFO - [2021-02-17 03:52:41,153] {dag.py:1818} INFO - Sync 1 DAGs
[2021-02-17 03:52:41,184] {logging_mixin.py:104} INFO - [2021-02-17 03:52:41,184] {dag.py:2273} INFO - Setting next_dagrun for example_skip_dag to 2021-02-17 00:00:00+00:00
[2021-02-17 03:52:41,240] {scheduler_job.py:190} INFO - Processing /opt/airflow/dags/example_skip_dag.py took 0.192 seconds
[2021-02-17 03:53:12,266] {scheduler_job.py:182} INFO - Started process (PID=806) to work on /opt/airflow/dags/example_skip_dag.py
[2021-02-17 03:53:12,289] {scheduler_job.py:629} INFO - Processing file /opt/airflow/dags/example_skip_dag.py for tasks to queue
[2021-02-17 03:53:12,290] {logging_mixin.py:104} INFO - [2021-02-17 03:53:12,290] {dagbag.py:448} INFO - Filling up the DagBag from /opt/airflow/dags/example_skip_dag.py
[2021-02-17 03:53:12,327] {scheduler_job.py:639} INFO - DAG(s) dict_keys(['example_skip_dag']) retrieved from /opt/airflow/dags/example_skip_dag.py
[2021-02-17 03:53:12,420] {logging_mixin.py:104} INFO - [2021-02-17 03:53:12,419] {dag.py:1818} INFO - Sync 1 DAGs
[2021-02-17 03:53:12,472] {logging_mixin.py:104} INFO - [2021-02-17 03:53:12,472] {dag.py:2273} INFO - Setting next_dagrun for example_skip_dag to 2021-02-17 00:00:00+00:00
[2021-02-17 03:53:12,507] {scheduler_job.py:190} INFO - Processing /opt/airflow/dags/example_skip_dag.py took 0.247 seconds
[2021-02-17 03:53:42,911] {scheduler_job.py:182} INFO - Started process (PID=826) to work on /opt/airflow/dags/example_skip_dag.py
[2021-02-17 03:53:42,925] {scheduler_job.py:629} INFO - Processing file /opt/airflow/dags/example_skip_dag.py for tasks to queue
[2021-02-17 03:53:42,927] {logging_mixin.py:104} INFO - [2021-02-17 03:53:42,926] {dagbag.py:448} INFO - Filling up the DagBag from /opt/airflow/dags/example_skip_dag.py
[2021-02-17 03:53:42,960] {scheduler_job.py:639} INFO - DAG(s) dict_keys(['example_skip_dag']) retrieved from /opt/airflow/dags/example_skip_dag.py
[2021-02-17 03:53:43,022] {logging_mixin.py:104} INFO - [2021-02-17 03:53:43,022] {dag.py:1818} INFO - Sync 1 DAGs
[2021-02-17 03:53:43,089] {logging_mixin.py:104} INFO - [2021-02-17 03:53:43,089] {dag.py:2273} INFO - Setting next_dagrun for example_skip_dag to 2021-02-17 00:00:00+00:00
[2021-02-17 03:53:43,114] {scheduler_job.py:190} INFO - Processing /opt/airflow/dags/example_skip_dag.py took 0.210 seconds
[2021-02-17 03:54:13,542] {scheduler_job.py:182} INFO - Started process (PID=846) to work on /opt/airflow/dags/example_skip_dag.py
[2021-02-17 03:54:13,544] {scheduler_job.py:629} INFO - Processing file /opt/airflow/dags/example_skip_dag.py for tasks to queue
[2021-02-17 03:54:13,559] {logging_mixin.py:104} INFO - [2021-02-17 03:54:13,559] {dagbag.py:448} INFO - Filling up the DagBag from /opt/airflow/dags/example_skip_dag.py
[2021-02-17 03:54:13,617] {scheduler_job.py:639} INFO - DAG(s) dict_keys(['example_skip_dag']) retrieved from /opt/airflow/dags/example_skip_dag.py
[2021-02-17 03:54:13,729] {logging_mixin.py:104} INFO - [2021-02-17 03:54:13,729] {dag.py:1818} INFO - Sync 1 DAGs
[2021-02-17 03:54:13,813] {logging_mixin.py:104} INFO - [2021-02-17 03:54:13,813] {dag.py:2273} INFO - Setting next_dagrun for example_skip_dag to 2021-02-17 00:00:00+00:00
[2021-02-17 03:54:13,931] {scheduler_job.py:190} INFO - Processing /opt/airflow/dags/example_skip_dag.py took 0.411 seconds
[2021-02-17 03:54:44,496] {scheduler_job.py:182} INFO - Started process (PID=866) to work on /opt/airflow/dags/example_skip_dag.py
[2021-02-17 03:54:44,502] {scheduler_job.py:629} INFO - Processing file /opt/airflow/dags/example_skip_dag.py for tasks to queue
[2021-02-17 03:54:44,503] {logging_mixin.py:104} INFO - [2021-02-17 03:54:44,503] {dagbag.py:448} INFO - Filling up the DagBag from /opt/airflow/dags/example_skip_dag.py
[2021-02-17 03:54:44,539] {scheduler_job.py:639} INFO - DAG(s) dict_keys(['example_skip_dag']) retrieved from /opt/airflow/dags/example_skip_dag.py
[2021-02-17 03:54:44,573] {logging_mixin.py:104} INFO - [2021-02-17 03:54:44,573] {dag.py:1818} INFO - Sync 1 DAGs
[2021-02-17 03:54:44,602] {logging_mixin.py:104} INFO - [2021-02-17 03:54:44,602] {dag.py:2273} INFO - Setting next_dagrun for example_skip_dag to 2021-02-17 00:00:00+00:00
[2021-02-17 03:54:44,635] {scheduler_job.py:190} INFO - Processing /opt/airflow/dags/example_skip_dag.py took 0.150 seconds
[2021-02-17 03:55:15,114] {scheduler_job.py:182} INFO - Started process (PID=886) to work on /opt/airflow/dags/example_skip_dag.py
[2021-02-17 03:55:15,125] {scheduler_job.py:629} INFO - Processing file /opt/airflow/dags/example_skip_dag.py for tasks to queue
[2021-02-17 03:55:15,126] {logging_mixin.py:104} INFO - [2021-02-17 03:55:15,126] {dagbag.py:448} INFO - Filling up the DagBag from /opt/airflow/dags/example_skip_dag.py
[2021-02-17 03:55:15,176] {scheduler_job.py:639} INFO - DAG(s) dict_keys(['example_skip_dag']) retrieved from /opt/airflow/dags/example_skip_dag.py
[2021-02-17 03:55:15,270] {logging_mixin.py:104} INFO - [2021-02-17 03:55:15,270] {dag.py:1818} INFO - Sync 1 DAGs
[2021-02-17 03:55:15,400] {logging_mixin.py:104} INFO - [2021-02-17 03:55:15,400] {dag.py:2273} INFO - Setting next_dagrun for example_skip_dag to 2021-02-17 00:00:00+00:00
[2021-02-17 03:55:15,454] {scheduler_job.py:190} INFO - Processing /opt/airflow/dags/example_skip_dag.py took 0.346 seconds
[2021-02-17 03:55:45,661] {scheduler_job.py:182} INFO - Started process (PID=906) to work on /opt/airflow/dags/example_skip_dag.py
[2021-02-17 03:55:45,663] {scheduler_job.py:629} INFO - Processing file /opt/airflow/dags/example_skip_dag.py for tasks to queue
[2021-02-17 03:55:45,664] {logging_mixin.py:104} INFO - [2021-02-17 03:55:45,664] {dagbag.py:448} INFO - Filling up the DagBag from /opt/airflow/dags/example_skip_dag.py
[2021-02-17 03:55:45,763] {scheduler_job.py:639} INFO - DAG(s) dict_keys(['example_skip_dag']) retrieved from /opt/airflow/dags/example_skip_dag.py
[2021-02-17 03:55:45,974] {logging_mixin.py:104} INFO - [2021-02-17 03:55:45,974] {dag.py:1818} INFO - Sync 1 DAGs
[2021-02-17 03:55:46,041] {logging_mixin.py:104} INFO - [2021-02-17 03:55:46,041] {dag.py:2273} INFO - Setting next_dagrun for example_skip_dag to 2021-02-17 00:00:00+00:00
[2021-02-17 03:55:46,079] {scheduler_job.py:190} INFO - Processing /opt/airflow/dags/example_skip_dag.py took 0.425 seconds
[2021-02-17 03:56:16,318] {scheduler_job.py:182} INFO - Started process (PID=926) to work on /opt/airflow/dags/example_skip_dag.py
[2021-02-17 03:56:16,320] {scheduler_job.py:629} INFO - Processing file /opt/airflow/dags/example_skip_dag.py for tasks to queue
[2021-02-17 03:56:16,325] {logging_mixin.py:104} INFO - [2021-02-17 03:56:16,320] {dagbag.py:448} INFO - Filling up the DagBag from /opt/airflow/dags/example_skip_dag.py
[2021-02-17 03:56:16,363] {scheduler_job.py:639} INFO - DAG(s) dict_keys(['example_skip_dag']) retrieved from /opt/airflow/dags/example_skip_dag.py
[2021-02-17 03:56:16,424] {logging_mixin.py:104} INFO - [2021-02-17 03:56:16,423] {dag.py:1818} INFO - Sync 1 DAGs
[2021-02-17 03:56:16,477] {logging_mixin.py:104} INFO - [2021-02-17 03:56:16,477] {dag.py:2273} INFO - Setting next_dagrun for example_skip_dag to 2021-02-17 00:00:00+00:00
[2021-02-17 03:56:16,520] {scheduler_job.py:190} INFO - Processing /opt/airflow/dags/example_skip_dag.py took 0.207 seconds
[2021-02-17 03:56:46,855] {scheduler_job.py:182} INFO - Started process (PID=946) to work on /opt/airflow/dags/example_skip_dag.py
[2021-02-17 03:56:46,859] {scheduler_job.py:629} INFO - Processing file /opt/airflow/dags/example_skip_dag.py for tasks to queue
[2021-02-17 03:56:46,860] {logging_mixin.py:104} INFO - [2021-02-17 03:56:46,860] {dagbag.py:448} INFO - Filling up the DagBag from /opt/airflow/dags/example_skip_dag.py
[2021-02-17 03:56:46,900] {scheduler_job.py:639} INFO - DAG(s) dict_keys(['example_skip_dag']) retrieved from /opt/airflow/dags/example_skip_dag.py
[2021-02-17 03:56:46,966] {logging_mixin.py:104} INFO - [2021-02-17 03:56:46,960] {dag.py:1818} INFO - Sync 1 DAGs
[2021-02-17 03:56:47,025] {logging_mixin.py:104} INFO - [2021-02-17 03:56:47,025] {dag.py:2273} INFO - Setting next_dagrun for example_skip_dag to 2021-02-17 00:00:00+00:00
[2021-02-17 03:56:47,059] {scheduler_job.py:190} INFO - Processing /opt/airflow/dags/example_skip_dag.py took 0.209 seconds
[2021-02-17 03:57:17,278] {scheduler_job.py:182} INFO - Started process (PID=966) to work on /opt/airflow/dags/example_skip_dag.py
[2021-02-17 03:57:17,280] {scheduler_job.py:629} INFO - Processing file /opt/airflow/dags/example_skip_dag.py for tasks to queue
[2021-02-17 03:57:17,289] {logging_mixin.py:104} INFO - [2021-02-17 03:57:17,289] {dagbag.py:448} INFO - Filling up the DagBag from /opt/airflow/dags/example_skip_dag.py
[2021-02-17 03:57:17,318] {scheduler_job.py:639} INFO - DAG(s) dict_keys(['example_skip_dag']) retrieved from /opt/airflow/dags/example_skip_dag.py
[2021-02-17 03:57:17,390] {logging_mixin.py:104} INFO - [2021-02-17 03:57:17,389] {dag.py:1818} INFO - Sync 1 DAGs
[2021-02-17 03:57:17,451] {logging_mixin.py:104} INFO - [2021-02-17 03:57:17,451] {dag.py:2273} INFO - Setting next_dagrun for example_skip_dag to 2021-02-17 00:00:00+00:00
[2021-02-17 03:57:17,504] {scheduler_job.py:190} INFO - Processing /opt/airflow/dags/example_skip_dag.py took 0.232 seconds
[2021-02-17 03:57:47,874] {scheduler_job.py:182} INFO - Started process (PID=986) to work on /opt/airflow/dags/example_skip_dag.py
[2021-02-17 03:57:47,876] {scheduler_job.py:629} INFO - Processing file /opt/airflow/dags/example_skip_dag.py for tasks to queue
[2021-02-17 03:57:47,881] {logging_mixin.py:104} INFO - [2021-02-17 03:57:47,881] {dagbag.py:448} INFO - Filling up the DagBag from /opt/airflow/dags/example_skip_dag.py
[2021-02-17 03:57:47,911] {scheduler_job.py:639} INFO - DAG(s) dict_keys(['example_skip_dag']) retrieved from /opt/airflow/dags/example_skip_dag.py
[2021-02-17 03:57:47,961] {logging_mixin.py:104} INFO - [2021-02-17 03:57:47,960] {dag.py:1818} INFO - Sync 1 DAGs
[2021-02-17 03:57:48,007] {logging_mixin.py:104} INFO - [2021-02-17 03:57:48,007] {dag.py:2273} INFO - Setting next_dagrun for example_skip_dag to 2021-02-17 00:00:00+00:00
[2021-02-17 03:57:48,063] {scheduler_job.py:190} INFO - Processing /opt/airflow/dags/example_skip_dag.py took 0.195 seconds
[2021-02-17 03:58:18,444] {scheduler_job.py:182} INFO - Started process (PID=1006) to work on /opt/airflow/dags/example_skip_dag.py
[2021-02-17 03:58:18,446] {scheduler_job.py:629} INFO - Processing file /opt/airflow/dags/example_skip_dag.py for tasks to queue
[2021-02-17 03:58:18,447] {logging_mixin.py:104} INFO - [2021-02-17 03:58:18,447] {dagbag.py:448} INFO - Filling up the DagBag from /opt/airflow/dags/example_skip_dag.py
[2021-02-17 03:58:18,499] {scheduler_job.py:639} INFO - DAG(s) dict_keys(['example_skip_dag']) retrieved from /opt/airflow/dags/example_skip_dag.py
[2021-02-17 03:58:18,565] {logging_mixin.py:104} INFO - [2021-02-17 03:58:18,565] {dag.py:1818} INFO - Sync 1 DAGs
[2021-02-17 03:58:18,641] {logging_mixin.py:104} INFO - [2021-02-17 03:58:18,641] {dag.py:2273} INFO - Setting next_dagrun for example_skip_dag to 2021-02-17 00:00:00+00:00
[2021-02-17 03:58:18,755] {scheduler_job.py:190} INFO - Processing /opt/airflow/dags/example_skip_dag.py took 0.316 seconds
[2021-02-17 03:58:49,042] {scheduler_job.py:182} INFO - Started process (PID=1026) to work on /opt/airflow/dags/example_skip_dag.py
[2021-02-17 03:58:49,044] {scheduler_job.py:629} INFO - Processing file /opt/airflow/dags/example_skip_dag.py for tasks to queue
[2021-02-17 03:58:49,051] {logging_mixin.py:104} INFO - [2021-02-17 03:58:49,051] {dagbag.py:448} INFO - Filling up the DagBag from /opt/airflow/dags/example_skip_dag.py
[2021-02-17 03:58:49,086] {scheduler_job.py:639} INFO - DAG(s) dict_keys(['example_skip_dag']) retrieved from /opt/airflow/dags/example_skip_dag.py
[2021-02-17 03:58:49,153] {logging_mixin.py:104} INFO - [2021-02-17 03:58:49,153] {dag.py:1818} INFO - Sync 1 DAGs
[2021-02-17 03:58:49,206] {logging_mixin.py:104} INFO - [2021-02-17 03:58:49,206] {dag.py:2273} INFO - Setting next_dagrun for example_skip_dag to 2021-02-17 00:00:00+00:00
[2021-02-17 03:58:49,341] {scheduler_job.py:190} INFO - Processing /opt/airflow/dags/example_skip_dag.py took 0.308 seconds
[2021-02-17 03:59:19,761] {scheduler_job.py:182} INFO - Started process (PID=1046) to work on /opt/airflow/dags/example_skip_dag.py
[2021-02-17 03:59:19,765] {scheduler_job.py:629} INFO - Processing file /opt/airflow/dags/example_skip_dag.py for tasks to queue
[2021-02-17 03:59:19,770] {logging_mixin.py:104} INFO - [2021-02-17 03:59:19,769] {dagbag.py:448} INFO - Filling up the DagBag from /opt/airflow/dags/example_skip_dag.py
[2021-02-17 03:59:19,791] {scheduler_job.py:639} INFO - DAG(s) dict_keys(['example_skip_dag']) retrieved from /opt/airflow/dags/example_skip_dag.py
[2021-02-17 03:59:19,830] {logging_mixin.py:104} INFO - [2021-02-17 03:59:19,830] {dag.py:1818} INFO - Sync 1 DAGs
[2021-02-17 03:59:19,860] {logging_mixin.py:104} INFO - [2021-02-17 03:59:19,860] {dag.py:2273} INFO - Setting next_dagrun for example_skip_dag to 2021-02-17 00:00:00+00:00
[2021-02-17 03:59:19,918] {scheduler_job.py:190} INFO - Processing /opt/airflow/dags/example_skip_dag.py took 0.165 seconds
[2021-02-17 03:59:50,310] {scheduler_job.py:182} INFO - Started process (PID=1066) to work on /opt/airflow/dags/example_skip_dag.py
[2021-02-17 03:59:50,631] {scheduler_job.py:629} INFO - Processing file /opt/airflow/dags/example_skip_dag.py for tasks to queue
[2021-02-17 03:59:50,632] {logging_mixin.py:104} INFO - [2021-02-17 03:59:50,632] {dagbag.py:448} INFO - Filling up the DagBag from /opt/airflow/dags/example_skip_dag.py
[2021-02-17 03:59:50,684] {scheduler_job.py:639} INFO - DAG(s) dict_keys(['example_skip_dag']) retrieved from /opt/airflow/dags/example_skip_dag.py
[2021-02-17 03:59:50,734] {logging_mixin.py:104} INFO - [2021-02-17 03:59:50,734] {dag.py:1818} INFO - Sync 1 DAGs
[2021-02-17 03:59:50,838] {logging_mixin.py:104} INFO - [2021-02-17 03:59:50,837] {dag.py:2273} INFO - Setting next_dagrun for example_skip_dag to 2021-02-17 00:00:00+00:00
[2021-02-17 03:59:50,996] {scheduler_job.py:190} INFO - Processing /opt/airflow/dags/example_skip_dag.py took 0.692 seconds
[2021-02-17 04:00:21,909] {scheduler_job.py:182} INFO - Started process (PID=1086) to work on /opt/airflow/dags/example_skip_dag.py
[2021-02-17 04:00:21,950] {scheduler_job.py:629} INFO - Processing file /opt/airflow/dags/example_skip_dag.py for tasks to queue
[2021-02-17 04:00:21,952] {logging_mixin.py:104} INFO - [2021-02-17 04:00:21,952] {dagbag.py:448} INFO - Filling up the DagBag from /opt/airflow/dags/example_skip_dag.py
[2021-02-17 04:00:21,977] {scheduler_job.py:639} INFO - DAG(s) dict_keys(['example_skip_dag']) retrieved from /opt/airflow/dags/example_skip_dag.py
[2021-02-17 04:00:22,087] {logging_mixin.py:104} INFO - [2021-02-17 04:00:22,087] {dag.py:1818} INFO - Sync 1 DAGs
[2021-02-17 04:00:22,131] {logging_mixin.py:104} INFO - [2021-02-17 04:00:22,130] {dag.py:2273} INFO - Setting next_dagrun for example_skip_dag to 2021-02-17 00:00:00+00:00
[2021-02-17 04:00:22,171] {scheduler_job.py:190} INFO - Processing /opt/airflow/dags/example_skip_dag.py took 0.269 seconds
[2021-02-17 04:00:52,624] {scheduler_job.py:182} INFO - Started process (PID=1106) to work on /opt/airflow/dags/example_skip_dag.py
[2021-02-17 04:00:52,695] {scheduler_job.py:629} INFO - Processing file /opt/airflow/dags/example_skip_dag.py for tasks to queue
[2021-02-17 04:00:52,698] {logging_mixin.py:104} INFO - [2021-02-17 04:00:52,698] {dagbag.py:448} INFO - Filling up the DagBag from /opt/airflow/dags/example_skip_dag.py
[2021-02-17 04:00:52,698] {scheduler_job.py:641} WARNING - No viable dags retrieved from /opt/airflow/dags/example_skip_dag.py
[2021-02-17 04:00:52,699] {scheduler_job.py:190} INFO - Processing /opt/airflow/dags/example_skip_dag.py took 0.083 seconds
[2021-02-17 04:01:23,269] {scheduler_job.py:182} INFO - Started process (PID=1126) to work on /opt/airflow/dags/example_skip_dag.py
[2021-02-17 04:01:23,304] {scheduler_job.py:629} INFO - Processing file /opt/airflow/dags/example_skip_dag.py for tasks to queue
[2021-02-17 04:01:23,305] {logging_mixin.py:104} INFO - [2021-02-17 04:01:23,305] {dagbag.py:448} INFO - Filling up the DagBag from /opt/airflow/dags/example_skip_dag.py
[2021-02-17 04:01:23,305] {scheduler_job.py:641} WARNING - No viable dags retrieved from /opt/airflow/dags/example_skip_dag.py
[2021-02-17 04:01:23,306] {scheduler_job.py:190} INFO - Processing /opt/airflow/dags/example_skip_dag.py took 0.200 seconds
[2021-02-17 04:01:53,616] {scheduler_job.py:182} INFO - Started process (PID=1146) to work on /opt/airflow/dags/example_skip_dag.py
[2021-02-17 04:01:53,635] {scheduler_job.py:629} INFO - Processing file /opt/airflow/dags/example_skip_dag.py for tasks to queue
[2021-02-17 04:01:53,642] {logging_mixin.py:104} INFO - [2021-02-17 04:01:53,641] {dagbag.py:448} INFO - Filling up the DagBag from /opt/airflow/dags/example_skip_dag.py
[2021-02-17 04:01:53,642] {scheduler_job.py:641} WARNING - No viable dags retrieved from /opt/airflow/dags/example_skip_dag.py
[2021-02-17 04:01:53,646] {scheduler_job.py:190} INFO - Processing /opt/airflow/dags/example_skip_dag.py took 0.037 seconds
[2021-02-17 04:02:23,957] {scheduler_job.py:182} INFO - Started process (PID=1166) to work on /opt/airflow/dags/example_skip_dag.py
[2021-02-17 04:02:24,014] {scheduler_job.py:629} INFO - Processing file /opt/airflow/dags/example_skip_dag.py for tasks to queue
[2021-02-17 04:02:24,015] {logging_mixin.py:104} INFO - [2021-02-17 04:02:24,015] {dagbag.py:448} INFO - Filling up the DagBag from /opt/airflow/dags/example_skip_dag.py
[2021-02-17 04:02:24,015] {scheduler_job.py:641} WARNING - No viable dags retrieved from /opt/airflow/dags/example_skip_dag.py
[2021-02-17 04:02:24,016] {scheduler_job.py:190} INFO - Processing /opt/airflow/dags/example_skip_dag.py took 0.065 seconds
