[2021-02-17 03:21:20,416] {scheduler_job.py:182} INFO - Started process (PID=154) to work on /opt/airflow/dags/tutorial_etl_dag.py
[2021-02-17 03:21:20,435] {scheduler_job.py:629} INFO - Processing file /opt/airflow/dags/tutorial_etl_dag.py for tasks to queue
[2021-02-17 03:21:20,450] {logging_mixin.py:104} INFO - [2021-02-17 03:21:20,436] {dagbag.py:448} INFO - Filling up the DagBag from /opt/airflow/dags/tutorial_etl_dag.py
[2021-02-17 03:21:20,694] {scheduler_job.py:639} INFO - DAG(s) dict_keys(['tutorial_etl_dag']) retrieved from /opt/airflow/dags/tutorial_etl_dag.py
[2021-02-17 03:21:20,806] {logging_mixin.py:104} INFO - [2021-02-17 03:21:20,806] {dag.py:1818} INFO - Sync 1 DAGs
[2021-02-17 03:21:20,966] {logging_mixin.py:104} INFO - [2021-02-17 03:21:20,966] {dag.py:1837} INFO - Creating ORM DAG for tutorial_etl_dag
[2021-02-17 03:21:21,138] {logging_mixin.py:104} INFO - [2021-02-17 03:21:21,138] {dag.py:2273} INFO - Setting next_dagrun for tutorial_etl_dag to None
[2021-02-17 03:21:21,395] {scheduler_job.py:190} INFO - Processing /opt/airflow/dags/tutorial_etl_dag.py took 0.984 seconds
[2021-02-17 03:21:51,540] {scheduler_job.py:182} INFO - Started process (PID=168) to work on /opt/airflow/dags/tutorial_etl_dag.py
[2021-02-17 03:21:51,550] {scheduler_job.py:629} INFO - Processing file /opt/airflow/dags/tutorial_etl_dag.py for tasks to queue
[2021-02-17 03:21:51,551] {logging_mixin.py:104} INFO - [2021-02-17 03:21:51,551] {dagbag.py:448} INFO - Filling up the DagBag from /opt/airflow/dags/tutorial_etl_dag.py
[2021-02-17 03:21:51,606] {scheduler_job.py:639} INFO - DAG(s) dict_keys(['tutorial_etl_dag']) retrieved from /opt/airflow/dags/tutorial_etl_dag.py
[2021-02-17 03:21:51,691] {logging_mixin.py:104} INFO - [2021-02-17 03:21:51,691] {dag.py:1818} INFO - Sync 1 DAGs
[2021-02-17 03:21:51,786] {logging_mixin.py:104} INFO - [2021-02-17 03:21:51,785] {dag.py:2273} INFO - Setting next_dagrun for tutorial_etl_dag to None
[2021-02-17 03:21:51,833] {scheduler_job.py:190} INFO - Processing /opt/airflow/dags/tutorial_etl_dag.py took 0.300 seconds
[2021-02-17 03:22:22,029] {scheduler_job.py:182} INFO - Started process (PID=175) to work on /opt/airflow/dags/tutorial_etl_dag.py
[2021-02-17 03:22:22,051] {scheduler_job.py:629} INFO - Processing file /opt/airflow/dags/tutorial_etl_dag.py for tasks to queue
[2021-02-17 03:22:22,053] {logging_mixin.py:104} INFO - [2021-02-17 03:22:22,053] {dagbag.py:448} INFO - Filling up the DagBag from /opt/airflow/dags/tutorial_etl_dag.py
[2021-02-17 03:22:22,128] {scheduler_job.py:639} INFO - DAG(s) dict_keys(['tutorial_etl_dag']) retrieved from /opt/airflow/dags/tutorial_etl_dag.py
[2021-02-17 03:22:22,365] {logging_mixin.py:104} INFO - [2021-02-17 03:22:22,365] {dag.py:1818} INFO - Sync 1 DAGs
[2021-02-17 03:22:22,490] {logging_mixin.py:104} INFO - [2021-02-17 03:22:22,490] {dag.py:2273} INFO - Setting next_dagrun for tutorial_etl_dag to None
[2021-02-17 03:22:22,641] {scheduler_job.py:190} INFO - Processing /opt/airflow/dags/tutorial_etl_dag.py took 0.645 seconds
[2021-02-17 03:22:53,019] {scheduler_job.py:182} INFO - Started process (PID=185) to work on /opt/airflow/dags/tutorial_etl_dag.py
[2021-02-17 03:22:53,028] {scheduler_job.py:629} INFO - Processing file /opt/airflow/dags/tutorial_etl_dag.py for tasks to queue
[2021-02-17 03:22:53,035] {logging_mixin.py:104} INFO - [2021-02-17 03:22:53,035] {dagbag.py:448} INFO - Filling up the DagBag from /opt/airflow/dags/tutorial_etl_dag.py
[2021-02-17 03:22:53,104] {scheduler_job.py:639} INFO - DAG(s) dict_keys(['tutorial_etl_dag']) retrieved from /opt/airflow/dags/tutorial_etl_dag.py
[2021-02-17 03:22:53,190] {logging_mixin.py:104} INFO - [2021-02-17 03:22:53,182] {dag.py:1818} INFO - Sync 1 DAGs
[2021-02-17 03:22:53,235] {logging_mixin.py:104} INFO - [2021-02-17 03:22:53,234] {dag.py:2273} INFO - Setting next_dagrun for tutorial_etl_dag to None
[2021-02-17 03:22:53,329] {scheduler_job.py:190} INFO - Processing /opt/airflow/dags/tutorial_etl_dag.py took 0.333 seconds
[2021-02-17 03:23:23,627] {scheduler_job.py:182} INFO - Started process (PID=195) to work on /opt/airflow/dags/tutorial_etl_dag.py
[2021-02-17 03:23:23,629] {scheduler_job.py:629} INFO - Processing file /opt/airflow/dags/tutorial_etl_dag.py for tasks to queue
[2021-02-17 03:23:23,630] {logging_mixin.py:104} INFO - [2021-02-17 03:23:23,630] {dagbag.py:448} INFO - Filling up the DagBag from /opt/airflow/dags/tutorial_etl_dag.py
[2021-02-17 03:23:23,692] {scheduler_job.py:639} INFO - DAG(s) dict_keys(['tutorial_etl_dag']) retrieved from /opt/airflow/dags/tutorial_etl_dag.py
[2021-02-17 03:23:23,767] {logging_mixin.py:104} INFO - [2021-02-17 03:23:23,767] {dag.py:1818} INFO - Sync 1 DAGs
[2021-02-17 03:23:23,817] {logging_mixin.py:104} INFO - [2021-02-17 03:23:23,817] {dag.py:2273} INFO - Setting next_dagrun for tutorial_etl_dag to None
[2021-02-17 03:23:23,896] {scheduler_job.py:190} INFO - Processing /opt/airflow/dags/tutorial_etl_dag.py took 0.274 seconds
[2021-02-17 03:23:54,124] {scheduler_job.py:182} INFO - Started process (PID=211) to work on /opt/airflow/dags/tutorial_etl_dag.py
[2021-02-17 03:23:54,126] {scheduler_job.py:629} INFO - Processing file /opt/airflow/dags/tutorial_etl_dag.py for tasks to queue
[2021-02-17 03:23:54,127] {logging_mixin.py:104} INFO - [2021-02-17 03:23:54,127] {dagbag.py:448} INFO - Filling up the DagBag from /opt/airflow/dags/tutorial_etl_dag.py
[2021-02-17 03:23:54,187] {scheduler_job.py:639} INFO - DAG(s) dict_keys(['tutorial_etl_dag']) retrieved from /opt/airflow/dags/tutorial_etl_dag.py
[2021-02-17 03:23:54,246] {logging_mixin.py:104} INFO - [2021-02-17 03:23:54,246] {dag.py:1818} INFO - Sync 1 DAGs
[2021-02-17 03:23:54,293] {logging_mixin.py:104} INFO - [2021-02-17 03:23:54,293] {dag.py:2273} INFO - Setting next_dagrun for tutorial_etl_dag to None
[2021-02-17 03:23:54,319] {scheduler_job.py:190} INFO - Processing /opt/airflow/dags/tutorial_etl_dag.py took 0.201 seconds
[2021-02-17 03:24:24,533] {scheduler_job.py:182} INFO - Started process (PID=221) to work on /opt/airflow/dags/tutorial_etl_dag.py
[2021-02-17 03:24:24,534] {scheduler_job.py:629} INFO - Processing file /opt/airflow/dags/tutorial_etl_dag.py for tasks to queue
[2021-02-17 03:24:24,535] {logging_mixin.py:104} INFO - [2021-02-17 03:24:24,535] {dagbag.py:448} INFO - Filling up the DagBag from /opt/airflow/dags/tutorial_etl_dag.py
[2021-02-17 03:24:24,591] {scheduler_job.py:639} INFO - DAG(s) dict_keys(['tutorial_etl_dag']) retrieved from /opt/airflow/dags/tutorial_etl_dag.py
[2021-02-17 03:24:24,645] {logging_mixin.py:104} INFO - [2021-02-17 03:24:24,645] {dag.py:1818} INFO - Sync 1 DAGs
[2021-02-17 03:24:24,689] {logging_mixin.py:104} INFO - [2021-02-17 03:24:24,689] {dag.py:2273} INFO - Setting next_dagrun for tutorial_etl_dag to None
[2021-02-17 03:24:24,758] {scheduler_job.py:190} INFO - Processing /opt/airflow/dags/tutorial_etl_dag.py took 0.234 seconds
[2021-02-17 03:24:54,973] {scheduler_job.py:182} INFO - Started process (PID=231) to work on /opt/airflow/dags/tutorial_etl_dag.py
[2021-02-17 03:24:54,975] {scheduler_job.py:629} INFO - Processing file /opt/airflow/dags/tutorial_etl_dag.py for tasks to queue
[2021-02-17 03:24:54,976] {logging_mixin.py:104} INFO - [2021-02-17 03:24:54,976] {dagbag.py:448} INFO - Filling up the DagBag from /opt/airflow/dags/tutorial_etl_dag.py
[2021-02-17 03:24:55,060] {scheduler_job.py:639} INFO - DAG(s) dict_keys(['tutorial_etl_dag']) retrieved from /opt/airflow/dags/tutorial_etl_dag.py
[2021-02-17 03:24:55,128] {logging_mixin.py:104} INFO - [2021-02-17 03:24:55,128] {dag.py:1818} INFO - Sync 1 DAGs
[2021-02-17 03:24:55,213] {logging_mixin.py:104} INFO - [2021-02-17 03:24:55,213] {dag.py:2273} INFO - Setting next_dagrun for tutorial_etl_dag to None
[2021-02-17 03:24:55,234] {scheduler_job.py:190} INFO - Processing /opt/airflow/dags/tutorial_etl_dag.py took 0.267 seconds
[2021-02-17 03:25:25,366] {scheduler_job.py:182} INFO - Started process (PID=241) to work on /opt/airflow/dags/tutorial_etl_dag.py
[2021-02-17 03:25:25,367] {scheduler_job.py:629} INFO - Processing file /opt/airflow/dags/tutorial_etl_dag.py for tasks to queue
[2021-02-17 03:25:25,368] {logging_mixin.py:104} INFO - [2021-02-17 03:25:25,368] {dagbag.py:448} INFO - Filling up the DagBag from /opt/airflow/dags/tutorial_etl_dag.py
[2021-02-17 03:25:25,416] {scheduler_job.py:639} INFO - DAG(s) dict_keys(['tutorial_etl_dag']) retrieved from /opt/airflow/dags/tutorial_etl_dag.py
[2021-02-17 03:25:25,479] {logging_mixin.py:104} INFO - [2021-02-17 03:25:25,479] {dag.py:1818} INFO - Sync 1 DAGs
[2021-02-17 03:25:25,525] {logging_mixin.py:104} INFO - [2021-02-17 03:25:25,525] {dag.py:2273} INFO - Setting next_dagrun for tutorial_etl_dag to None
[2021-02-17 03:25:25,590] {scheduler_job.py:190} INFO - Processing /opt/airflow/dags/tutorial_etl_dag.py took 0.230 seconds
[2021-02-17 03:25:55,799] {scheduler_job.py:182} INFO - Started process (PID=251) to work on /opt/airflow/dags/tutorial_etl_dag.py
[2021-02-17 03:25:55,802] {scheduler_job.py:629} INFO - Processing file /opt/airflow/dags/tutorial_etl_dag.py for tasks to queue
[2021-02-17 03:25:55,803] {logging_mixin.py:104} INFO - [2021-02-17 03:25:55,802] {dagbag.py:448} INFO - Filling up the DagBag from /opt/airflow/dags/tutorial_etl_dag.py
[2021-02-17 03:25:55,859] {scheduler_job.py:639} INFO - DAG(s) dict_keys(['tutorial_etl_dag']) retrieved from /opt/airflow/dags/tutorial_etl_dag.py
[2021-02-17 03:25:55,897] {logging_mixin.py:104} INFO - [2021-02-17 03:25:55,897] {dag.py:1818} INFO - Sync 1 DAGs
[2021-02-17 03:25:55,943] {logging_mixin.py:104} INFO - [2021-02-17 03:25:55,943] {dag.py:2273} INFO - Setting next_dagrun for tutorial_etl_dag to None
[2021-02-17 03:25:56,002] {scheduler_job.py:190} INFO - Processing /opt/airflow/dags/tutorial_etl_dag.py took 0.208 seconds
[2021-02-17 03:26:26,256] {scheduler_job.py:182} INFO - Started process (PID=261) to work on /opt/airflow/dags/tutorial_etl_dag.py
[2021-02-17 03:26:26,258] {scheduler_job.py:629} INFO - Processing file /opt/airflow/dags/tutorial_etl_dag.py for tasks to queue
[2021-02-17 03:26:26,259] {logging_mixin.py:104} INFO - [2021-02-17 03:26:26,259] {dagbag.py:448} INFO - Filling up the DagBag from /opt/airflow/dags/tutorial_etl_dag.py
[2021-02-17 03:26:26,410] {scheduler_job.py:639} INFO - DAG(s) dict_keys(['tutorial_etl_dag']) retrieved from /opt/airflow/dags/tutorial_etl_dag.py
[2021-02-17 03:26:26,543] {logging_mixin.py:104} INFO - [2021-02-17 03:26:26,543] {dag.py:1818} INFO - Sync 1 DAGs
[2021-02-17 03:26:26,632] {logging_mixin.py:104} INFO - [2021-02-17 03:26:26,632] {dag.py:2273} INFO - Setting next_dagrun for tutorial_etl_dag to None
[2021-02-17 03:26:26,708] {scheduler_job.py:190} INFO - Processing /opt/airflow/dags/tutorial_etl_dag.py took 0.468 seconds
[2021-02-17 03:26:56,894] {scheduler_job.py:182} INFO - Started process (PID=271) to work on /opt/airflow/dags/tutorial_etl_dag.py
[2021-02-17 03:26:56,920] {scheduler_job.py:629} INFO - Processing file /opt/airflow/dags/tutorial_etl_dag.py for tasks to queue
[2021-02-17 03:26:56,921] {logging_mixin.py:104} INFO - [2021-02-17 03:26:56,921] {dagbag.py:448} INFO - Filling up the DagBag from /opt/airflow/dags/tutorial_etl_dag.py
[2021-02-17 03:26:56,921] {scheduler_job.py:641} WARNING - No viable dags retrieved from /opt/airflow/dags/tutorial_etl_dag.py
[2021-02-17 03:26:56,922] {scheduler_job.py:190} INFO - Processing /opt/airflow/dags/tutorial_etl_dag.py took 0.034 seconds
[2021-02-17 03:27:27,148] {scheduler_job.py:182} INFO - Started process (PID=281) to work on /opt/airflow/dags/tutorial_etl_dag.py
[2021-02-17 03:27:27,185] {scheduler_job.py:629} INFO - Processing file /opt/airflow/dags/tutorial_etl_dag.py for tasks to queue
[2021-02-17 03:27:27,186] {logging_mixin.py:104} INFO - [2021-02-17 03:27:27,186] {dagbag.py:448} INFO - Filling up the DagBag from /opt/airflow/dags/tutorial_etl_dag.py
[2021-02-17 03:27:27,186] {scheduler_job.py:641} WARNING - No viable dags retrieved from /opt/airflow/dags/tutorial_etl_dag.py
[2021-02-17 03:27:27,187] {scheduler_job.py:190} INFO - Processing /opt/airflow/dags/tutorial_etl_dag.py took 0.044 seconds
