[2021-02-17 03:23:42,741] {taskinstance.py:851} INFO - Dependencies all met for <TaskInstance: tutorial_etl_dag.load 2021-02-17T03:23:09.230964+00:00 [queued]>
[2021-02-17 03:23:42,849] {taskinstance.py:851} INFO - Dependencies all met for <TaskInstance: tutorial_etl_dag.load 2021-02-17T03:23:09.230964+00:00 [queued]>
[2021-02-17 03:23:42,849] {taskinstance.py:1042} INFO - 
--------------------------------------------------------------------------------
[2021-02-17 03:23:42,849] {taskinstance.py:1043} INFO - Starting attempt 1 of 1
[2021-02-17 03:23:42,849] {taskinstance.py:1044} INFO - 
--------------------------------------------------------------------------------
[2021-02-17 03:23:42,927] {taskinstance.py:1063} INFO - Executing <Task(PythonOperator): load> on 2021-02-17T03:23:09.230964+00:00
[2021-02-17 03:23:42,933] {standard_task_runner.py:52} INFO - Started process 210 to run task
[2021-02-17 03:23:42,943] {standard_task_runner.py:76} INFO - Running: ['airflow', 'tasks', 'run', 'tutorial_etl_dag', 'load', '2021-02-17T03:23:09.230964+00:00', '--job-id', '71', '--pool', 'default_pool', '--raw', '--subdir', 'DAGS_FOLDER/tutorial_etl_dag.py', '--cfg-path', '/tmp/tmp1s61sw0q', '--error-file', '/tmp/tmp7swr6u3c']
[2021-02-17 03:23:42,948] {standard_task_runner.py:77} INFO - Job 71: Subtask load
[2021-02-17 03:23:43,069] {logging_mixin.py:104} INFO - Running <TaskInstance: tutorial_etl_dag.load 2021-02-17T03:23:09.230964+00:00 [running]> on host 63b50af6ef7d
[2021-02-17 03:23:43,220] {taskinstance.py:1257} INFO - Exporting the following env vars:
AIRFLOW_CTX_DAG_OWNER=airflow
AIRFLOW_CTX_DAG_ID=tutorial_etl_dag
AIRFLOW_CTX_TASK_ID=load
AIRFLOW_CTX_EXECUTION_DATE=2021-02-17T03:23:09.230964+00:00
AIRFLOW_CTX_DAG_RUN_ID=manual__2021-02-17T03:23:09.230964+00:00
[2021-02-17 03:23:43,248] {logging_mixin.py:104} INFO - {'total_order_value': 1236.7}
[2021-02-17 03:23:43,249] {python.py:118} INFO - Done. Returned value was: None
[2021-02-17 03:23:43,316] {taskinstance.py:1166} INFO - Marking task as SUCCESS. dag_id=tutorial_etl_dag, task_id=load, execution_date=20210217T032309, start_date=20210217T032342, end_date=20210217T032343
[2021-02-17 03:23:43,490] {taskinstance.py:1220} INFO - 0 downstream tasks scheduled from follow-on schedule check
[2021-02-17 03:23:43,539] {local_task_job.py:146} INFO - Task exited with return code 0
