[2021-02-17 04:14:44,811] {taskinstance.py:851} INFO - Dependencies all met for <TaskInstance: tutorial.sleep 2021-02-15T00:00:00+00:00 [queued]>
[2021-02-17 04:14:45,514] {taskinstance.py:851} INFO - Dependencies all met for <TaskInstance: tutorial.sleep 2021-02-15T00:00:00+00:00 [queued]>
[2021-02-17 04:14:45,515] {taskinstance.py:1042} INFO - 
--------------------------------------------------------------------------------
[2021-02-17 04:14:45,515] {taskinstance.py:1043} INFO - Starting attempt 1 of 4
[2021-02-17 04:14:45,515] {taskinstance.py:1044} INFO - 
--------------------------------------------------------------------------------
[2021-02-17 04:14:45,742] {taskinstance.py:1063} INFO - Executing <Task(BashOperator): sleep> on 2021-02-15T00:00:00+00:00
[2021-02-17 04:14:45,778] {standard_task_runner.py:52} INFO - Started process 191 to run task
[2021-02-17 04:14:45,818] {standard_task_runner.py:76} INFO - Running: ['airflow', 'tasks', 'run', 'tutorial', 'sleep', '2021-02-15T00:00:00+00:00', '--job-id', '95', '--pool', 'default_pool', '--raw', '--subdir', 'DAGS_FOLDER/bash_operator.py', '--cfg-path', '/tmp/tmpsom749pp', '--error-file', '/tmp/tmpl6ircu6j']
[2021-02-17 04:14:45,827] {standard_task_runner.py:77} INFO - Job 95: Subtask sleep
[2021-02-17 04:14:46,992] {logging_mixin.py:104} INFO - Running <TaskInstance: tutorial.sleep 2021-02-15T00:00:00+00:00 [running]> on host 63b50af6ef7d
[2021-02-17 04:14:47,924] {taskinstance.py:1257} INFO - Exporting the following env vars:
AIRFLOW_CTX_DAG_EMAIL=airflow@example.com
AIRFLOW_CTX_DAG_OWNER=airflow
AIRFLOW_CTX_DAG_ID=tutorial
AIRFLOW_CTX_TASK_ID=sleep
AIRFLOW_CTX_EXECUTION_DATE=2021-02-15T00:00:00+00:00
AIRFLOW_CTX_DAG_RUN_ID=scheduled__2021-02-15T00:00:00+00:00
[2021-02-17 04:14:48,026] {bash.py:135} INFO - Tmp dir root location: 
 /tmp
[2021-02-17 04:14:48,144] {bash.py:158} INFO - Running command: sleep 5
[2021-02-17 04:14:48,941] {bash.py:169} INFO - Output:
[2021-02-17 04:14:55,374] {bash.py:177} INFO - Command exited with return code 0
[2021-02-17 04:14:56,562] {taskinstance.py:1166} INFO - Marking task as SUCCESS. dag_id=tutorial, task_id=sleep, execution_date=20210215T000000, start_date=20210217T041444, end_date=20210217T041456
[2021-02-17 04:14:56,928] {taskinstance.py:1220} INFO - 0 downstream tasks scheduled from follow-on schedule check
[2021-02-17 04:14:56,941] {local_task_job.py:146} INFO - Task exited with return code 0
