[2021-02-19 07:39:35,908] {taskinstance.py:851} INFO - Dependencies all met for <TaskInstance: tutorial.print_date 2021-02-18T00:00:00+00:00 [queued]>
[2021-02-19 07:39:36,170] {taskinstance.py:851} INFO - Dependencies all met for <TaskInstance: tutorial.print_date 2021-02-18T00:00:00+00:00 [queued]>
[2021-02-19 07:39:36,170] {taskinstance.py:1042} INFO - 
--------------------------------------------------------------------------------
[2021-02-19 07:39:36,171] {taskinstance.py:1043} INFO - Starting attempt 1 of 2
[2021-02-19 07:39:36,171] {taskinstance.py:1044} INFO - 
--------------------------------------------------------------------------------
[2021-02-19 07:39:36,294] {taskinstance.py:1063} INFO - Executing <Task(BashOperator): print_date> on 2021-02-18T00:00:00+00:00
[2021-02-19 07:39:36,302] {standard_task_runner.py:52} INFO - Started process 168 to run task
[2021-02-19 07:39:36,309] {standard_task_runner.py:76} INFO - Running: ['airflow', 'tasks', 'run', 'tutorial', 'print_date', '2021-02-18T00:00:00+00:00', '--job-id', '102', '--pool', 'default_pool', '--raw', '--subdir', 'DAGS_FOLDER/bash_operator.py', '--cfg-path', '/tmp/tmp4chguri4', '--error-file', '/tmp/tmp47pw_b0s']
[2021-02-19 07:39:36,313] {standard_task_runner.py:77} INFO - Job 102: Subtask print_date
[2021-02-19 07:39:36,489] {logging_mixin.py:104} INFO - Running <TaskInstance: tutorial.print_date 2021-02-18T00:00:00+00:00 [running]> on host 63b50af6ef7d
[2021-02-19 07:39:36,791] {taskinstance.py:1257} INFO - Exporting the following env vars:
AIRFLOW_CTX_DAG_EMAIL=airflow@example.com
AIRFLOW_CTX_DAG_OWNER=airflow
AIRFLOW_CTX_DAG_ID=tutorial
AIRFLOW_CTX_TASK_ID=print_date
AIRFLOW_CTX_EXECUTION_DATE=2021-02-18T00:00:00+00:00
AIRFLOW_CTX_DAG_RUN_ID=scheduled__2021-02-18T00:00:00+00:00
[2021-02-19 07:39:36,792] {bash.py:135} INFO - Tmp dir root location: 
 /tmp
[2021-02-19 07:39:36,794] {bash.py:158} INFO - Running command: date
[2021-02-19 07:39:36,822] {bash.py:169} INFO - Output:
[2021-02-19 07:39:37,113] {bash.py:173} INFO - Fri Feb 19 07:39:37 UTC 2021
[2021-02-19 07:39:37,114] {bash.py:177} INFO - Command exited with return code 0
[2021-02-19 07:39:37,337] {taskinstance.py:1166} INFO - Marking task as SUCCESS. dag_id=tutorial, task_id=print_date, execution_date=20210218T000000, start_date=20210219T073935, end_date=20210219T073937
[2021-02-19 07:39:37,549] {taskinstance.py:1220} INFO - 2 downstream tasks scheduled from follow-on schedule check
[2021-02-19 07:39:37,577] {local_task_job.py:146} INFO - Task exited with return code 0
