[2021-02-17 04:14:44,805] {taskinstance.py:851} INFO - Dependencies all met for <TaskInstance: tutorial.templated 2021-02-16T00:00:00+00:00 [queued]>
[2021-02-17 04:14:45,480] {taskinstance.py:851} INFO - Dependencies all met for <TaskInstance: tutorial.templated 2021-02-16T00:00:00+00:00 [queued]>
[2021-02-17 04:14:45,480] {taskinstance.py:1042} INFO - 
--------------------------------------------------------------------------------
[2021-02-17 04:14:45,483] {taskinstance.py:1043} INFO - Starting attempt 1 of 2
[2021-02-17 04:14:45,483] {taskinstance.py:1044} INFO - 
--------------------------------------------------------------------------------
[2021-02-17 04:14:45,737] {taskinstance.py:1063} INFO - Executing <Task(BashOperator): templated> on 2021-02-16T00:00:00+00:00
[2021-02-17 04:14:45,787] {standard_task_runner.py:52} INFO - Started process 193 to run task
[2021-02-17 04:14:45,823] {standard_task_runner.py:76} INFO - Running: ['airflow', 'tasks', 'run', 'tutorial', 'templated', '2021-02-16T00:00:00+00:00', '--job-id', '97', '--pool', 'default_pool', '--raw', '--subdir', 'DAGS_FOLDER/bash_operator.py', '--cfg-path', '/tmp/tmprlyxbp1l', '--error-file', '/tmp/tmpw7339w8l']
[2021-02-17 04:14:45,833] {standard_task_runner.py:77} INFO - Job 97: Subtask templated
[2021-02-17 04:14:46,449] {logging_mixin.py:104} INFO - Running <TaskInstance: tutorial.templated 2021-02-16T00:00:00+00:00 [running]> on host 63b50af6ef7d
[2021-02-17 04:14:48,116] {taskinstance.py:1257} INFO - Exporting the following env vars:
AIRFLOW_CTX_DAG_EMAIL=airflow@example.com
AIRFLOW_CTX_DAG_OWNER=airflow
AIRFLOW_CTX_DAG_ID=tutorial
AIRFLOW_CTX_TASK_ID=templated
AIRFLOW_CTX_EXECUTION_DATE=2021-02-16T00:00:00+00:00
AIRFLOW_CTX_DAG_RUN_ID=scheduled__2021-02-16T00:00:00+00:00
[2021-02-17 04:14:48,117] {bash.py:135} INFO - Tmp dir root location: 
 /tmp
[2021-02-17 04:14:48,146] {bash.py:158} INFO - Running command: 

    echo "2021-02-16"
    echo "2021-02-23"
    echo "Parameter I passed in"

    echo "2021-02-16"
    echo "2021-02-23"
    echo "Parameter I passed in"

    echo "2021-02-16"
    echo "2021-02-23"
    echo "Parameter I passed in"

    echo "2021-02-16"
    echo "2021-02-23"
    echo "Parameter I passed in"

    echo "2021-02-16"
    echo "2021-02-23"
    echo "Parameter I passed in"

[2021-02-17 04:14:48,939] {bash.py:169} INFO - Output:
[2021-02-17 04:14:49,801] {bash.py:173} INFO - 2021-02-16
[2021-02-17 04:14:49,802] {bash.py:173} INFO - 2021-02-23
[2021-02-17 04:14:49,802] {bash.py:173} INFO - Parameter I passed in
[2021-02-17 04:14:49,802] {bash.py:173} INFO - 2021-02-16
[2021-02-17 04:14:49,802] {bash.py:173} INFO - 2021-02-23
[2021-02-17 04:14:49,802] {bash.py:173} INFO - Parameter I passed in
[2021-02-17 04:14:49,802] {bash.py:173} INFO - 2021-02-16
[2021-02-17 04:14:49,802] {bash.py:173} INFO - 2021-02-23
[2021-02-17 04:14:49,802] {bash.py:173} INFO - Parameter I passed in
[2021-02-17 04:14:49,802] {bash.py:173} INFO - 2021-02-16
[2021-02-17 04:14:49,802] {bash.py:173} INFO - 2021-02-23
[2021-02-17 04:14:49,803] {bash.py:173} INFO - Parameter I passed in
[2021-02-17 04:14:49,803] {bash.py:173} INFO - 2021-02-16
[2021-02-17 04:14:49,803] {bash.py:173} INFO - 2021-02-23
[2021-02-17 04:14:49,803] {bash.py:173} INFO - Parameter I passed in
[2021-02-17 04:14:49,803] {bash.py:177} INFO - Command exited with return code 0
[2021-02-17 04:14:50,839] {taskinstance.py:1166} INFO - Marking task as SUCCESS. dag_id=tutorial, task_id=templated, execution_date=20210216T000000, start_date=20210217T041444, end_date=20210217T041450
[2021-02-17 04:14:51,282] {taskinstance.py:1220} INFO - 0 downstream tasks scheduled from follow-on schedule check
[2021-02-17 04:14:51,338] {local_task_job.py:146} INFO - Task exited with return code 0
