[2021-02-17 03:49:05,710] {taskinstance.py:851} INFO - Dependencies all met for <TaskInstance: example_bash_operator.run_after_loop 2021-02-17T03:48:55.872615+00:00 [queued]>
[2021-02-17 03:49:05,772] {taskinstance.py:851} INFO - Dependencies all met for <TaskInstance: example_bash_operator.run_after_loop 2021-02-17T03:48:55.872615+00:00 [queued]>
[2021-02-17 03:49:05,772] {taskinstance.py:1042} INFO - 
--------------------------------------------------------------------------------
[2021-02-17 03:49:05,772] {taskinstance.py:1043} INFO - Starting attempt 1 of 1
[2021-02-17 03:49:05,772] {taskinstance.py:1044} INFO - 
--------------------------------------------------------------------------------
[2021-02-17 03:49:05,838] {taskinstance.py:1063} INFO - Executing <Task(BashOperator): run_after_loop> on 2021-02-17T03:48:55.872615+00:00
[2021-02-17 03:49:05,844] {standard_task_runner.py:52} INFO - Started process 664 to run task
[2021-02-17 03:49:05,855] {standard_task_runner.py:76} INFO - Running: ['airflow', 'tasks', 'run', 'example_bash_operator', 'run_after_loop', '2021-02-17T03:48:55.872615+00:00', '--job-id', '90', '--pool', 'default_pool', '--raw', '--subdir', 'DAGS_FOLDER/example_bash_operator.py', '--cfg-path', '/tmp/tmp1dcnf0e6', '--error-file', '/tmp/tmp40p5rrah']
[2021-02-17 03:49:05,859] {standard_task_runner.py:77} INFO - Job 90: Subtask run_after_loop
[2021-02-17 03:49:05,997] {logging_mixin.py:104} INFO - Running <TaskInstance: example_bash_operator.run_after_loop 2021-02-17T03:48:55.872615+00:00 [running]> on host 63b50af6ef7d
[2021-02-17 03:49:06,163] {taskinstance.py:1257} INFO - Exporting the following env vars:
AIRFLOW_CTX_DAG_OWNER=airflow
AIRFLOW_CTX_DAG_ID=example_bash_operator
AIRFLOW_CTX_TASK_ID=run_after_loop
AIRFLOW_CTX_EXECUTION_DATE=2021-02-17T03:48:55.872615+00:00
AIRFLOW_CTX_DAG_RUN_ID=manual__2021-02-17T03:48:55.872615+00:00
[2021-02-17 03:49:06,164] {bash.py:135} INFO - Tmp dir root location: 
 /tmp
[2021-02-17 03:49:06,165] {bash.py:158} INFO - Running command: echo 1
[2021-02-17 03:49:06,177] {bash.py:169} INFO - Output:
[2021-02-17 03:49:06,179] {bash.py:173} INFO - 1
[2021-02-17 03:49:06,179] {bash.py:177} INFO - Command exited with return code 0
[2021-02-17 03:49:06,467] {taskinstance.py:1166} INFO - Marking task as SUCCESS. dag_id=example_bash_operator, task_id=run_after_loop, execution_date=20210217T034855, start_date=20210217T034905, end_date=20210217T034906
[2021-02-17 03:49:06,904] {taskinstance.py:1220} INFO - 1 downstream tasks scheduled from follow-on schedule check
[2021-02-17 03:49:06,924] {local_task_job.py:146} INFO - Task exited with return code 0
