[2021-02-17 04:14:44,808] {taskinstance.py:851} INFO - Dependencies all met for <TaskInstance: tutorial.templated 2021-02-15T00:00:00+00:00 [queued]>
[2021-02-17 04:14:45,481] {taskinstance.py:851} INFO - Dependencies all met for <TaskInstance: tutorial.templated 2021-02-15T00:00:00+00:00 [queued]>
[2021-02-17 04:14:45,482] {taskinstance.py:1042} INFO - 
--------------------------------------------------------------------------------
[2021-02-17 04:14:45,482] {taskinstance.py:1043} INFO - Starting attempt 1 of 2
[2021-02-17 04:14:45,482] {taskinstance.py:1044} INFO - 
--------------------------------------------------------------------------------
[2021-02-17 04:14:45,734] {taskinstance.py:1063} INFO - Executing <Task(BashOperator): templated> on 2021-02-15T00:00:00+00:00
[2021-02-17 04:14:45,774] {standard_task_runner.py:52} INFO - Started process 190 to run task
[2021-02-17 04:14:45,816] {standard_task_runner.py:76} INFO - Running: ['airflow', 'tasks', 'run', 'tutorial', 'templated', '2021-02-15T00:00:00+00:00', '--job-id', '94', '--pool', 'default_pool', '--raw', '--subdir', 'DAGS_FOLDER/bash_operator.py', '--cfg-path', '/tmp/tmp07ke2wyj', '--error-file', '/tmp/tmpxylacidh']
[2021-02-17 04:14:45,834] {standard_task_runner.py:77} INFO - Job 94: Subtask templated
[2021-02-17 04:14:47,035] {logging_mixin.py:104} INFO - Running <TaskInstance: tutorial.templated 2021-02-15T00:00:00+00:00 [running]> on host 63b50af6ef7d
[2021-02-17 04:14:48,121] {taskinstance.py:1257} INFO - Exporting the following env vars:
AIRFLOW_CTX_DAG_EMAIL=airflow@example.com
AIRFLOW_CTX_DAG_OWNER=airflow
AIRFLOW_CTX_DAG_ID=tutorial
AIRFLOW_CTX_TASK_ID=templated
AIRFLOW_CTX_EXECUTION_DATE=2021-02-15T00:00:00+00:00
AIRFLOW_CTX_DAG_RUN_ID=scheduled__2021-02-15T00:00:00+00:00
[2021-02-17 04:14:48,121] {bash.py:135} INFO - Tmp dir root location: 
 /tmp
[2021-02-17 04:14:48,146] {bash.py:158} INFO - Running command: 

    echo "2021-02-15"
    echo "2021-02-22"
    echo "Parameter I passed in"

    echo "2021-02-15"
    echo "2021-02-22"
    echo "Parameter I passed in"

    echo "2021-02-15"
    echo "2021-02-22"
    echo "Parameter I passed in"

    echo "2021-02-15"
    echo "2021-02-22"
    echo "Parameter I passed in"

    echo "2021-02-15"
    echo "2021-02-22"
    echo "Parameter I passed in"

[2021-02-17 04:14:48,941] {bash.py:169} INFO - Output:
[2021-02-17 04:14:49,794] {bash.py:173} INFO - 2021-02-15
[2021-02-17 04:14:49,794] {bash.py:173} INFO - 2021-02-22
[2021-02-17 04:14:49,794] {bash.py:173} INFO - Parameter I passed in
[2021-02-17 04:14:49,794] {bash.py:173} INFO - 2021-02-15
[2021-02-17 04:14:49,794] {bash.py:173} INFO - 2021-02-22
[2021-02-17 04:14:49,794] {bash.py:173} INFO - Parameter I passed in
[2021-02-17 04:14:49,795] {bash.py:173} INFO - 2021-02-15
[2021-02-17 04:14:49,795] {bash.py:173} INFO - 2021-02-22
[2021-02-17 04:14:49,795] {bash.py:173} INFO - Parameter I passed in
[2021-02-17 04:14:49,795] {bash.py:173} INFO - 2021-02-15
[2021-02-17 04:14:49,795] {bash.py:173} INFO - 2021-02-22
[2021-02-17 04:14:49,795] {bash.py:173} INFO - Parameter I passed in
[2021-02-17 04:14:49,795] {bash.py:173} INFO - 2021-02-15
[2021-02-17 04:14:49,795] {bash.py:173} INFO - 2021-02-22
[2021-02-17 04:14:49,795] {bash.py:173} INFO - Parameter I passed in
[2021-02-17 04:14:49,796] {bash.py:177} INFO - Command exited with return code 0
[2021-02-17 04:14:50,907] {taskinstance.py:1166} INFO - Marking task as SUCCESS. dag_id=tutorial, task_id=templated, execution_date=20210215T000000, start_date=20210217T041444, end_date=20210217T041450
[2021-02-17 04:14:51,184] {taskinstance.py:1220} INFO - 0 downstream tasks scheduled from follow-on schedule check
[2021-02-17 04:14:51,257] {local_task_job.py:146} INFO - Task exited with return code 0
