[2021-02-17 04:15:12,140] {taskinstance.py:851} INFO - Dependencies all met for <TaskInstance: tutorial.templated 2021-02-17T04:14:52.471319+00:00 [queued]>
[2021-02-17 04:15:12,236] {taskinstance.py:851} INFO - Dependencies all met for <TaskInstance: tutorial.templated 2021-02-17T04:14:52.471319+00:00 [queued]>
[2021-02-17 04:15:12,236] {taskinstance.py:1042} INFO - 
--------------------------------------------------------------------------------
[2021-02-17 04:15:12,236] {taskinstance.py:1043} INFO - Starting attempt 1 of 2
[2021-02-17 04:15:12,236] {taskinstance.py:1044} INFO - 
--------------------------------------------------------------------------------
[2021-02-17 04:15:12,343] {taskinstance.py:1063} INFO - Executing <Task(BashOperator): templated> on 2021-02-17T04:14:52.471319+00:00
[2021-02-17 04:15:12,353] {standard_task_runner.py:52} INFO - Started process 209 to run task
[2021-02-17 04:15:12,360] {standard_task_runner.py:76} INFO - Running: ['airflow', 'tasks', 'run', 'tutorial', 'templated', '2021-02-17T04:14:52.471319+00:00', '--job-id', '100', '--pool', 'default_pool', '--raw', '--subdir', 'DAGS_FOLDER/bash_operator.py', '--cfg-path', '/tmp/tmpauzub9f8', '--error-file', '/tmp/tmp708h9syd']
[2021-02-17 04:15:12,377] {standard_task_runner.py:77} INFO - Job 100: Subtask templated
[2021-02-17 04:15:12,518] {logging_mixin.py:104} INFO - Running <TaskInstance: tutorial.templated 2021-02-17T04:14:52.471319+00:00 [running]> on host 63b50af6ef7d
[2021-02-17 04:15:12,826] {taskinstance.py:1257} INFO - Exporting the following env vars:
AIRFLOW_CTX_DAG_EMAIL=airflow@example.com
AIRFLOW_CTX_DAG_OWNER=airflow
AIRFLOW_CTX_DAG_ID=tutorial
AIRFLOW_CTX_TASK_ID=templated
AIRFLOW_CTX_EXECUTION_DATE=2021-02-17T04:14:52.471319+00:00
AIRFLOW_CTX_DAG_RUN_ID=manual__2021-02-17T04:14:52.471319+00:00
[2021-02-17 04:15:12,827] {bash.py:135} INFO - Tmp dir root location: 
 /tmp
[2021-02-17 04:15:12,828] {bash.py:158} INFO - Running command: 

    echo "2021-02-17"
    echo "2021-02-24"
    echo "Parameter I passed in"

    echo "2021-02-17"
    echo "2021-02-24"
    echo "Parameter I passed in"

    echo "2021-02-17"
    echo "2021-02-24"
    echo "Parameter I passed in"

    echo "2021-02-17"
    echo "2021-02-24"
    echo "Parameter I passed in"

    echo "2021-02-17"
    echo "2021-02-24"
    echo "Parameter I passed in"

[2021-02-17 04:15:12,842] {bash.py:169} INFO - Output:
[2021-02-17 04:15:12,844] {bash.py:173} INFO - 2021-02-17
[2021-02-17 04:15:12,844] {bash.py:173} INFO - 2021-02-24
[2021-02-17 04:15:12,845] {bash.py:173} INFO - Parameter I passed in
[2021-02-17 04:15:12,845] {bash.py:173} INFO - 2021-02-17
[2021-02-17 04:15:12,845] {bash.py:173} INFO - 2021-02-24
[2021-02-17 04:15:12,845] {bash.py:173} INFO - Parameter I passed in
[2021-02-17 04:15:12,845] {bash.py:173} INFO - 2021-02-17
[2021-02-17 04:15:12,845] {bash.py:173} INFO - 2021-02-24
[2021-02-17 04:15:12,845] {bash.py:173} INFO - Parameter I passed in
[2021-02-17 04:15:12,845] {bash.py:173} INFO - 2021-02-17
[2021-02-17 04:15:12,845] {bash.py:173} INFO - 2021-02-24
[2021-02-17 04:15:12,846] {bash.py:173} INFO - Parameter I passed in
[2021-02-17 04:15:12,846] {bash.py:173} INFO - 2021-02-17
[2021-02-17 04:15:12,846] {bash.py:173} INFO - 2021-02-24
[2021-02-17 04:15:12,846] {bash.py:173} INFO - Parameter I passed in
[2021-02-17 04:15:12,846] {bash.py:177} INFO - Command exited with return code 0
[2021-02-17 04:15:13,208] {taskinstance.py:1166} INFO - Marking task as SUCCESS. dag_id=tutorial, task_id=templated, execution_date=20210217T041452, start_date=20210217T041512, end_date=20210217T041513
[2021-02-17 04:15:13,375] {taskinstance.py:1220} INFO - 0 downstream tasks scheduled from follow-on schedule check
[2021-02-17 04:15:13,403] {local_task_job.py:146} INFO - Task exited with return code 0
