[2021-02-17 03:48:50,384] {taskinstance.py:851} INFO - Dependencies all met for <TaskInstance: example_bash_operator.runme_0 2021-02-16T00:00:00+00:00 [queued]>
[2021-02-17 03:48:50,482] {taskinstance.py:851} INFO - Dependencies all met for <TaskInstance: example_bash_operator.runme_0 2021-02-16T00:00:00+00:00 [queued]>
[2021-02-17 03:48:50,483] {taskinstance.py:1042} INFO - 
--------------------------------------------------------------------------------
[2021-02-17 03:48:50,483] {taskinstance.py:1043} INFO - Starting attempt 1 of 1
[2021-02-17 03:48:50,483] {taskinstance.py:1044} INFO - 
--------------------------------------------------------------------------------
[2021-02-17 03:48:50,689] {taskinstance.py:1063} INFO - Executing <Task(BashOperator): runme_0> on 2021-02-16T00:00:00+00:00
[2021-02-17 03:48:50,725] {standard_task_runner.py:52} INFO - Started process 610 to run task
[2021-02-17 03:48:50,776] {standard_task_runner.py:76} INFO - Running: ['airflow', 'tasks', 'run', 'example_bash_operator', 'runme_0', '2021-02-16T00:00:00+00:00', '--job-id', '79', '--pool', 'default_pool', '--raw', '--subdir', 'DAGS_FOLDER/example_bash_operator.py', '--cfg-path', '/tmp/tmp1wshghji', '--error-file', '/tmp/tmpesgjxmdw']
[2021-02-17 03:48:50,850] {standard_task_runner.py:77} INFO - Job 79: Subtask runme_0
[2021-02-17 03:48:51,643] {logging_mixin.py:104} INFO - Running <TaskInstance: example_bash_operator.runme_0 2021-02-16T00:00:00+00:00 [running]> on host 63b50af6ef7d
[2021-02-17 03:48:52,313] {taskinstance.py:1257} INFO - Exporting the following env vars:
AIRFLOW_CTX_DAG_OWNER=airflow
AIRFLOW_CTX_DAG_ID=example_bash_operator
AIRFLOW_CTX_TASK_ID=runme_0
AIRFLOW_CTX_EXECUTION_DATE=2021-02-16T00:00:00+00:00
AIRFLOW_CTX_DAG_RUN_ID=scheduled__2021-02-16T00:00:00+00:00
[2021-02-17 03:48:52,329] {bash.py:135} INFO - Tmp dir root location: 
 /tmp
[2021-02-17 03:48:52,364] {bash.py:158} INFO - Running command: echo "example_bash_operator__runme_0__20210216" && sleep 1
[2021-02-17 03:48:52,943] {bash.py:169} INFO - Output:
[2021-02-17 03:48:53,675] {bash.py:173} INFO - example_bash_operator__runme_0__20210216
[2021-02-17 03:48:54,741] {bash.py:177} INFO - Command exited with return code 0
[2021-02-17 03:48:54,967] {taskinstance.py:1166} INFO - Marking task as SUCCESS. dag_id=example_bash_operator, task_id=runme_0, execution_date=20210216T000000, start_date=20210217T034850, end_date=20210217T034854
[2021-02-17 03:48:55,269] {taskinstance.py:1220} INFO - 1 downstream tasks scheduled from follow-on schedule check
[2021-02-17 03:48:55,300] {local_task_job.py:146} INFO - Task exited with return code 0
